[0mGET / [36m302[0m 42.537 ms - 72[0m
[0mGET /users/sign-in [32m200[0m 63.003 ms - 2880[0m
[0mGET /undefined [33m404[0m 8.721 ms - 148[0m
[0mGET /undefined [33m404[0m 2.816 ms - 148[0m
[0mGET /users/sign-in [36m304[0m 15.996 ms - -[0m
[0mGET /undefined [33m404[0m 4.954 ms - 148[0m
[0mGET / [36m302[0m 20.617 ms - 72[0m
[0mGET /users/sign-in [36m304[0m 20.494 ms - -[0m
[0mGET /undefined [33m404[0m 6.973 ms - 148[0m
[0mGET /users/sign-in [36m304[0m 17.030 ms - -[0m
[0mGET /undefined [33m404[0m 5.260 ms - 148[0m
[0mGET /users/sign-in [36m304[0m 13.949 ms - -[0m
[0mGET /undefined [33m404[0m 3.902 ms - 148[0m
[0mGET / [36m302[0m 15.005 ms - 72[0m
[0mGET /users/sign-in [36m304[0m 19.901 ms - -[0m
[0mGET /undefined [33m404[0m 8.764 ms - 148[0m
[0mGET /undefined [33m404[0m 3.248 ms - 148[0m
[0mGET /users/sign-in [36m304[0m 10.891 ms - -[0m
[0mGET /undefined [33m404[0m 6.517 ms - 148[0m
[0mGET /users/sign-in [36m304[0m 12.678 ms - -[0m
[0mGET /undefined [33m404[0m 7.075 ms - 148[0m
[0mGET / [36m302[0m 13.526 ms - 72[0m
[0mGET /users/sign-in [36m304[0m 19.091 ms - -[0m
[0mGET /undefined [33m404[0m 5.188 ms - 148[0m
[0mGET /undefined [33m404[0m 5.634 ms - 148[0m
[0mGET /users/sign-in [36m304[0m 10.784 ms - -[0m
[0mGET /undefined [33m404[0m 4.376 ms - 148[0m
[0mPOST /users/create-session [36m302[0m 61.991 ms - 46[0m
[0mGET / [32m200[0m 166.769 ms - 8827[0m
[0mGET /undefined [33m404[0m 8.752 ms - 148[0m
[0mGET /assets/css/home.css [33m404[0m 131.577 ms - 158[0m
[0mGET / [32m200[0m 50.300 ms - 8527[0m
[0mGET /assets/css/home.css [33m404[0m 16.919 ms - 158[0m
[0mGET /undefined [33m404[0m 40.056 ms - 148[0m
[0mGET / [36m304[0m 47.776 ms - -[0m
[0mGET /undefined [33m404[0m 18.624 ms - 148[0m
[0mGET /assets/css/home.css [33m404[0m 19.524 ms - 158[0m
[0mGET / [36m304[0m 61.377 ms - -[0m
[0mGET /undefined [33m404[0m 17.306 ms - 148[0m
[0mGET /assets/css/home.css [33m404[0m 35.218 ms - 158[0m
[0mGET /undefined [33m404[0m 9.504 ms - 148[0m
[0mGET /assets/css/home.css [33m404[0m 10.225 ms - 158[0m
[0mGET / [36m304[0m 54.357 ms - -[0m
[0mGET /undefined [33m404[0m 9.586 ms - 148[0m
[0mGET /assets/css/home.css [33m404[0m 11.910 ms - 158[0m
[0mGET / [36m304[0m 1442.689 ms - -[0m
[0mGET /undefined [33m404[0m 123.764 ms - 148[0m
[0mGET /assets/css/home.css [33m404[0m 134.114 ms - 158[0m
[0mGET /assets/css/home.css [33m404[0m 15.056 ms - 158[0m
[0mGET /undefined [33m404[0m 16.994 ms - 148[0m
[0mGET /favicon.ico [33m404[0m 9.184 ms - 150[0m
[0mGET / [31m500[0m 77.552 ms - 2529[0m
[0mGET / [32m200[0m 133.958 ms - 8527[0m
[0mGET /undefined [33m404[0m 21.536 ms - 148[0m
[0mGET /assets/css/home.css [33m404[0m 24.672 ms - 158[0m
[0mGET /users/sign-out [36m302[0m 17.351 ms - 72[0m
[0mGET /users/sign-in [32m200[0m 32.633 ms - 3178[0m
[0mGET /undefined [33m404[0m 6.958 ms - 148[0m
[0mGET /users/sign-in [32m200[0m 9.993 ms - 2880[0m
[0mGET /undefined [33m404[0m 3.966 ms - 148[0m
[0mGET /users/sign-in [36m304[0m 11.717 ms - -[0m
[0mGET /undefined [33m404[0m 4.994 ms - 148[0m
[0mGET /users/sign-in [36m304[0m 253.957 ms - -[0m
[0mGET /undefined [33m404[0m 8.787 ms - 148[0m
[0mPOST /users/create-session [36m302[0m 111.994 ms - 46[0m
[0mGET / [32m200[0m 81.610 ms - 8827[0m
[0mGET /undefined [33m404[0m 14.131 ms - 148[0m
[0mGET /assets/css/home.css [33m404[0m 15.779 ms - 158[0m
[0mGET / [32m200[0m 62.541 ms - 8527[0m
[0mGET /undefined [33m404[0m 17.135 ms - 148[0m
[0mGET /assets/css/home.css [33m404[0m 13.884 ms - 158[0m
[0mGET / [36m304[0m 53.843 ms - -[0m
[0mGET /undefined [33m404[0m 12.547 ms - 148[0m
[0mGET /assets/css/home.css [33m404[0m 31.691 ms - 158[0m
[0mGET / [36m304[0m 59.168 ms - -[0m
[0mGET /undefined [33m404[0m 12.018 ms - 148[0m
[0mGET /assets/css/home.css [33m404[0m 42.299 ms - 158[0m
[0mGET / [36m304[0m 100.133 ms - -[0m
[0mGET /undefined [33m404[0m 30.522 ms - 148[0m
[0mGET /assets/css/home.css [33m404[0m 33.002 ms - 158[0m
[0mGET / [36m304[0m 99.819 ms - -[0m
[0mGET /undefined [33m404[0m 25.618 ms - 148[0m
[0mGET /assets/css/home.css [33m404[0m 32.637 ms - 158[0m
[0mGET / [36m304[0m 53.624 ms - -[0m
[0mGET /undefined [33m404[0m 11.786 ms - 148[0m
[0mGET /assets/css/home.css [33m404[0m 33.074 ms - 158[0m
[0mGET /users/sign-out [36m302[0m 22.796 ms - 72[0m
[0mGET /users/sign-in [32m200[0m 11.313 ms - 3178[0m
[0mGET /undefined [33m404[0m 6.251 ms - 148[0m
[0mGET / [36m302[0m 22.078 ms - 72[0m
[0mGET /users/sign-in [32m200[0m 28.282 ms - 2880[0m
[0mGET /undefined [33m404[0m 7.339 ms - 148[0m
[0mGET /undefined [33m404[0m 6.468 ms - 148[0m
[0mGET /favicon.ico [33m404[0m 4.595 ms - 150[0m
[0mGET /users/sign-in [36m304[0m 25.486 ms - -[0m
[0mGET /undefined [33m404[0m 8.918 ms - 148[0m
[0mPOST /users/create-session [36m302[0m 43.878 ms - 46[0m
[0mGET / [32m200[0m 89.036 ms - 8827[0m
[0mGET /undefined [33m404[0m 24.053 ms - 148[0m
[0mGET /assets/css/home.css [33m404[0m 20.980 ms - 158[0m
[0mGET / [32m200[0m 46.460 ms - 8527[0m
[0mGET /undefined [33m404[0m 16.026 ms - 148[0m
[0mGET /assets/css/home.css [33m404[0m 35.872 ms - 158[0m
[0mGET / [36m304[0m 65.401 ms - -[0m
[0mGET /undefined [33m404[0m 14.318 ms - 148[0m
[0mGET /assets/css/home.css [33m404[0m 11.163 ms - 158[0m
[0mGET / [36m304[0m 117.569 ms - -[0m
[0mGET /undefined [33m404[0m 24.020 ms - 148[0m
[0mGET /assets/css/home.css [33m404[0m 48.810 ms - 158[0m
[0mGET / [36m304[0m 134.022 ms - -[0m
[0mGET /undefined [33m404[0m 25.941 ms - 148[0m
[0mGET /assets/css/home.css [33m404[0m 41.077 ms - 158[0m
[0mGET / [36m304[0m 63.232 ms - -[0m
[0mGET /assets/css/home.css [33m404[0m 33.698 ms - 158[0m
[0mGET /undefined [33m404[0m 49.424 ms - 148[0m
[0mGET / [32m200[0m 102.257 ms - 8667[0m
[0mGET /assets/css/home.css [33m404[0m 7.560 ms - 158[0m
[0mGET /css/images/purple.jpg [33m404[0m 6.412 ms - 160[0m
[0mGET / [36m304[0m 52.454 ms - -[0m
[0mGET /assets/css/home.css [33m404[0m 7.608 ms - 158[0m
[0mGET /users/sign-out [36m302[0m 23.461 ms - 72[0m
[0mGET /users/sign-in [32m200[0m 7.737 ms - 3275[0m
[0mGET /users/sign-in [32m200[0m 45.705 ms - 2880[0m
[0mGET /undefined [33m404[0m 9.575 ms - 148[0m
[0mGET /users/sign-in [36m304[0m 24.045 ms - -[0m
[0mGET /undefined [33m404[0m 8.858 ms - 148[0m
[0mGET /users/sign-in [32m200[0m 43.189 ms - 2977[0m
[0mPOST /users/create-session [36m302[0m 44.063 ms - 46[0m
[0mGET / [32m200[0m 82.160 ms - 8967[0m
[0mGET /assets/css/home.css [33m404[0m 17.541 ms - 158[0m
[0mGET /users/sign-out [36m302[0m 50.479 ms - 72[0m
[0mGET /users/sign-in [32m200[0m 20.232 ms - 3178[0m
[0mGET /undefined [33m404[0m 7.135 ms - 148[0m
[0mGET /users/sign-in [32m200[0m 13.671 ms - 2880[0m
[0mGET /undefined [33m404[0m 5.824 ms - 148[0m
[0mPOST /users/create-session [36m302[0m 14.859 ms - 46[0m
[0mGET / [32m200[0m 79.510 ms - 8827[0m
[0mGET /undefined [33m404[0m 21.968 ms - 148[0m
[0mGET /assets/css/home.css [33m404[0m 26.799 ms - 158[0m
[0mGET / [32m200[0m 57.460 ms - 8527[0m
[0mGET /undefined [33m404[0m 23.099 ms - 148[0m
[0mGET /assets/css/home.css [33m404[0m 30.946 ms - 158[0m
[0mGET / [36m304[0m 107.220 ms - -[0m
[0mGET /undefined [33m404[0m 18.878 ms - 148[0m
[0mGET /assets/css/home.css [33m404[0m 43.846 ms - 158[0m
[0mGET / [32m200[0m 144.489 ms - 8667[0m
[0mGET /assets/css/home.css [33m404[0m 37.581 ms - 158[0m
[0mGET /users/sign-out [36m302[0m 45.349 ms - 72[0m
[0mGET /users/sign-in [32m200[0m 18.486 ms - 3178[0m
[0mGET /undefined [33m404[0m 7.087 ms - 148[0m
[0mGET /users/sign-in [32m200[0m 14.910 ms - 2880[0m
[0mGET /undefined [33m404[0m 3.143 ms - 148[0m
[0mGET /users/sign-in [36m304[0m 12.108 ms - -[0m
[0mGET /undefined [33m404[0m 7.099 ms - 148[0m
[0mPOST /users/create-session [36m302[0m 14.781 ms - 46[0m
[0mGET / [32m200[0m 66.673 ms - 8827[0m
[0mGET /undefined [33m404[0m 14.485 ms - 148[0m
[0mGET /assets/css/home.css [33m404[0m 11.617 ms - 158[0m
[0mGET /users/sign-in [36m302[0m 53.519 ms - 46[0m
[0mGET / [32m200[0m 111.659 ms - 8667[0m
[0mGET /assets/css/home.css [33m404[0m 20.199 ms - 158[0m
[0mGET /users/sign-out [36m302[0m 22.112 ms - 72[0m
[0mGET /users/sign-in [32m200[0m 18.097 ms - 3275[0m
[0mGET /users/sign-in [32m200[0m 114.114 ms - 2880[0m
[0mGET /undefined [33m404[0m 6.769 ms - 148[0m
[0mGET /users/sign-in [32m200[0m 36.805 ms - 2977[0m
[0mPOST /users/create-session [36m302[0m 34.377 ms - 46[0m
[0mGET / [32m200[0m 67.395 ms - 8967[0m
[0mGET /assets/css/home.css [33m404[0m 18.244 ms - 158[0m
[0mGET /users/sign-in [36m302[0m 46.272 ms - 46[0m
[0mGET / [32m200[0m 69.652 ms - 8527[0m
[0mGET /undefined [33m404[0m 12.441 ms - 148[0m
[0mGET /assets/css/home.css [33m404[0m 25.384 ms - 158[0m
[0mGET / [32m200[0m 113.493 ms - 8667[0m
[0mGET /assets/css/home.css [33m404[0m 44.122 ms - 158[0m
[0mGET /users/sign-out [36m302[0m 25.769 ms - 72[0m
[0mGET /users/sign-in [32m200[0m 14.674 ms - 3275[0m
[0mGET /users/sign-in [32m200[0m 40.895 ms - 2977[0m
[0mGET /users/sign-in [36m304[0m 12.456 ms - -[0m
[0mGET /users/sign-in [32m200[0m 30.190 ms - 2977[0m
[0mGET /users/sign-in [32m200[0m 24.856 ms - 3078[0m
[0mGET /users/sign-in [36m304[0m 15.882 ms - -[0m
[0mGET /users/sign-in [32m200[0m 33.668 ms - 3078[0m
[0mPOST /users/create-session [36m302[0m 31.846 ms - 46[0m
[0mGET / [32m200[0m 68.546 ms - 8967[0m
[0mGET /assets/css/home.css [33m404[0m 26.163 ms - 158[0m
[0mGET /users/profile/62d6cdd802775264b4d957f2 [32m200[0m 16.112 ms - 2822[0m
[0mGET /assets/css/home.css [33m404[0m 10.844 ms - 158[0m
[0mGET /users/profile/62d6cdd802775264b4d957f2 [36m304[0m 25.233 ms - -[0m
[0mGET /users/sign-in [36m302[0m 48.490 ms - 46[0m
[0mGET / [32m200[0m 112.280 ms - 8667[0m
[0mGET /assets/css/home.css [33m404[0m 26.249 ms - 158[0m
[0mGET /users/sign-out [36m302[0m 22.726 ms - 72[0m
[0mGET /users/sign-in [32m200[0m 13.219 ms - 3376[0m
[0mGET /users/sign-in [32m200[0m 8.048 ms - 3078[0m
[0mGET /users/sign-in [36m304[0m 7.523 ms - -[0m
[0mGET /users/sign-in [36m304[0m 35.059 ms - -[0m
[0mGET /users/sign-in [36m304[0m 15.477 ms - -[0m
[0mGET /users/sign-in [32m200[0m 37.906 ms - 3078[0m
[0mGET /users/sign-in [36m304[0m 14.156 ms - -[0m
[0mGET /users/sign-in [32m200[0m 41.767 ms - 3078[0m
[0mGET /users/sign-out [36m302[0m 25.445 ms - 72[0m
[0mGET /users/sign-in [32m200[0m 8.666 ms - 3376[0m
[0mGET /users/sign-in [32m200[0m 44.221 ms - 3078[0m
[0mGET /users/sign-in [32m200[0m 39.820 ms - 3078[0m
[0mGET /users/sign-in [36m304[0m 16.720 ms - -[0m
[0mGET /users/sign-in [32m200[0m 37.643 ms - 3078[0m
[0mGET /users/sign-in [32m200[0m 36.734 ms - 3078[0m
[0mGET /users/sign-in [32m200[0m 34.511 ms - 3078[0m
[0mGET /users/sign-in [32m200[0m 46.331 ms - 3078[0m
[0mGET /users/sign-in [32m200[0m 25.947 ms - 3078[0m
[0mGET /users/sign-in [32m200[0m 143.456 ms - 3078[0m
[0mGET /users/sign-in [32m200[0m 16.720 ms - 3092[0m
[0mGET /users/sign-in [36m304[0m 8.544 ms - -[0m
[0mGET /users/sign-in [32m200[0m 11.164 ms - 3106[0m
[0mGET /users/sign-in [32m200[0m 11.249 ms - 3122[0m
[0mGET /users/sign-in [32m200[0m 33.219 ms - 3122[0m
[0mGET /users/sign-in [32m200[0m 28.933 ms - 3122[0m
[0mGET /users/sign-in [32m200[0m 23.827 ms - 3122[0m
[0mGET /users/sign-in [32m200[0m 41.978 ms - 3122[0m
[0mGET /users/sign-in [31m500[0m 68.327 ms - 2838[0m
[0mGET /users/sign-out [36m302[0m 31.247 ms - 72[0m
[0mGET /users/sign-in [32m200[0m 28.463 ms - 3323[0m
[0mGET /undefined [33m404[0m 7.398 ms - 148[0m
[0mGET /users/sign-in [32m200[0m 13.712 ms - 3025[0m
[0mGET /undefined [33m404[0m 6.389 ms - 148[0m
[0mGET /users/sign-in [32m200[0m 36.362 ms - 3122[0m
[0mGET /users/sign-in [31m500[0m 80.487 ms - 2838[0m
[0mGET /users/sign-out [36m302[0m 31.555 ms - 72[0m
[0mGET /users/sign-in [32m200[0m 25.278 ms - 3420[0m
[0mGET /users/sign-in [32m200[0m 34.336 ms - 3025[0m
[0mGET /undefined [33m404[0m 9.051 ms - 148[0m
[0mGET /users/sign-in [36m304[0m 184.679 ms - -[0m
[0mGET /undefined [33m404[0m 8.782 ms - 148[0m
[0mGET /undefined [33m404[0m 5.818 ms - 148[0m
[0mGET /users/sign-in [36m304[0m 47.718 ms - -[0m
[0mGET /undefined [33m404[0m 13.350 ms - 148[0m
[0mGET /users/sign-in [36m304[0m 22.081 ms - -[0m
[0mGET /undefined [33m404[0m 5.375 ms - 148[0m
[0mGET /users/sign-in [36m304[0m 12.880 ms - -[0m
[0mGET /undefined [33m404[0m 4.492 ms - 148[0m
[0mGET /users/sign-in [36m304[0m 53.454 ms - -[0m
[0mGET /undefined [33m404[0m 12.867 ms - 148[0m
[0mGET /users/sign-in [36m304[0m 16.858 ms - -[0m
[0mGET /undefined [33m404[0m 5.266 ms - 148[0m
[0mGET /users/sign-in [32m200[0m 41.851 ms - 3122[0m
