[0mGET /users/profile/62d6ce7e02775264b4d957f6 [32m200[0m 31.748 ms - 4144[0m
[0mGET /users/profile/62d6ce7e02775264b4d957f6 [32m200[0m 20.166 ms - 5757[0m
[0mGET /users/profile/62d6ce7e02775264b4d957f6 [36m304[0m 22.347 ms - -[0m
[0mGET /users/profile/62d6ce7e02775264b4d957f6 [32m200[0m 75.731 ms - 5757[0m
[0mGET /users/profile/62d6ce7e02775264b4d957f6 [36m304[0m 25.982 ms - -[0m
[0mGET /users/profile/62d6ce7e02775264b4d957f6 [32m200[0m 51.580 ms - 5757[0m
[0mGET /users/profile/62d6ce7e02775264b4d957f6 [32m200[0m 24.334 ms - 4894[0m
[0mGET /users/profile/62d6ce7e02775264b4d957f6 [32m200[0m 22.350 ms - 4510[0m
[0mGET /users/profile/62d6ce7e02775264b4d957f6 [32m200[0m 73.054 ms - 4510[0m
[0mGET /users/profile/62d6ce7e02775264b4d957f6 [36m304[0m 26.880 ms - -[0m
[0mGET /users/profile/62d6ce7e02775264b4d957f6 [32m200[0m 111.510 ms - 4510[0m
[0mGET /users/profile/62d6ce7e02775264b4d957f6 [32m200[0m 26.455 ms - 4510[0m
[0mGET /users/profile/62d6ce7e02775264b4d957f6 [32m200[0m 29.705 ms - 4507[0m
[0mGET /users/profile/62d6ce7e02775264b4d957f6 [32m200[0m 70.442 ms - 4507[0m
[0mGET /users/profile/62d6ce7e02775264b4d957f6 [32m200[0m 127.571 ms - 4507[0m
[0mGET /users/profile/62d6ce7e02775264b4d957f6 [32m200[0m 77.213 ms - 4507[0m
[0mGET /users/profile/62d6ce7e02775264b4d957f6 [36m304[0m 21.345 ms - -[0m
[0mGET /users/profile/62d6ce7e02775264b4d957f6 [32m200[0m 63.037 ms - 4507[0m
[0mGET /users/profile/62d6ce7e02775264b4d957f6 [32m200[0m 57.989 ms - 4507[0m
[0mGET /users/profile/62d6ce7e02775264b4d957f6 [32m200[0m 61.816 ms - 4507[0m
[0mGET /users/profile/62d6ce7e02775264b4d957f6 [32m200[0m 77.450 ms - 4561[0m
[0mGET /users/profile/62d6ce7e02775264b4d957f6 [32m200[0m 23.069 ms - 4561[0m
[0mGET /users/profile/62d6ce7e02775264b4d957f6 [32m200[0m 86.307 ms - 4561[0m
[0mGET /users/profile/62d6ce7e02775264b4d957f6 [36m304[0m 26.414 ms - -[0m
[0mGET /users/profile/62d6ce7e02775264b4d957f6 [36m304[0m 20.805 ms - -[0m
[0mGET /users/profile/62d6ce7e02775264b4d957f6 [32m200[0m 56.338 ms - 4561[0m
[0mGET /users/profile/62d6ce7e02775264b4d957f6 [32m200[0m 73.485 ms - 4561[0m
[0mGET /users/profile/62d6ce7e02775264b4d957f6 [32m200[0m 58.747 ms - 4561[0m
[0mGET /users/profile/62d6ce7e02775264b4d957f6 [32m200[0m 61.106 ms - 4561[0m
[0mGET /users/profile/62d6ce7e02775264b4d957f6 [32m200[0m 60.267 ms - 4569[0m
[0mGET /users/profile/62d6ce7e02775264b4d957f6 [32m200[0m 62.255 ms - 4599[0m
[0mGET /users/profile/62d6ce7e02775264b4d957f6 [32m200[0m 27.669 ms - 4612[0m
[0mGET /users/profile/62d6ce7e02775264b4d957f6 [36m304[0m 17.744 ms - -[0m
[0mGET /users/profile/62d6ce7e02775264b4d957f6 [32m200[0m 146.987 ms - 4561[0m
[0mGET /users/profile/62d6ce7e02775264b4d957f6 [32m200[0m 54.200 ms - 4561[0m
[0mGET / [36m302[0m 19.358 ms - 72[0m
[0mGET /users/sign-in [32m200[0m 556.258 ms - 4056[0m
[0mPOST /users/create-session [0m-[0m - ms - -[0m
[0mPOST /users/create-session [31m500[0m 10020.773 ms - 516[0m
[0mPOST /users/create-session [36m302[0m 164.535 ms - 46[0m
[0mGET / [32m200[0m 580.812 ms - 23127[0m
[0mGET /assets/css/home.css [33m404[0m 7.334 ms - 158[0m
[0mGET / [32m200[0m 225.847 ms - 22899[0m
[0mGET /assets/css/home.css [33m404[0m 9.019 ms - 158[0m
[0mGET / [32m200[0m 244.119 ms - 22899[0m
[0mGET /assets/css/home.css [33m404[0m 16.192 ms - 158[0m
[0mGET / [32m200[0m 148.832 ms - 22899[0m
[0mGET /assets/css/home.css [33m404[0m 33.162 ms - 158[0m
[0mGET / [32m200[0m 121.306 ms - 22899[0m
[0mGET /assets/css/home.css [33m404[0m 27.421 ms - 158[0m
[0mGET / [32m200[0m 203.907 ms - 22899[0m
[0mGET /assets/css/home.css [33m404[0m 23.112 ms - 158[0m
[0mGET / [32m200[0m 136.618 ms - 22899[0m
[0mGET /assets/css/home.css [33m404[0m 27.131 ms - 158[0m
[0mPOST /comments/create [32m200[0m 34.322 ms - 330[0m
[0mGET / [32m200[0m 101.496 ms - 23424[0m
[0mGET /assets/css/home.css [33m404[0m 10.546 ms - 158[0m
[0mPOST /comments/create [32m200[0m 66.272 ms - 330[0m
[0mGET / [32m200[0m 101.029 ms - 23949[0m
[0mGET /assets/css/home.css [33m404[0m 20.378 ms - 158[0m
[0mPOST /likes/toggle/?id=62e143bed479494a2cd7383c&type=Comment [32m200[0m 267.585 ms - 57[0m
[0mGET / [32m200[0m 150.082 ms - 23949[0m
[0mGET /assets/css/home.css [33m404[0m 40.978 ms - 158[0m
[0mGET / [36m304[0m 93.999 ms - -[0m
[0mGET /assets/css/home.css [33m404[0m 17.016 ms - 158[0m
[0mGET / [36m304[0m 87.118 ms - -[0m
[0mGET /assets/css/home.css [33m404[0m 15.699 ms - 158[0m
[0mGET / [32m200[0m 159.582 ms - 24184[0m
[0mGET /assets/css/home.css [33m404[0m 25.973 ms - 158[0m
[0mGET / [36m304[0m 99.426 ms - -[0m
[0mGET /assets/css/home.css [33m404[0m 13.968 ms - 158[0m
[0mGET / [36m304[0m 85.736 ms - -[0m
[0mGET /assets/css/home.css [33m404[0m 16.881 ms - 158[0m
[0mPOST /comments/create [32m200[0m 37.696 ms - 329[0m
[0mGET / [32m200[0m 136.629 ms - 24708[0m
[0mGET /assets/css/home.css [33m404[0m 17.221 ms - 158[0m
[0mGET / [32m200[0m 204.125 ms - 24899[0m
[0mGET /assets/css/home.css [33m404[0m 31.681 ms - 158[0m
[0mGET / [36m304[0m 91.018 ms - -[0m
[0mGET /assets/css/home.css [33m404[0m 24.163 ms - 158[0m
[0mGET / [36m304[0m 94.238 ms - -[0m
[0mGET /assets/css/home.css [33m404[0m 28.308 ms - 158[0m
[0mGET / [32m200[0m 185.266 ms - 24898[0m
[0mGET /assets/css/home.css [33m404[0m 21.438 ms - 158[0m
[0mGET / [36m304[0m 119.947 ms - -[0m
[0mGET /assets/css/home.css [33m404[0m 45.061 ms - 158[0m
[0mPOST /comments/create [32m200[0m 36.501 ms - 332[0m
[0mGET /comments/destroy/62e1481aebdf8d5e14bdd9c6 [32m200[0m 9.399 ms - 75[0m
[0mPOST /comments/create [32m200[0m 18.630 ms - 332[0m
[0mGET / [32m200[0m 101.039 ms - 25465[0m
[0mGET /assets/css/home.css [33m404[0m 17.954 ms - 158[0m
[0mPOST /comments/create [32m200[0m 15.155 ms - 329[0m
[0mGET / [32m200[0m 93.087 ms - 26029[0m
[0mGET /assets/css/home.css [33m404[0m 13.356 ms - 158[0m
[0mGET / [32m200[0m 193.285 ms - 27415[0m
[0mGET /assets/css/home.css [33m404[0m 11.567 ms - 158[0m
[0mPOST /comments/create [32m200[0m 16.176 ms - 329[0m
[0mGET / [32m200[0m 106.037 ms - 28210[0m
[0mGET /assets/css/home.css [33m404[0m 15.968 ms - 158[0m
[0mGET / [32m200[0m 86.859 ms - 28378[0m
[0mGET /assets/css/home.css [33m404[0m 13.121 ms - 158[0m
[0mGET / [32m200[0m 103.419 ms - 28210[0m
[0mGET /assets/css/home.css [33m404[0m 19.544 ms - 158[0m
[0mGET / [32m200[0m 187.542 ms - 28917[0m
[0mGET /assets/css/home.css [33m404[0m 51.423 ms - 158[0m
[0mGET / [36m304[0m 91.720 ms - -[0m
[0mGET /assets/css/home.css [33m404[0m 31.425 ms - 158[0m
[0mGET / [32m200[0m 113.214 ms - 28945[0m
[0mGET /assets/css/home.css [33m404[0m 26.090 ms - 158[0m
[0mGET / [36m304[0m 119.737 ms - -[0m
[0mGET /assets/css/home.css [33m404[0m 9.669 ms - 158[0m
[0mGET / [32m200[0m 188.603 ms - 28966[0m
[0mGET /assets/css/home.css [33m404[0m 18.584 ms - 158[0m
[0mGET / [36m304[0m 104.006 ms - -[0m
[0mGET /assets/css/home.css [33m404[0m 38.967 ms - 158[0m
[0mGET / [32m200[0m 197.253 ms - 29092[0m
[0mGET /assets/css/home.css [33m404[0m 33.668 ms - 158[0m
[0mGET / [36m304[0m 124.540 ms - -[0m
[0mGET /assets/css/home.css [33m404[0m 29.139 ms - 158[0m
[0mGET / [36m304[0m 101.735 ms - -[0m
[0mGET /assets/css/home.css [33m404[0m 14.719 ms - 158[0m
[0mGET / [32m200[0m 143.184 ms - 29092[0m
[0mGET /assets/css/home.css [33m404[0m 39.018 ms - 158[0m
[0mGET / [32m200[0m 182.790 ms - 29092[0m
[0mGET /assets/css/home.css [33m404[0m 26.500 ms - 158[0m
[0mGET / [36m304[0m 140.065 ms - -[0m
[0mGET /assets/css/home.css [33m404[0m 19.418 ms - 158[0m
[0mGET /assets/css/home.css [33m404[0m 24.773 ms - 158[0m
[0mGET / [36m302[0m 11.664 ms - 72[0m
[0mGET /users/sign-in [36m304[0m 44.767 ms - -[0m
[0mPOST /users/create-session [36m302[0m 11.685 ms - 46[0m
[0mGET / [32m200[0m 117.130 ms - 29684[0m
[0mGET /assets/css/home.css [33m404[0m 9.565 ms - 158[0m
[0mGET / [32m200[0m 158.121 ms - 29456[0m
[0mGET /assets/css/home.css [33m404[0m 37.753 ms - 158[0m
[0mGET / [32m200[0m 163.385 ms - 29456[0m
[0mGET /assets/css/home.css [33m404[0m 45.814 ms - 158[0m
[0mGET / [32m200[0m 191.539 ms - 29456[0m
[0mGET /assets/css/home.css [33m404[0m 50.044 ms - 158[0m
[0mGET / [32m200[0m 205.631 ms - 29456[0m
[0mGET /assets/css/home.css [33m404[0m 29.735 ms - 158[0m
[0mGET / [32m200[0m 235.774 ms - 29533[0m
[0mGET /assets/css/home.css [33m404[0m 26.501 ms - 158[0m
[0mGET / [32m200[0m 207.675 ms - 29533[0m
[0mGET /assets/css/home.css [33m404[0m 37.823 ms - 158[0m
[0mGET / [32m200[0m 150.262 ms - 29533[0m
[0mGET /assets/css/home.css [33m404[0m 44.074 ms - 158[0m
[0mGET / [32m200[0m 210.638 ms - 29533[0m
[0mGET /assets/css/home.css [33m404[0m 56.415 ms - 158[0m
[0mGET / [32m200[0m 152.554 ms - 29533[0m
[0mGET /assets/css/home.css [33m404[0m 27.529 ms - 158[0m
[0mGET / [32m200[0m 216.344 ms - 29533[0m
[0mGET /assets/css/home.css [33m404[0m 37.219 ms - 158[0m
[0mGET /comments/destroy/62e0208fb63c7b0efcb19f0c [32m200[0m 14.659 ms - 75[0m
[0mGET /comments/destroy/62e143bed479494a2cd7383c [32m200[0m 12.819 ms - 75[0m
[0mGET /comments/destroy/62e14559966f122fcc2e09c6 [32m200[0m 8.707 ms - 75[0m
[0mGET /comments/destroy/62e1465a3020945b582aaa06 [32m200[0m 9.209 ms - 75[0m
[0mGET /comments/destroy/62e14923ebdf8d5e14bdd9fa [32m200[0m 16.499 ms - 75[0m
[0mPOST /comments/create [32m200[0m 32.141 ms - 353[0m
[0mGET / [32m200[0m 93.472 ms - 25616[0m
[0mGET /assets/css/home.css [33m404[0m 15.912 ms - 158[0m
[0mGET / [32m200[0m 133.363 ms - 25616[0m
[0mGET /assets/css/home.css [33m404[0m 41.640 ms - 158[0m
[0mGET / [32m200[0m 184.369 ms - 25616[0m
[0mGET /assets/css/home.css [33m404[0m 36.006 ms - 158[0m
[0mPOST /comments/create [32m200[0m 38.234 ms - 369[0m
[0mGET / [32m200[0m 106.585 ms - 26640[0m
[0mGET /assets/css/home.css [33m404[0m 34.139 ms - 158[0m
[0mGET /comments/destroy/62e165e5e44a9854e8ef1d08 [32m200[0m 10.136 ms - 75[0m
[0mPOST /comments/create [32m200[0m 15.170 ms - 361[0m
[0mGET / [32m200[0m 102.535 ms - 26632[0m
[0mGET /assets/css/home.css [33m404[0m 21.996 ms - 158[0m
[0mGET /comments/destroy/62e1484febdf8d5e14bdd9e0 [32m200[0m 9.415 ms - 75[0m
[0mGET / [32m200[0m 204.983 ms - 25648[0m
[0mGET /assets/css/home.css [33m404[0m 23.036 ms - 158[0m
[0mGET / [32m200[0m 145.838 ms - 25648[0m
[0mGET /assets/css/home.css [33m404[0m 30.799 ms - 158[0m
[0mGET / [36m304[0m 81.629 ms - -[0m
[0mGET /assets/css/home.css [33m404[0m 16.776 ms - 158[0m
[0mGET / [32m200[0m 216.832 ms - 25648[0m
[0mGET /assets/css/home.css [33m404[0m 36.990 ms - 158[0m
[0mGET / [32m200[0m 103.204 ms - 25789[0m
[0mGET /assets/css/home.css [33m404[0m 33.399 ms - 158[0m
[0mGET / [36m304[0m 94.815 ms - -[0m
[0mGET /assets/css/home.css [33m404[0m 24.694 ms - 158[0m
[0mGET / [32m200[0m 152.534 ms - 25789[0m
[0mGET /assets/css/home.css [33m404[0m 30.212 ms - 158[0m
[0mGET / [32m200[0m 143.830 ms - 25789[0m
[0mGET /assets/css/home.css [33m404[0m 22.058 ms - 158[0m
[0mGET / [32m200[0m 211.581 ms - 25789[0m
[0mGET /assets/css/home.css [33m404[0m 32.380 ms - 158[0m
[0mGET / [32m200[0m 134.754 ms - 25789[0m
[0mGET /assets/css/home.css [33m404[0m 18.361 ms - 158[0m
[0mGET / [32m200[0m 215.469 ms - 25789[0m
[0mGET /assets/css/home.css [33m404[0m 20.402 ms - 158[0m
[0mGET / [32m200[0m 143.391 ms - 25789[0m
[0mGET /assets/css/home.css [33m404[0m 19.352 ms - 158[0m
[0mGET / [32m200[0m 194.146 ms - 25789[0m
[0mGET /assets/css/home.css [33m404[0m 34.371 ms - 158[0m
[0mGET / [32m200[0m 184.090 ms - 25789[0m
[0mGET /assets/css/home.css [33m404[0m 25.488 ms - 158[0m
[0mGET / [32m200[0m 185.215 ms - 25789[0m
[0mGET /assets/css/home.css [33m404[0m 26.348 ms - 158[0m
[0mGET / [32m200[0m 187.752 ms - 25789[0m
[0mGET /assets/css/home.css [33m404[0m 34.350 ms - 158[0m
[0mGET / [36m304[0m 81.652 ms - -[0m
[0mGET /assets/css/home.css [33m404[0m 15.837 ms - 158[0m
[0mGET / [32m200[0m 189.832 ms - 25789[0m
[0mGET /assets/css/home.css [33m404[0m 30.340 ms - 158[0m
[0mGET / [32m200[0m 184.385 ms - 25789[0m
[0mGET /assets/css/home.css [33m404[0m 60.676 ms - 158[0m
[0mGET / [32m200[0m 187.855 ms - 25789[0m
[0mGET /assets/css/home.css [33m404[0m 73.814 ms - 158[0m
[0mGET / [32m200[0m 181.614 ms - 25789[0m
[0mGET /assets/css/home.css [33m404[0m 68.838 ms - 158[0m
[0mGET / [32m200[0m 182.609 ms - 25789[0m
[0mGET /assets/css/home.css [33m404[0m 53.662 ms - 158[0m
[0mGET / [32m200[0m 225.222 ms - 25789[0m
[0mGET /assets/css/home.css [33m404[0m 34.659 ms - 158[0m
[0mGET / [32m200[0m 178.547 ms - 25789[0m
[0mGET /assets/css/home.css [33m404[0m 48.602 ms - 158[0m
[0mGET / [32m200[0m 183.055 ms - 25789[0m
[0mGET /assets/css/home.css [33m404[0m 24.551 ms - 158[0m
[0mGET / [32m200[0m 207.187 ms - 25789[0m
[0mGET /assets/css/home.css [33m404[0m 47.650 ms - 158[0m
[0mGET / [32m200[0m 185.272 ms - 25789[0m
[0mGET /assets/css/home.css [33m404[0m 42.555 ms - 158[0m
[0mGET / [32m200[0m 188.737 ms - 25789[0m
[0mGET /assets/css/home.css [33m404[0m 46.071 ms - 158[0m
[0mGET / [32m200[0m 144.193 ms - 25789[0m
[0mGET /assets/css/home.css [33m404[0m 36.869 ms - 158[0m
[0mGET / [32m200[0m 127.860 ms - 25789[0m
[0mGET /assets/css/home.css [33m404[0m 37.032 ms - 158[0m
[0mGET / [36m304[0m 125.444 ms - -[0m
[0mGET /assets/css/home.css [33m404[0m 37.023 ms - 158[0m
[0mGET / [32m200[0m 143.809 ms - 25789[0m
[0mGET /assets/css/home.css [33m404[0m 50.520 ms - 158[0m
[0mGET / [32m200[0m 194.843 ms - 25789[0m
[0mGET /assets/css/home.css [33m404[0m 23.534 ms - 158[0m
[0mGET / [32m200[0m 214.936 ms - 25553[0m
[0mGET /undefined [33m404[0m 39.651 ms - 148[0m
[0mGET /assets/css/home.css [33m404[0m 42.488 ms - 158[0m
[0mPOST /users/create-session [36m302[0m 51.042 ms - 46[0m
[0mGET / [32m200[0m 100.270 ms - 25781[0m
[0mGET /undefined [33m404[0m 10.965 ms - 148[0m
[0mGET /assets/css/home.css [33m404[0m 25.386 ms - 158[0m
[0mGET / [32m200[0m 174.010 ms - 25789[0m
[0mGET /assets/css/home.css [33m404[0m 42.827 ms - 158[0m
[0mGET / [32m200[0m 151.214 ms - 25789[0m
[0mGET /assets/css/home.css [33m404[0m 18.810 ms - 158[0m
[0mGET / [32m200[0m 157.764 ms - 25789[0m
[0mGET /assets/css/home.css [33m404[0m 34.988 ms - 158[0m
[0mGET / [32m200[0m 189.466 ms - 25789[0m
[0mGET /assets/css/home.css [33m404[0m 33.178 ms - 158[0m
[0mGET / [32m200[0m 149.334 ms - 25789[0m
[0mGET /assets/css/home.css [33m404[0m 17.237 ms - 158[0m
[0mGET / [32m200[0m 131.720 ms - 25789[0m
[0mGET /assets/css/home.css [33m404[0m 36.755 ms - 158[0m
[0mGET / [32m200[0m 143.560 ms - 25789[0m
[0mGET /assets/css/home.css [33m404[0m 39.944 ms - 158[0m
[0mGET / [32m200[0m 139.154 ms - 25789[0m
[0mGET /assets/css/home.css [33m404[0m 31.284 ms - 158[0m
[0mGET / [32m200[0m 176.154 ms - 25789[0m
[0mGET /assets/css/home.css [33m404[0m 41.183 ms - 158[0m
[0mGET / [32m200[0m 211.990 ms - 25789[0m
[0mGET /assets/css/home.css [33m404[0m 18.972 ms - 158[0m
[0mGET / [32m200[0m 197.115 ms - 25789[0m
[0mGET /assets/css/home.css [33m404[0m 49.930 ms - 158[0m
[0mGET / [32m200[0m 91.717 ms - 25803[0m
[0mGET /assets/css/home.css [33m404[0m 12.488 ms - 158[0m
[0mGET / [32m200[0m 148.476 ms - 25789[0m
[0mGET /assets/css/home.css [33m404[0m 30.634 ms - 158[0m
[0mGET / [36m304[0m 112.199 ms - -[0m
[0mGET /assets/css/home.css [33m404[0m 17.884 ms - 158[0m
[0mGET / [32m200[0m 203.522 ms - 25789[0m
[0mGET /assets/css/home.css [33m404[0m 31.676 ms - 158[0m
[0mGET / [32m200[0m 188.189 ms - 25789[0m
[0mGET /assets/css/home.css [33m404[0m 48.505 ms - 158[0m
[0mGET / [36m304[0m 101.272 ms - -[0m
[0mGET /assets/css/home.css [33m404[0m 15.329 ms - 158[0m
[0mGET / [32m200[0m 158.565 ms - 25789[0m
[0mGET /assets/css/home.css [33m404[0m 22.406 ms - 158[0m
[0mGET / [32m200[0m 188.117 ms - 25789[0m
[0mGET /assets/css/home.css [33m404[0m 41.345 ms - 158[0m
[0mGET / [32m200[0m 261.143 ms - 25789[0m
[0mGET /assets/css/home.css [33m404[0m 21.181 ms - 158[0m
[0mGET / [32m200[0m 136.608 ms - 25789[0m
[0mGET /assets/css/home.css [33m404[0m 45.197 ms - 158[0m
[0mGET / [36m304[0m 103.275 ms - -[0m
[0mGET /assets/css/home.css [33m404[0m 25.080 ms - 158[0m
[0mGET / [32m200[0m 176.940 ms - 25789[0m
[0mGET /assets/css/home.css [33m404[0m 41.078 ms - 158[0m
[0mGET / [36m304[0m 83.550 ms - -[0m
[0mGET /assets/css/home.css [33m404[0m 32.898 ms - 158[0m
[0mGET / [36m304[0m 183.289 ms - -[0m
[0mGET /assets/css/home.css [33m404[0m 43.464 ms - 158[0m
[0mGET / [36m304[0m 77.954 ms - -[0m
[0mGET /assets/css/home.css [33m404[0m 37.355 ms - 158[0m
[0mGET / [32m200[0m 184.232 ms - 25789[0m
[0mGET /assets/css/home.css [33m404[0m 39.211 ms - 158[0m
[0mGET / [32m200[0m 135.180 ms - 25789[0m
[0mGET /assets/css/home.css [33m404[0m 27.533 ms - 158[0m
[0mGET / [32m200[0m 151.002 ms - 25789[0m
[0mGET /assets/css/home.css [33m404[0m 29.238 ms - 158[0m
[0mGET / [32m200[0m 148.075 ms - 25789[0m
[0mGET /assets/css/home.css [33m404[0m 29.602 ms - 158[0m
[0mGET / [32m200[0m 207.628 ms - 25789[0m
[0mGET /assets/css/home.css [33m404[0m 19.596 ms - 158[0m
[0mGET / [32m200[0m 211.006 ms - 25789[0m
[0mGET /assets/css/home.css [33m404[0m 30.544 ms - 158[0m
[0mGET / [32m200[0m 148.011 ms - 25789[0m
[0mGET /assets/css/home.css [33m404[0m 33.651 ms - 158[0m
[0mGET / [32m200[0m 176.005 ms - 25789[0m
[0mGET /assets/css/home.css [33m404[0m 49.366 ms - 158[0m
[0mGET / [32m200[0m 132.531 ms - 25789[0m
[0mGET /assets/css/home.css [33m404[0m 31.861 ms - 158[0m
[0mGET /users/profile/62dc466d7357145ed81a894a [32m200[0m 36.208 ms - 4150[0m
[0mGET /users/profile/62dc466d7357145ed81a894a [32m200[0m 63.748 ms - 4150[0m
[0mGET /users/profile/62dc466d7357145ed81a894a [32m200[0m 67.308 ms - 4150[0m
[0mGET /users/profile/62dc466d7357145ed81a894a [36m304[0m 24.613 ms - -[0m
[0mGET /users/profile/62dc466d7357145ed81a894a [32m200[0m 56.579 ms - 4150[0m
[0mGET /users/profile/62dc466d7357145ed81a894a [32m200[0m 61.670 ms - 4150[0m
[0mGET /users/profile/62dc466d7357145ed81a894a [32m200[0m 59.761 ms - 4150[0m
[0mGET /users/profile/62dc466d7357145ed81a894a [32m200[0m 52.205 ms - 4150[0m
[0mGET /users/profile/62dc466d7357145ed81a894a [36m304[0m 25.650 ms - -[0m
[0mGET /users/profile/62dc466d7357145ed81a894a [36m304[0m 17.712 ms - -[0m
[0mGET /users/profile/62dc466d7357145ed81a894a [36m304[0m 53.319 ms - -[0m
[0mGET /users/profile/62dc466d7357145ed81a894a [36m304[0m 23.461 ms - -[0m
[0mGET /users/profile/62dc466d7357145ed81a894a [36m304[0m 15.645 ms - -[0m
[0mGET /users/profile/62dc466d7357145ed81a894a [36m304[0m 17.570 ms - -[0m
[0mGET /users/profile/62dc466d7357145ed81a894a [36m304[0m 22.555 ms - -[0m
[0mGET /users/profile/62dc466d7357145ed81a894a [36m304[0m 15.004 ms - -[0m
[0mGET /users/profile/62d6ce7e02775264b4d957f6 [32m200[0m 15.166 ms - 4689[0m
[0mGET /users/profile/62d6ce7e02775264b4d957f6 [32m200[0m 49.057 ms - 4704[0m
[0mGET /users/profile/62d6ce7e02775264b4d957f6 [32m200[0m 24.938 ms - 4720[0m
[0mGET /users/profile/62d6ce7e02775264b4d957f6 [36m304[0m 20.817 ms - -[0m
[0mGET /users/profile/62d6ce7e02775264b4d957f6 [36m304[0m 19.730 ms - -[0m
[0mGET /users/profile/62d6ce7e02775264b4d957f6 [36m304[0m 19.149 ms - -[0m
[0mGET /users/profile/62d6ce7e02775264b4d957f6 [32m200[0m 60.310 ms - 4721[0m
[0mGET /users/profile/62d6ce7e02775264b4d957f6 [32m200[0m 24.917 ms - 4720[0m
[0mGET /users/profile/62d6ce7e02775264b4d957f6 [36m304[0m 16.859 ms - -[0m
[0mGET /users/profile/62d6ce7e02775264b4d957f6 [36m304[0m 23.533 ms - -[0m
[0mGET /users/profile/62d6ce7e02775264b4d957f6 [36m304[0m 76.278 ms - -[0m
[0mGET /users/profile/62d6ce7e02775264b4d957f6 [36m304[0m 28.199 ms - -[0m
[0mGET /users/profile/62d6ce7e02775264b4d957f6 [32m200[0m 22.811 ms - 4721[0m
[0mGET /users/profile/62d6ce7e02775264b4d957f6 [32m200[0m 19.298 ms - 4738[0m
[0mGET /users/profile/62d6ce7e02775264b4d957f6 [32m200[0m 51.003 ms - 4738[0m
[0mGET /users/profile/62d6ce7e02775264b4d957f6 [36m304[0m 25.507 ms - -[0m
[0mGET /users/profile/62d6ce7e02775264b4d957f6 [32m200[0m 78.663 ms - 4738[0m
[0mGET /users/profile/62d6ce7e02775264b4d957f6 [36m304[0m 26.898 ms - -[0m
[0mGET /users/profile/62d6ce7e02775264b4d957f6 [32m200[0m 79.657 ms - 4738[0m
[0mGET /users/profile/62d6ce7e02775264b4d957f6 [32m200[0m 61.208 ms - 4738[0m
[0mGET /users/profile/62d6ce7e02775264b4d957f6 [36m304[0m 23.874 ms - -[0m
[0mGET /users/profile/62d6ce7e02775264b4d957f6 [32m200[0m 65.034 ms - 4738[0m
[0mGET /users/profile/62d6ce7e02775264b4d957f6 [36m304[0m 19.174 ms - -[0m
[0mGET /users/profile/62d6ce7e02775264b4d957f6 [36m304[0m 18.620 ms - -[0m
[0mGET /users/profile/62d6ce7e02775264b4d957f6 [36m304[0m 29.748 ms - -[0m
[0mGET / [36m304[0m 112.380 ms - -[0m
[0mGET /assets/css/home.css [33m404[0m 19.499 ms - 158[0m
[0mGET /users/profile/62dc466d7357145ed81a894a [32m200[0m 27.674 ms - 4165[0m
[0mGET /users/profile/62dc466d7357145ed81a894a [36m304[0m 21.943 ms - -[0m
[0mGET /users/profile/62d6ce7e02775264b4d957f6 [36m304[0m 33.393 ms - -[0m
[0mGET /users/profile/62d6ce7e02775264b4d957f6 [32m200[0m 66.917 ms - 4738[0m
[0mGET /users/profile/62d6ce7e02775264b4d957f6 [36m304[0m 24.011 ms - -[0m
[0mGET /users/profile/62d6ce7e02775264b4d957f6 [32m200[0m 62.150 ms - 4738[0m
[0mGET /users/profile/62d6ce7e02775264b4d957f6 [32m200[0m 68.976 ms - 4738[0m
[0mGET /users/profile/62d6ce7e02775264b4d957f6 [32m200[0m 75.465 ms - 4738[0m
[0mGET /users/profile/62d6ce7e02775264b4d957f6 [32m200[0m 50.100 ms - 4738[0m
[0mGET /users/profile/62d6ce7e02775264b4d957f6 [32m200[0m 66.123 ms - 4738[0m
[0mGET /users/profile/62d6ce7e02775264b4d957f6 [32m200[0m 66.380 ms - 4811[0m
[0mGET /users/profile/62d6ce7e02775264b4d957f6 [32m200[0m 114.568 ms - 4811[0m
[0mGET /users/profile/62d6ce7e02775264b4d957f6 [32m200[0m 49.846 ms - 4828[0m
[0mGET /users/profile/62d6ce7e02775264b4d957f6 [32m200[0m 63.916 ms - 4828[0m
[0mGET /users/profile/62d6ce7e02775264b4d957f6 [32m200[0m 24.103 ms - 4888[0m
[0mGET /users/profile/62d6ce7e02775264b4d957f6 [32m200[0m 50.218 ms - 4888[0m
[0mGET /users/profile/62d6ce7e02775264b4d957f6 [36m304[0m 17.891 ms - -[0m
[0mGET /users/profile/62d6ce7e02775264b4d957f6 [32m200[0m 22.470 ms - 4905[0m
[0mGET /users/profile/62d6ce7e02775264b4d957f6 [32m200[0m 24.420 ms - 4940[0m
[0mGET /users/profile/62d6ce7e02775264b4d957f6 [36m304[0m 19.944 ms - -[0m
[0mGET /users/profile/62d6ce7e02775264b4d957f6 [36m304[0m 24.993 ms - -[0m
[0mGET /users/profile/62d6ce7e02775264b4d957f6 [32m200[0m 15.635 ms - 4940[0m
[0mGET /users/profile/62d6ce7e02775264b4d957f6 [36m304[0m 16.904 ms - -[0m
[0mGET /users/profile/62d6ce7e02775264b4d957f6 [32m200[0m 20.754 ms - 4960[0m
[0mGET /users/profile/62d6ce7e02775264b4d957f6 [32m200[0m 19.671 ms - 4968[0m
[0mGET /users/profile/62d6ce7e02775264b4d957f6 [36m304[0m 15.856 ms - -[0m
[0mGET /users/profile/62d6ce7e02775264b4d957f6 [32m200[0m 69.891 ms - 4989[0m
[0mGET /users/profile/62dc462c7357145ed81a8946 [32m200[0m 50.735 ms - 4174[0m
[0mGET /users/profile/62d6ce7e02775264b4d957f6 [32m200[0m 20.972 ms - 4989[0m
[0mGET /users/profile/62d6ce7e02775264b4d957f6 [32m200[0m 65.696 ms - 4989[0m
[0mGET /users/profile/62d6ce7e02775264b4d957f6 [32m200[0m 71.053 ms - 4989[0m
[0mGET /users/profile/62d6ce7e02775264b4d957f6 [36m304[0m 26.299 ms - -[0m
[0mGET /users/profile/62d6ce7e02775264b4d957f6 [32m200[0m 50.758 ms - 4989[0m
[0mGET /users/profile/62d6ce7e02775264b4d957f6 [36m304[0m 24.910 ms - -[0m
[0mGET /users/profile/62d6ce7e02775264b4d957f6 [32m200[0m 67.321 ms - 4989[0m
[0mGET /users/profile/62d6ce7e02775264b4d957f6 [32m200[0m 69.135 ms - 4989[0m
[0mGET /users/profile/62d6ce7e02775264b4d957f6 [36m304[0m 26.848 ms - -[0m
[0mGET /users/profile/62d6ce7e02775264b4d957f6 [32m200[0m 73.247 ms - 4989[0m
[0mGET /users/profile/62d6ce7e02775264b4d957f6 [32m200[0m 60.784 ms - 4989[0m
[0mGET /users/profile/62d6ce7e02775264b4d957f6 [32m200[0m 55.719 ms - 4989[0m
[0mGET /users/profile/62d6ce7e02775264b4d957f6 [32m200[0m 24.505 ms - 5006[0m
[0mGET /users/sign-out [36m302[0m 17.972 ms - 72[0m
[0mGET /users/sign-in [32m200[0m 34.432 ms - 4282[0m
[0mGET /users/forget-password [32m200[0m 7.703 ms - 3019[0m
[0mGET /css/signup.css [33m404[0m 3.416 ms - 153[0m
[0mGET /users/forget-password [32m200[0m 15.361 ms - 3020[0m
[0mGET /css/signup.css [33m404[0m 6.085 ms - 153[0m
[0mGET /css/signup.css [33m404[0m 2.747 ms - 153[0m
[0mGET /users/forget-password [32m200[0m 10.849 ms - 3021[0m
[0mGET /css/signup.css [33m404[0m 5.681 ms - 153[0m
[0mGET /users/forget-password [32m200[0m 41.787 ms - 3085[0m
[0mGET /css/signup.css [33m404[0m 11.288 ms - 153[0m
[0mGET /users/forget-password [32m200[0m 92.907 ms - 3085[0m
[0mGET /css/signup.css [33m404[0m 21.378 ms - 153[0m
[0mPOST /users/create-session [36m302[0m 54.671 ms - 46[0m
[0mGET / [32m200[0m 176.142 ms - 26017[0m
[0mGET /assets/css/home.css [33m404[0m 21.307 ms - 158[0m
[0mGET /users/profile/62d9021e78d05364741d4502 [32m200[0m 27.811 ms - 4548[0m
[0mGET /users/profile/62dc466d7357145ed81a894a [32m200[0m 15.024 ms - 4551[0m
[0mGET /users/profile/62dc49bc17d6474eb8444838 [32m200[0m 26.558 ms - 4500[0m
[0mGET /users/profile/62dc462c7357145ed81a8946 [32m200[0m 27.813 ms - 4573[0m
[0mGET /users/profile/62dc462c7357145ed81a8946 [32m200[0m 75.124 ms - 4573[0m
[0mGET /users/profile/62dc462c7357145ed81a8946 [32m200[0m 86.384 ms - 4573[0m
[0mGET /users/profile/62dc462c7357145ed81a8946 [36m304[0m 24.630 ms - -[0m
[0mGET /users/profile/62dc462c7357145ed81a8946 [32m200[0m 75.032 ms - 4573[0m
[0mGET /users/profile/62dc462c7357145ed81a8946 [36m304[0m 29.189 ms - -[0m
[0mGET /users/profile/62dc462c7357145ed81a8946 [32m200[0m 63.193 ms - 4573[0m
[0mGET /users/profile/62dc462c7357145ed81a8946 [32m200[0m 66.799 ms - 4573[0m
[0mGET /users/profile/62dc462c7357145ed81a8946 [32m200[0m 64.879 ms - 4573[0m
[0mGET /users/profile/62dc462c7357145ed81a8946 [32m200[0m 107.500 ms - 4573[0m
[0mGET /users/profile/62dc462c7357145ed81a8946 [32m200[0m 80.144 ms - 4573[0m
[0mGET /users/profile/62dc462c7357145ed81a8946 [36m304[0m 23.027 ms - -[0m
[0mGET / [32m200[0m 98.159 ms - 25789[0m
[0mGET /assets/css/home.css [33m404[0m 27.809 ms - 158[0m
[0mGET /users/sign-out [36m302[0m 24.774 ms - 72[0m
[0mGET /users/sign-in [36m304[0m 54.633 ms - -[0m
[0mPOST /users/create-session [36m302[0m 13.008 ms - 46[0m
[0mGET / [32m200[0m 92.887 ms - 26017[0m
[0mGET /assets/css/home.css [33m404[0m 17.595 ms - 158[0m
[0mGET /users/profile/62dc466d7357145ed81a894a [32m200[0m 23.168 ms - 4551[0m
[0mGET /users/profile/62d6cdd802775264b4d957f2 [32m200[0m 30.610 ms - 4570[0m
[0mGET /users/profile/62dc466d7357145ed81a894a [32m200[0m 57.397 ms - 4551[0m
[0mGET /users/profile/62dc466d7357145ed81a894a [36m304[0m 23.273 ms - -[0m
[0mGET /users/profile/62dc466d7357145ed81a894a [36m304[0m 26.130 ms - -[0m
[0mGET /users/profile/62dc466d7357145ed81a894a [32m200[0m 50.666 ms - 4551[0m
[0mGET /users/profile/62dc466d7357145ed81a894a [36m304[0m 29.774 ms - -[0m
[0mGET /users/sign-out [36m302[0m 24.992 ms - 72[0m
[0mGET /users/sign-in [32m200[0m 10.267 ms - 4282[0m
[0mGET /users/sign-in [32m200[0m 16.241 ms - 4056[0m
[0mGET /users/sign-in [32m200[0m 32.451 ms - 4056[0m
[0mPOST /users/create-session [36m302[0m 44.735 ms - 46[0m
[0mGET / [32m200[0m 127.127 ms - 26017[0m
[0mGET /assets/css/home.css [33m404[0m 16.746 ms - 158[0m
[0mGET /users/profile/62d9021e78d05364741d4502 [32m200[0m 54.901 ms - 4548[0m
[0mGET /users/profile/62d9021e78d05364741d4502 [32m200[0m 93.538 ms - 4548[0m
[0mGET /users/profile/62d9021e78d05364741d4502 [36m304[0m 26.615 ms - -[0m
[0mGET / [32m200[0m 108.457 ms - 25789[0m
[0mGET /assets/css/home.css [33m404[0m 17.074 ms - 158[0m
[0mGET / [36m304[0m 134.965 ms - -[0m
[0mGET /assets/css/home.css [33m404[0m 24.389 ms - 158[0m
[0mGET /users/profile/62d6ce7e02775264b4d957f6 [32m200[0m 28.748 ms - 5137[0m
[0mGET /users/profile/62d6ce7e02775264b4d957f6 [32m200[0m 54.840 ms - 5137[0m
[0mGET /assets/css/home.css [33m404[0m 14.712 ms - 158[0m
[0mGET /users/profile/62dc498d17d6474eb8444835 [32m200[0m 16.220 ms - 4539[0m
[0mGET /users/profile/62d9021e78d05364741d4502 [32m200[0m 33.759 ms - 4548[0m
[0mGET /users/profile/62d9021e78d05364741d4502 [32m200[0m 78.903 ms - 4548[0m
[0mGET /users/profile/62d9021e78d05364741d4502 [32m200[0m 73.830 ms - 4548[0m
[0mGET / [36m304[0m 109.854 ms - -[0m
[0mGET /assets/css/home.css [33m404[0m 19.933 ms - 158[0m
[0mGET /users/profile/62dc498d17d6474eb8444835 [32m200[0m 24.816 ms - 4539[0m
[0mGET /users/profile/62dc498d17d6474eb8444835 [32m200[0m 80.074 ms - 4539[0m
[0mGET /users/profile/62dc498d17d6474eb8444835 [32m200[0m 65.282 ms - 4539[0m
[0mGET / [36m304[0m 101.644 ms - -[0m
[0mGET /assets/css/home.css [33m404[0m 16.709 ms - 158[0m
[0mGET /users/profile/62d6ce7e02775264b4d957f6 [32m200[0m 20.405 ms - 5137[0m
[0mGET / [32m200[0m 124.197 ms - 25789[0m
[0mGET /assets/css/home.css [33m404[0m 12.498 ms - 158[0m
[0mGET / [32m200[0m 171.434 ms - 25789[0m
[0mGET /assets/css/home.css [33m404[0m 45.513 ms - 158[0m
[0mGET / [36m304[0m 112.528 ms - -[0m
[0mGET /assets/css/home.css [33m404[0m 12.309 ms - 158[0m
[0mGET /users/profile/62dc466d7357145ed81a894a [32m200[0m 28.337 ms - 4551[0m
[0mGET /users/profile/62dc466d7357145ed81a894a [32m200[0m 73.053 ms - 4551[0m
[0mGET /users/profile/62dc466d7357145ed81a894a [32m200[0m 73.257 ms - 4551[0m
[0mGET / [32m200[0m 131.397 ms - 25789[0m
[0mGET /assets/css/home.css [33m404[0m 34.123 ms - 158[0m
[0mGET /users/sign-out [36m302[0m 46.868 ms - 72[0m
[0mGET /users/sign-in [32m200[0m 19.224 ms - 4282[0m
[0mGET /users/forget-password [32m200[0m 13.360 ms - 3047[0m
[0mGET /css/signup.css [33m404[0m 7.718 ms - 153[0m
[0mGET /users/forget-password [36m304[0m 16.323 ms - -[0m
[0mGET /css/signup.css [33m404[0m 5.420 ms - 153[0m
[0mGET /users/forget-password [36m304[0m 9.352 ms - -[0m
[0mGET /css/signup.css [33m404[0m 6.082 ms - 153[0m
[0mGET /users/forget-password [32m200[0m 37.177 ms - 3057[0m
[0mGET /css/signup.css [33m404[0m 22.015 ms - 153[0m
[0mGET /users/forget-password [32m200[0m 31.123 ms - 3057[0m
[0mGET /css/signup.css [33m404[0m 8.460 ms - 153[0m
[0mGET /users/forget-password [36m304[0m 15.000 ms - -[0m
[0mGET /css/signup.css [33m404[0m 14.678 ms - 153[0m
[0mGET /users/forget-password [36m304[0m 12.213 ms - -[0m
[0mGET /css/signup.css [33m404[0m 195.285 ms - 153[0m
[0mGET /users/forget-password [36m304[0m 10.364 ms - -[0m
[0mGET /css/signup.css [33m404[0m 16.342 ms - 153[0m
[0mGET /users/forget-password [36m304[0m 8.879 ms - -[0m
[0mGET /css/signup.css [33m404[0m 11.272 ms - 153[0m
[0mGET /users/forget-password [36m304[0m 13.683 ms - -[0m
[0mGET /css/signup.css [33m404[0m 5.826 ms - 153[0m
[0mGET /css/signup.css [33m404[0m 4.404 ms - 153[0m
[0mGET /users/forget-password [36m304[0m 15.317 ms - -[0m
[0mGET /css/signup.css [33m404[0m 11.871 ms - 153[0m
[0mGET /users/forget-password [32m200[0m 18.935 ms - 3092[0m
[0mGET /css/signup.css [33m404[0m 7.089 ms - 153[0m
[0mGET /users/forget-password [32m200[0m 12.154 ms - 3109[0m
[0mGET /css/signup.css [33m404[0m 20.920 ms - 153[0m
[0mGET /users/forget-password [36m304[0m 8.226 ms - -[0m
[0mGET /css/signup.css [33m404[0m 13.190 ms - 153[0m
[0mGET /users/forget-password [32m200[0m 90.889 ms - 3109[0m
[0mGET /css/signup.css [33m404[0m 16.758 ms - 153[0m
[0mGET /users/forget-password [36m304[0m 18.045 ms - -[0m
[0mGET /css/signup.css [33m404[0m 11.051 ms - 153[0m
[0mGET /users/forget-password [36m304[0m 31.661 ms - -[0m
[0mGET /css/signup.css [33m404[0m 22.459 ms - 153[0m
[0mGET /users/forget-password [36m304[0m 16.679 ms - -[0m
[0mGET /css/signup.css [33m404[0m 22.304 ms - 153[0m
[0mGET /users/forget-password [36m304[0m 11.245 ms - -[0m
[0mGET /css/signup.css [33m404[0m 10.305 ms - 153[0m
[0mGET /users/forget-password [36m304[0m 16.634 ms - -[0m
[0mGET /css/signup.css [33m404[0m 11.250 ms - 153[0m
[0mGET /users/forget-password [32m200[0m 26.739 ms - 3181[0m
[0mGET /css/signup.css [33m404[0m 12.572 ms - 153[0m
[0mPOST /users/create-session [36m302[0m 33.184 ms - 46[0m
[0mGET / [32m200[0m 113.954 ms - 26017[0m
[0mGET /assets/css/home.css [33m404[0m 27.162 ms - 158[0m
[0mGET /users/profile/62dc466d7357145ed81a894a [36m304[0m 30.738 ms - -[0m
[0mGET /users/profile/62d6ce7e02775264b4d957f6 [32m200[0m 22.462 ms - 4221[0m
[0mGET /users/profile/62dc466d7357145ed81a894a [32m200[0m 19.756 ms - 3635[0m
[0mGET /users/profile/62df6421f3b8b665b49f2352 [32m200[0m 17.742 ms - 3632[0m
[0mGET /users/profile/62dc498d17d6474eb8444835 [32m200[0m 31.206 ms - 3623[0m
