[0mGET /users/profile/62d6ce7e02775264b4d957f6 [36m302[0m 10.193 ms - 72[0m
[0mGET /users/sign-in [32m200[0m 73.199 ms - 4056[0m
[0mPOST /users/create-session [36m302[0m 15.924 ms - 46[0m
[0mGET / [32m200[0m 106.969 ms - 16943[0m
[0mGET /assets/css/home.css [33m404[0m 7.893 ms - 158[0m
[0mGET /assets/css/home.css [33m404[0m 6.906 ms - 158[0m
[0mGET /users/sign-out [36m302[0m 15.943 ms - 72[0m
[0mGET /users/sign-in [32m200[0m 13.737 ms - 4282[0m
[0mPOST /users/create-session [36m302[0m 10.282 ms - 46[0m
[0mGET / [36m304[0m 57.335 ms - -[0m
[0mGET /assets/css/home.css [33m404[0m 7.766 ms - 158[0m
[0mGET /users/sign-out [36m302[0m 12.853 ms - 72[0m
[0mGET /users/sign-in [36m304[0m 7.409 ms - -[0m
[0mGET /users/sign-up [36m304[0m 28.586 ms - -[0m
[0mPOST /users/create [36m302[0m 39.899 ms - 72[0m
[0mGET /users/sign-in [32m200[0m 10.399 ms - 4056[0m
[0mPOST /users/create-session [36m302[0m 11.130 ms - 46[0m
[0mGET / [32m200[0m 40.807 ms - 14025[0m
[0mGET /assets/css/home.css [33m404[0m 8.901 ms - 158[0m
[0mGET /users/sign-out [36m302[0m 8.041 ms - 72[0m
[0mGET /users/sign-in [32m200[0m 7.146 ms - 4282[0m
[0mPOST /users/create-session [36m302[0m 10.496 ms - 46[0m
[0mGET / [32m200[0m 58.862 ms - 17226[0m
[0mGET /assets/css/home.css [33m404[0m 16.607 ms - 158[0m
[0mGET /users/profile/62df6421f3b8b665b49f2352 [32m200[0m 17.888 ms - 3474[0m
[0mGET /assets/css/home.css [33m404[0m 7.964 ms - 158[0m
[0mGET /users/profile/62df6421f3b8b665b49f2352 [36m304[0m 18.844 ms - -[0m
[0mPOST /users/togg-friend/?id=62df6421f3b8b665b49f2352 [32m200[0m 12.451 ms - 21[0m
[0mGET / [32m200[0m 85.636 ms - 17487[0m
[0mGET /assets/css/home.css [33m404[0m 14.825 ms - 158[0m
[0mGET /users/sign-out [36m302[0m 14.529 ms - 72[0m
[0mGET /users/sign-in [36m304[0m 10.116 ms - -[0m
[0mGET /users/sign-up [36m304[0m 11.234 ms - -[0m
[0mPOST /users/create [36m302[0m 21.443 ms - 72[0m
[0mGET /users/sign-in [32m200[0m 10.688 ms - 4056[0m
[0mPOST /users/create-session [36m302[0m 10.130 ms - 46[0m
[0mGET / [32m200[0m 53.044 ms - 17770[0m
[0mGET /assets/css/home.css [33m404[0m 16.000 ms - 158[0m
[0mGET / [36m304[0m 69.293 ms - -[0m
[0mGET /assets/css/home.css [33m404[0m 20.061 ms - 158[0m
[0mGET / [32m200[0m 140.407 ms - 17770[0m
[0mGET /assets/css/home.css [33m404[0m 18.231 ms - 158[0m
[0mGET /assets/css/home.css [33m404[0m 23.075 ms - 158[0m
[0mGET /users/profile/62df64aaf3b8b665b49f237a [32m200[0m 29.532 ms - 3468[0m
[0mPOST /users/togg-friend/?id=62df64aaf3b8b665b49f237a [32m200[0m 29.422 ms - 21[0m
[0mGET / [32m200[0m 115.135 ms - 18259[0m
[0mGET /assets/css/home.css [33m404[0m 16.152 ms - 158[0m
[0mGET / [32m200[0m 174.362 ms - 18259[0m
[0mGET /assets/css/home.css [33m404[0m 39.200 ms - 158[0m
[0mGET / [32m200[0m 146.006 ms - 18259[0m
[0mGET /assets/css/home.css [33m404[0m 32.282 ms - 158[0m
[0mGET / [36m304[0m 83.660 ms - -[0m
[0mGET /assets/css/home.css [33m404[0m 13.711 ms - 158[0m
[0mGET / [32m200[0m 163.772 ms - 18259[0m
[0mGET /assets/css/home.css [33m404[0m 39.977 ms - 158[0m
[0mGET / [32m200[0m 179.203 ms - 18259[0m
[0mGET /assets/css/home.css [33m404[0m 27.587 ms - 158[0m
[0mGET / [36m304[0m 90.639 ms - -[0m
[0mGET /assets/css/home.css [33m404[0m 16.152 ms - 158[0m
[0mGET / [32m200[0m 161.278 ms - 18259[0m
[0mGET /assets/css/home.css [33m404[0m 32.698 ms - 158[0m
[0mGET / [36m304[0m 187.897 ms - -[0m
[0mGET /assets/css/home.css [33m404[0m 42.727 ms - 158[0m
[0mGET / [32m200[0m 220.413 ms - 18259[0m
[0mGET /assets/css/home.css [33m404[0m 25.589 ms - 158[0m
[0mGET / [36m302[0m 73.028 ms - 72[0m
[0mGET /users/sign-in [32m200[0m 383.228 ms - 4056[0m
[0mGET /favicon.ico [33m404[0m 8.760 ms - 150[0m
[0mPOST /users/create-session [36m302[0m 216.293 ms - 46[0m
[0mGET / [32m200[0m 667.824 ms - 18487[0m
[0mGET /assets/css/home.css [33m404[0m 103.375 ms - 158[0m
[0mGET /users/sign-out [36m302[0m 97.659 ms - 72[0m
[0mGET /users/sign-in [32m200[0m 98.917 ms - 4282[0m
[0mPOST /users/create-session [36m302[0m 106.719 ms - 46[0m
[0mGET / [32m200[0m 144.129 ms - 15033[0m
[0mGET /assets/css/home.css [33m404[0m 6.662 ms - 158[0m
[0mPOST /posts/create [32m200[0m 316.606 ms - 604[0m
[0mGET / [32m200[0m 95.280 ms - 16952[0m
[0mGET /assets/css/home.css [33m404[0m 18.716 ms - 158[0m
[0mGET /users/sign-out [36m302[0m 9.840 ms - 72[0m
[0mGET /users/sign-in [36m304[0m 7.880 ms - -[0m
[0mPOST /users/create-session [36m302[0m 13.971 ms - 46[0m
[0mGET / [32m200[0m 36.010 ms - 16270[0m
[0mGET /assets/css/home.css [33m404[0m 5.136 ms - 158[0m
[0mPOST /posts/create [32m200[0m 18.165 ms - 481[0m
[0mGET /undefined [33m404[0m 4.634 ms - 148[0m
[0mGET / [32m200[0m 46.133 ms - 18085[0m
[0mGET /assets/css/home.css [33m404[0m 13.055 ms - 158[0m
[0mGET /posts/destroy/62e0117b633d4e28b8e22468 [32m200[0m 190.390 ms - 72[0m
[0mPOST /posts/create [32m200[0m 20.058 ms - 551[0m
[0mGET / [32m200[0m 50.337 ms - 18136[0m
[0mGET /assets/css/home.css [33m404[0m 12.259 ms - 158[0m
[0mGET / [36m304[0m 45.483 ms - -[0m
[0mGET /assets/css/home.css [33m404[0m 28.314 ms - 158[0m
[0mGET /users/sign-out [36m302[0m 13.990 ms - 72[0m
[0mGET /users/sign-in [36m304[0m 9.221 ms - -[0m
[0mPOST /users/create-session [36m302[0m 10.335 ms - 46[0m
[0mGET / [32m200[0m 90.183 ms - 22358[0m
[0mGET /assets/css/home.css [33m404[0m 14.221 ms - 158[0m
[0mGET / [31m500[0m 10050.200 ms - 516[0m
[0mGET /users/sign-in [36m302[0m 120.032 ms - 46[0m
[0mGET / [32m200[0m 155.638 ms - 22130[0m
[0mGET /assets/css/home.css [33m404[0m 34.550 ms - 158[0m
[0mGET / [32m200[0m 190.357 ms - 22130[0m
[0mGET /assets/css/home.css [33m404[0m 39.485 ms - 158[0m
[0mGET / [32m200[0m 141.549 ms - 22130[0m
[0mGET /assets/css/home.css [33m404[0m 25.276 ms - 158[0m
[0mGET / [32m200[0m 170.686 ms - 22130[0m
[0mGET /assets/css/home.css [33m404[0m 42.566 ms - 158[0m
[0mGET / [32m200[0m 139.964 ms - 22130[0m
[0mGET /assets/css/home.css [33m404[0m 32.503 ms - 158[0m
[0mGET / [32m200[0m 168.698 ms - 22130[0m
[0mGET /assets/css/home.css [33m404[0m 59.129 ms - 158[0m
[0mGET / [32m200[0m 156.573 ms - 22130[0m
[0mGET /assets/css/home.css [33m404[0m 33.372 ms - 158[0m
[0mGET / [32m200[0m 172.122 ms - 22130[0m
[0mGET /assets/css/home.css [33m404[0m 48.326 ms - 158[0m
[0mGET /users/profile/62dc466d7357145ed81a894a [32m200[0m 32.282 ms - 3476[0m
[0mGET /assets/css/home.css [33m404[0m 9.423 ms - 158[0m
[0mGET / [32m200[0m 142.905 ms - 22130[0m
[0mGET /assets/css/home.css [33m404[0m 34.634 ms - 158[0m
[0mGET / [32m200[0m 168.766 ms - 22130[0m
[0mGET /assets/css/home.css [33m404[0m 35.840 ms - 158[0m
[0mGET /users/sign-out [36m302[0m 25.264 ms - 72[0m
[0mGET /users/sign-in [32m200[0m 11.168 ms - 4282[0m
[0mGET /users/sign-in [32m200[0m 10.953 ms - 4056[0m
[0mGET /users/sign-in [32m200[0m 42.916 ms - 4056[0m
[0mGET /users/sign-in [32m200[0m 32.586 ms - 4056[0m
[0mPOST /users/create-session [0m-[0m - ms - -[0m
[0mPOST /users/create-session [36m302[0m 46.735 ms - 46[0m
[0mGET / [32m200[0m 99.296 ms - 22358[0m
[0mGET /assets/css/home.css [33m404[0m 20.983 ms - 158[0m
[0mGET /users/sign-out [36m302[0m 51.675 ms - 72[0m
[0mGET /users/sign-in [32m200[0m 26.516 ms - 4282[0m
[0mGET /users/sign-in [32m200[0m 15.016 ms - 4056[0m
[0mPOST /users/create-session [36m302[0m 12.448 ms - 46[0m
[0mGET / [32m200[0m 91.176 ms - 22358[0m
[0mGET /assets/css/home.css [33m404[0m 28.573 ms - 158[0m
[0mGET / [32m200[0m 134.704 ms - 22130[0m
[0mGET /assets/css/home.css [33m404[0m 25.976 ms - 158[0m
[0mGET /users/sign-out [36m302[0m 25.062 ms - 72[0m
[0mGET /users/sign-in [32m200[0m 11.521 ms - 4282[0m
[0mGET /users/sign-in [32m200[0m 13.439 ms - 4056[0m
[0mPOST /users/create-session [36m302[0m 11.623 ms - 46[0m
[0mGET / [32m200[0m 79.150 ms - 22358[0m
[0mGET /assets/css/home.css [33m404[0m 12.713 ms - 158[0m
[0mGET / [32m200[0m 165.179 ms - 22130[0m
[0mGET /assets/css/home.css [33m404[0m 47.142 ms - 158[0m
[0mGET / [32m200[0m 163.594 ms - 22130[0m
[0mGET /assets/css/home.css [33m404[0m 27.826 ms - 158[0m
[0mGET /users/profile/62d9021e78d05364741d4502 [32m200[0m 38.175 ms - 3474[0m
[0mGET /users/sign-out [36m302[0m 28.155 ms - 72[0m
[0mGET /users/sign-in [32m200[0m 10.812 ms - 4282[0m
[0mGET /users/forget-password [32m200[0m 10.372 ms - 3019[0m
[0mGET /css/signup.css [33m404[0m 7.828 ms - 153[0m
[0mPOST /users/create-session [36m302[0m 12.396 ms - 46[0m
[0mGET / [32m200[0m 81.568 ms - 22358[0m
[0mGET /assets/css/home.css [33m404[0m 9.233 ms - 158[0m
[0mGET / [32m200[0m 171.909 ms - 22170[0m
[0mGET /assets/css/home.css [33m404[0m 33.319 ms - 158[0m
[0mGET / [32m200[0m 184.507 ms - 22170[0m
[0mGET /assets/css/home.css [33m404[0m 27.835 ms - 158[0m
[0mGET / [32m200[0m 176.936 ms - 22170[0m
[0mGET /assets/css/home.css [33m404[0m 31.317 ms - 158[0m
[0mGET / [32m200[0m 164.682 ms - 22170[0m
[0mGET /assets/css/home.css [33m404[0m 34.184 ms - 158[0m
[0mGET / [32m200[0m 168.789 ms - 22170[0m
[0mGET /assets/css/home.css [33m404[0m 40.238 ms - 158[0m
[0mGET / [32m200[0m 167.540 ms - 22170[0m
[0mGET /assets/css/home.css [33m404[0m 38.687 ms - 158[0m
[0mGET / [32m200[0m 166.277 ms - 22170[0m
[0mGET /assets/css/home.css [33m404[0m 28.302 ms - 158[0m
[0mGET / [32m200[0m 130.310 ms - 22170[0m
[0mGET /assets/css/home.css [33m404[0m 31.918 ms - 158[0m
[0mGET / [32m200[0m 86.731 ms - 22174[0m
[0mGET /assets/css/home.css [33m404[0m 16.959 ms - 158[0m
[0mGET / [32m200[0m 84.245 ms - 22178[0m
[0mGET /assets/css/home.css [33m404[0m 9.537 ms - 158[0m
[0mGET / [32m200[0m 80.849 ms - 22259[0m
[0mGET /assets/css/home.css [33m404[0m 18.547 ms - 158[0m
[0mGET / [32m200[0m 179.500 ms - 22259[0m
[0mGET /assets/css/home.css [33m404[0m 46.024 ms - 158[0m
[0mGET / [36m304[0m 93.807 ms - -[0m
[0mGET /assets/css/home.css [33m404[0m 12.468 ms - 158[0m
[0mGET / [36m304[0m 105.715 ms - -[0m
[0mGET /assets/css/home.css [33m404[0m 13.950 ms - 158[0m
[0mGET / [32m200[0m 142.524 ms - 22259[0m
[0mGET /assets/css/home.css [33m404[0m 21.694 ms - 158[0m
[0mGET / [36m304[0m 88.926 ms - -[0m
[0mGET /assets/css/home.css [33m404[0m 25.076 ms - 158[0m
[0mGET / [32m200[0m 163.840 ms - 22259[0m
[0mGET /assets/css/home.css [33m404[0m 30.865 ms - 158[0m
[0mGET / [32m200[0m 94.222 ms - 22265[0m
[0mGET /assets/css/home.css [33m404[0m 22.272 ms - 158[0m
[0mGET / [32m200[0m 201.340 ms - 22265[0m
[0mGET /assets/css/home.css [33m404[0m 32.197 ms - 158[0m
[0mGET / [32m200[0m 158.014 ms - 22265[0m
[0mGET /assets/css/home.css [33m404[0m 28.452 ms - 158[0m
[0mGET / [32m200[0m 161.994 ms - 22265[0m
[0mGET /assets/css/home.css [33m404[0m 36.945 ms - 158[0m
[0mGET / [32m200[0m 167.876 ms - 22265[0m
[0mGET /assets/css/home.css [33m404[0m 43.756 ms - 158[0m
[0mGET / [32m200[0m 137.849 ms - 22265[0m
[0mGET /assets/css/home.css [33m404[0m 21.734 ms - 158[0m
[0mGET / [32m200[0m 120.079 ms - 22265[0m
[0mGET /assets/css/home.css [33m404[0m 32.209 ms - 158[0m
[0mGET / [36m304[0m 101.290 ms - -[0m
[0mGET /assets/css/home.css [33m404[0m 15.611 ms - 158[0m
[0mGET / [32m200[0m 142.368 ms - 22083[0m
[0mGET /assets/css/home.css [33m404[0m 27.821 ms - 158[0m
[0mGET /undefined [33m404[0m 54.125 ms - 148[0m
[0mGET / [32m200[0m 126.349 ms - 22265[0m
[0mGET /assets/css/home.css [33m404[0m 33.478 ms - 158[0m
[0mGET / [32m200[0m 161.641 ms - 22265[0m
[0mGET /assets/css/home.css [33m404[0m 38.703 ms - 158[0m
[0mGET / [36m304[0m 75.562 ms - -[0m
[0mGET /assets/css/home.css [33m404[0m 28.386 ms - 158[0m
[0mGET / [32m200[0m 86.153 ms - 22282[0m
[0mGET /assets/css/home.css [33m404[0m 9.147 ms - 158[0m
[0mGET / [32m200[0m 130.070 ms - 22282[0m
[0mGET /assets/css/home.css [33m404[0m 13.888 ms - 158[0m
[0mGET / [32m200[0m 180.919 ms - 22282[0m
[0mGET /assets/css/home.css [33m404[0m 27.098 ms - 158[0m
[0mGET / [32m200[0m 167.649 ms - 22282[0m
[0mGET /assets/css/home.css [33m404[0m 31.128 ms - 158[0m
[0mGET / [32m200[0m 167.321 ms - 22282[0m
[0mGET /assets/css/home.css [33m404[0m 47.394 ms - 158[0m
[0mGET / [32m200[0m 170.697 ms - 22282[0m
[0mGET /assets/css/home.css [33m404[0m 22.738 ms - 158[0m
[0mGET / [32m200[0m 182.289 ms - 22282[0m
[0mGET /assets/css/home.css [33m404[0m 19.278 ms - 158[0m
[0mGET / [32m200[0m 139.569 ms - 22282[0m
[0mGET /assets/css/home.css [33m404[0m 24.241 ms - 158[0m
[0mGET / [32m200[0m 205.729 ms - 22282[0m
[0mGET /assets/css/home.css [33m404[0m 22.349 ms - 158[0m
[0mPOST /comments/create [32m200[0m 145.471 ms - 332[0m
[0mGET / [32m200[0m 89.310 ms - 22811[0m
[0mGET /assets/css/home.css [33m404[0m 14.387 ms - 158[0m
[0mGET / [32m200[0m 188.731 ms - 22811[0m
[0mGET /assets/css/home.css [33m404[0m 31.182 ms - 158[0m
[0mGET / [32m200[0m 197.111 ms - 22811[0m
[0mGET /assets/css/home.css [33m404[0m 24.765 ms - 158[0m
[0mGET / [32m200[0m 169.232 ms - 22871[0m
[0mGET /assets/css/home.css [33m404[0m 46.026 ms - 158[0m
[0mGET / [36m304[0m 85.800 ms - -[0m
[0mGET /assets/css/home.css [33m404[0m 15.267 ms - 158[0m
[0mGET / [32m200[0m 183.850 ms - 22871[0m
[0mGET /assets/css/home.css [33m404[0m 41.925 ms - 158[0m
[0mGET / [32m200[0m 187.696 ms - 22871[0m
[0mGET /assets/css/home.css [33m404[0m 52.692 ms - 158[0m
[0mGET / [32m200[0m 148.267 ms - 22949[0m
[0mGET /assets/css/home.css [33m404[0m 27.237 ms - 158[0m
[0mGET / [36m304[0m 90.187 ms - -[0m
[0mGET /assets/css/home.css [33m404[0m 29.034 ms - 158[0m
[0mGET / [36m304[0m 81.842 ms - -[0m
[0mGET /assets/css/home.css [33m404[0m 16.993 ms - 158[0m
[0mGET / [36m304[0m 90.647 ms - -[0m
[0mGET /assets/css/home.css [33m404[0m 16.567 ms - 158[0m
[0mGET / [36m304[0m 99.118 ms - -[0m
[0mGET /assets/css/home.css [33m404[0m 21.657 ms - 158[0m
[0mGET / [32m200[0m 181.708 ms - 22949[0m
[0mGET /assets/css/home.css [33m404[0m 41.351 ms - 158[0m
[0mGET / [36m304[0m 76.609 ms - -[0m
[0mGET /assets/css/home.css [33m404[0m 37.217 ms - 158[0m
[0mGET / [36m304[0m 144.754 ms - -[0m
[0mGET /assets/css/home.css [33m404[0m 28.235 ms - 158[0m
[0mPOST /users/create-session [36m302[0m 23.775 ms - 46[0m
[0mGET / [32m200[0m 95.166 ms - 23177[0m
[0mGET /assets/css/home.css [33m404[0m 40.214 ms - 158[0m
[0mGET / [32m200[0m 209.432 ms - 22949[0m
[0mGET /assets/css/home.css [33m404[0m 13.181 ms - 158[0m
[0mGET /assets/css/home.css [33m404[0m 11.380 ms - 158[0m
[0mGET / [36m304[0m 100.361 ms - -[0m
[0mGET /assets/css/home.css [33m404[0m 16.101 ms - 158[0m
[0mGET /users/sign-out [36m302[0m 27.046 ms - 72[0m
[0mGET /users/sign-in [32m200[0m 12.406 ms - 4282[0m
[0mGET /users/sign-up [32m200[0m 50.439 ms - 4245[0m
[0mPOST /users/create-session [36m302[0m 10.609 ms - 46[0m
[0mGET / [32m200[0m 67.105 ms - 23177[0m
[0mGET /assets/css/home.css [33m404[0m 11.619 ms - 158[0m
[0mGET / [32m200[0m 142.084 ms - 22949[0m
[0mGET /assets/css/home.css [33m404[0m 29.912 ms - 158[0m
[0mGET / [36m304[0m 103.932 ms - -[0m
[0mGET /assets/css/home.css [33m404[0m 17.183 ms - 158[0m
[0mGET / [36m304[0m 150.971 ms - -[0m
[0mGET /assets/css/home.css [33m404[0m 22.119 ms - 158[0m
[0mGET / [36m304[0m 193.805 ms - -[0m
[0mGET /assets/css/home.css [33m404[0m 12.360 ms - 158[0m
[0mGET /assets/css/home.css [33m404[0m 5.762 ms - 158[0m
[0mGET / [36m304[0m 102.669 ms - -[0m
[0mGET /assets/css/home.css [33m404[0m 12.404 ms - 158[0m
[0mGET /assets/css/home.css [33m404[0m 9.741 ms - 158[0m
[0mGET /users/sign-out [36m302[0m 23.007 ms - 72[0m
[0mGET /users/sign-in [36m304[0m 10.205 ms - -[0m
[0mPOST /users/create-session [36m302[0m 52.068 ms - 46[0m
[0mGET / [32m200[0m 136.087 ms - 23177[0m
[0mGET /assets/css/home.css [33m404[0m 33.643 ms - 158[0m
[0mGET / [32m200[0m 118.231 ms - 22949[0m
[0mGET /assets/css/home.css [33m404[0m 13.898 ms - 158[0m
[0mGET / [36m304[0m 76.629 ms - -[0m
[0mGET /assets/css/home.css [33m404[0m 21.184 ms - 158[0m
[0mGET / [32m200[0m 224.992 ms - 22899[0m
[0mGET /assets/css/home.css [33m404[0m 12.271 ms - 158[0m
[0mGET /assets/css/home.css [33m404[0m 10.043 ms - 158[0m
[0mGET /users/profile/62d6ce7e02775264b4d957f6 [32m200[0m 35.614 ms - 3705[0m
[0mGET /users/profile/62d6ce7e02775264b4d957f6 [32m200[0m 18.694 ms - 4432[0m
[0mGET /users/profile/62d6ce7e02775264b4d957f6 [32m200[0m 20.988 ms - 4436[0m
[0mGET /users/profile/62d6ce7e02775264b4d957f6 [32m200[0m 77.470 ms - 4436[0m
[0mGET /users/profile/62d6ce7e02775264b4d957f6 [36m304[0m 26.227 ms - -[0m
[0mGET /users/profile/62d6ce7e02775264b4d957f6 [32m200[0m 52.413 ms - 4436[0m
[0mGET /users/profile/62d6ce7e02775264b4d957f6 [32m200[0m 49.824 ms - 4436[0m
[0mGET /users/profile/62d6ce7e02775264b4d957f6 [32m200[0m 76.850 ms - 4436[0m
[0mGET /users/profile/62d6ce7e02775264b4d957f6 [32m200[0m 57.226 ms - 4436[0m
