[0mGET /users/profile/62d9021e78d05364741d4502 [36m302[0m 12.231 ms - 72[0m
[0mGET /users/sign-in [36m304[0m 353.376 ms - -[0m
[0mPOST /users/create-session [36m302[0m 27.128 ms - 46[0m
[0mGET / [32m200[0m 111.524 ms - 14855[0m
[0mGET /assets/css/home.css [33m404[0m 11.611 ms - 158[0m
[0mGET / [32m200[0m 168.727 ms - 14627[0m
[0mGET /assets/css/home.css [33m404[0m 28.358 ms - 158[0m
[0mGET / [32m200[0m 167.432 ms - 14627[0m
[0mGET /assets/css/home.css [33m404[0m 41.692 ms - 158[0m
[0mGET /users/profile/62dc466d7357145ed81a894a [36m304[0m 23.888 ms - -[0m
[0mGET /assets/css/home.css [33m404[0m 8.133 ms - 158[0m
[0mGET / [32m200[0m 143.011 ms - 14627[0m
[0mGET /assets/css/home.css [33m404[0m 23.386 ms - 158[0m
[0mGET / [32m200[0m 170.476 ms - 14627[0m
[0mGET /assets/css/home.css [33m404[0m 37.836 ms - 158[0m
[0mGET / [32m200[0m 158.777 ms - 14627[0m
[0mGET /assets/css/home.css [33m404[0m 35.039 ms - 158[0m
[0mGET / [32m200[0m 149.595 ms - 14627[0m
[0mGET /assets/css/home.css [33m404[0m 34.537 ms - 158[0m
[0mGET / [32m200[0m 119.938 ms - 14627[0m
[0mGET /assets/css/home.css [33m404[0m 21.324 ms - 158[0m
[0mGET / [32m200[0m 121.714 ms - 14627[0m
[0mGET /assets/css/home.css [33m404[0m 29.384 ms - 158[0m
[0mGET / [36m304[0m 63.803 ms - -[0m
[0mGET /assets/css/home.css [33m404[0m 24.995 ms - 158[0m
[0mGET / [32m200[0m 124.109 ms - 14627[0m
[0mGET /assets/css/home.css [33m404[0m 18.713 ms - 158[0m
[0mGET / [32m200[0m 131.812 ms - 14627[0m
[0mGET /assets/css/home.css [33m404[0m 30.466 ms - 158[0m
[0mGET / [36m304[0m 77.928 ms - -[0m
[0mGET /assets/css/home.css [33m404[0m 21.291 ms - 158[0m
[0mGET / [32m200[0m 117.203 ms - 14627[0m
[0mGET /assets/css/home.css [33m404[0m 25.573 ms - 158[0m
[0mGET / [36m304[0m 166.403 ms - -[0m
[0mGET /assets/css/home.css [33m404[0m 50.501 ms - 158[0m
[0mGET / [32m200[0m 173.847 ms - 14627[0m
[0mGET /assets/css/home.css [33m404[0m 28.107 ms - 158[0m
[0mGET / [32m200[0m 140.216 ms - 14627[0m
[0mGET /assets/css/home.css [33m404[0m 21.993 ms - 158[0m
[0mGET / [32m200[0m 168.098 ms - 14627[0m
[0mGET /assets/css/home.css [33m404[0m 40.515 ms - 158[0m
[0mGET / [32m200[0m 144.225 ms - 14627[0m
[0mGET /assets/css/home.css [33m404[0m 22.264 ms - 158[0m
[0mGET / [32m200[0m 149.032 ms - 14627[0m
[0mGET /assets/css/home.css [33m404[0m 38.408 ms - 158[0m
[0mGET / [32m200[0m 160.054 ms - 14627[0m
[0mGET /assets/css/home.css [33m404[0m 28.602 ms - 158[0m
[0mGET / [32m200[0m 166.407 ms - 14627[0m
[0mGET /assets/css/home.css [33m404[0m 30.590 ms - 158[0m
[0mGET / [32m200[0m 150.534 ms - 14627[0m
[0mGET /assets/css/home.css [33m404[0m 35.309 ms - 158[0m
[0mGET / [32m200[0m 108.528 ms - 14627[0m
[0mGET /assets/css/home.css [33m404[0m 27.904 ms - 158[0m
[0mGET / [32m200[0m 114.055 ms - 14627[0m
[0mGET /assets/css/home.css [33m404[0m 28.624 ms - 158[0m
[0mGET / [32m200[0m 165.488 ms - 14627[0m
[0mGET /assets/css/home.css [33m404[0m 14.878 ms - 158[0m
[0mGET / [32m200[0m 141.713 ms - 14627[0m
[0mGET /assets/css/home.css [33m404[0m 35.688 ms - 158[0m
[0mGET / [32m200[0m 113.960 ms - 14627[0m
[0mGET /assets/css/home.css [33m404[0m 27.747 ms - 158[0m
[0mGET / [36m304[0m 60.352 ms - -[0m
[0mGET /assets/css/home.css [33m404[0m 25.191 ms - 158[0m
[0mGET / [32m200[0m 158.864 ms - 14627[0m
[0mGET /assets/css/home.css [33m404[0m 41.209 ms - 158[0m
[0mGET /users/profile/62d9021e78d05364741d4502 [32m200[0m 21.585 ms - 3474[0m
[0mGET / [32m200[0m 113.752 ms - 14627[0m
[0mGET /assets/css/home.css [33m404[0m 51.018 ms - 158[0m
[0mGET / [32m200[0m 154.122 ms - 14627[0m
[0mGET /assets/css/home.css [33m404[0m 28.511 ms - 158[0m
[0mGET / [32m200[0m 155.755 ms - 14627[0m
[0mGET /assets/css/home.css [33m404[0m 43.545 ms - 158[0m
[0mGET / [32m200[0m 139.380 ms - 14473[0m
[0mGET /undefined [33m404[0m 24.019 ms - 148[0m
[0mGET /assets/css/home.css [33m404[0m 35.725 ms - 158[0m
[0mGET / [32m200[0m 145.210 ms - 14627[0m
[0mGET /assets/css/home.css [33m404[0m 45.754 ms - 158[0m
[0mGET / [32m200[0m 157.816 ms - 14627[0m
[0mGET /assets/css/home.css [33m404[0m 41.946 ms - 158[0m
[0mGET / [32m200[0m 180.379 ms - 14627[0m
[0mGET /assets/css/home.css [33m404[0m 32.721 ms - 158[0m
[0mGET / [32m200[0m 170.788 ms - 14627[0m
[0mGET /assets/css/home.css [33m404[0m 32.062 ms - 158[0m
[0mGET / [32m200[0m 144.853 ms - 14627[0m
[0mGET /assets/css/home.css [33m404[0m 61.955 ms - 158[0m
[0mGET / [32m200[0m 109.635 ms - 14627[0m
[0mGET /assets/css/home.css [33m404[0m 25.517 ms - 158[0m
[0mGET / [32m200[0m 164.961 ms - 14627[0m
[0mGET /assets/css/home.css [33m404[0m 50.631 ms - 158[0m
[0mGET / [36m304[0m 74.942 ms - -[0m
[0mGET /assets/css/home.css [33m404[0m 21.997 ms - 158[0m
[0mGET / [32m200[0m 141.859 ms - 14627[0m
[0mGET /assets/css/home.css [33m404[0m 36.471 ms - 158[0m
[0mGET / [32m200[0m 142.565 ms - 14627[0m
[0mGET /assets/css/home.css [33m404[0m 37.031 ms - 158[0m
[0mGET / [32m200[0m 166.383 ms - 14627[0m
[0mGET /assets/css/home.css [33m404[0m 34.033 ms - 158[0m
[0mGET / [31m500[0m 60.649 ms - 2490[0m
[0mPOST /users/create-session [36m302[0m 22.502 ms - 46[0m
[0mGET / [31m500[0m 46.716 ms - 2490[0m
[0mGET / [32m200[0m 60.420 ms - 15738[0m
[0mGET /assets/css/home.css [33m404[0m 12.824 ms - 158[0m
[0mGET /assets/css/home.css [33m404[0m 6.130 ms - 158[0m
[0mGET / [32m200[0m 160.230 ms - 15738[0m
[0mGET /assets/css/home.css [33m404[0m 43.898 ms - 158[0m
[0mGET / [32m200[0m 162.072 ms - 15738[0m
[0mGET /assets/css/home.css [33m404[0m 57.303 ms - 158[0m
[0mGET / [32m200[0m 143.433 ms - 15738[0m
[0mGET /assets/css/home.css [33m404[0m 37.060 ms - 158[0m
[0mGET / [36m304[0m 60.360 ms - -[0m
[0mGET /assets/css/home.css [33m404[0m 19.138 ms - 158[0m
[0mGET / [32m200[0m 170.027 ms - 15738[0m
[0mGET /assets/css/home.css [33m404[0m 15.573 ms - 158[0m
[0mGET / [32m200[0m 130.273 ms - 15738[0m
[0mGET /assets/css/home.css [33m404[0m 25.792 ms - 158[0m
[0mGET / [32m200[0m 154.042 ms - 15738[0m
[0mGET /assets/css/home.css [33m404[0m 30.499 ms - 158[0m
[0mGET /users/profile/62dc498d17d6474eb8444835 [32m200[0m 17.432 ms - 3423[0m
[0mGET /users/profile/62dc498d17d6474eb8444835 [36m304[0m 23.254 ms - -[0m
[0mGET /users/profile/62dc498d17d6474eb8444835 [36m304[0m 16.901 ms - -[0m
[0mGET /users/sign-out [36m302[0m 18.124 ms - 72[0m
[0mGET /users/sign-in [32m200[0m 10.184 ms - 4282[0m
[0mPOST /users/create-session [36m302[0m 11.159 ms - 46[0m
[0mGET / [32m200[0m 46.090 ms - 13692[0m
[0mGET /assets/css/home.css [33m404[0m 17.286 ms - 158[0m
[0mGET /users/profile/62dc498d17d6474eb8444835 [32m200[0m 18.499 ms - 3629[0m
[0mPOST /users/update/62dc498d17d6474eb8444835 [36m302[0m 74.248 ms - 164[0m
[0mGET /users/profile/62dc498d17d6474eb8444835 [32m200[0m 14.408 ms - 3672[0m
[0mGET /users/profile/62dc498d17d6474eb8444835 [36m304[0m 17.095 ms - -[0m
[0mGET / [32m200[0m 56.120 ms - 13507[0m
[0mGET /assets/css/home.css [33m404[0m 16.866 ms - 158[0m
[0mGET /users/sign-out [36m302[0m 8.999 ms - 72[0m
[0mGET /users/sign-in [36m304[0m 8.369 ms - -[0m
[0mGET /users/sign-in [32m200[0m 10.464 ms - 4056[0m
[0mPOST /users/create-session [36m302[0m 12.003 ms - 46[0m
[0mGET / [32m200[0m 63.220 ms - 16009[0m
[0mGET /assets/css/home.css [33m404[0m 18.187 ms - 158[0m
[0mGET /users/sign-out [36m302[0m 14.810 ms - 72[0m
[0mGET /users/sign-in [32m200[0m 8.824 ms - 4282[0m
[0mPOST /users/create-session [36m302[0m 13.140 ms - 46[0m
[0mGET / [36m304[0m 61.104 ms - -[0m
[0mGET /assets/css/home.css [33m404[0m 9.364 ms - 158[0m
[0mGET / [32m200[0m 142.535 ms - 15781[0m
[0mGET /assets/css/home.css [33m404[0m 16.689 ms - 158[0m
[0mGET / [32m200[0m 396.389 ms - 15781[0m
[0mGET /assets/css/home.css [33m404[0m 39.590 ms - 158[0m
[0mGET / [36m304[0m 77.430 ms - -[0m
[0mGET /assets/css/home.css [33m404[0m 12.088 ms - 158[0m
[0mGET / [36m304[0m 74.201 ms - -[0m
[0mGET /assets/css/home.css [33m404[0m 7.622 ms - 158[0m
[0mGET / [32m200[0m 130.469 ms - 15781[0m
[0mGET /assets/css/home.css [33m404[0m 24.513 ms - 158[0m
[0mGET / [32m200[0m 194.022 ms - 15781[0m
[0mGET /assets/css/home.css [33m404[0m 18.705 ms - 158[0m
[0mGET / [32m200[0m 124.991 ms - 15781[0m
[0mGET /assets/css/home.css [33m404[0m 30.730 ms - 158[0m
[0mGET / [32m200[0m 126.228 ms - 15781[0m
[0mGET /assets/css/home.css [33m404[0m 21.282 ms - 158[0m
[0mGET / [32m200[0m 124.567 ms - 15781[0m
[0mGET /assets/css/home.css [33m404[0m 28.166 ms - 158[0m
[0mGET /users/profile/62dc498d17d6474eb8444835 [32m200[0m 35.298 ms - 3466[0m
[0mPOST /users/togg-friend/?id=62dc498d17d6474eb8444835 [32m200[0m 26.997 ms - 21[0m
[0mGET / [32m200[0m 77.313 ms - 16269[0m
[0mGET /assets/css/home.css [33m404[0m 23.067 ms - 158[0m
[0mGET /users/profile/62dc49bc17d6474eb8444838 [32m200[0m 17.792 ms - 3426[0m
[0mPOST /users/togg-friend/?id=62dc49bc17d6474eb8444838 [32m200[0m 13.533 ms - 21[0m
[0mGET / [32m200[0m 70.153 ms - 16715[0m
[0mGET /assets/css/home.css [33m404[0m 28.151 ms - 158[0m
