[0mGET / [36m302[0m 16.473 ms - 72[0m
[0mGET /users/sign-in [32m200[0m 93.726 ms - 2593[0m
[0mGET /undefined [33m404[0m 5.467 ms - 148[0m
[0mPOST /users/create-session [36m302[0m 60.912 ms - 46[0m
[0mGET / [32m200[0m 254.312 ms - 6079[0m
[0mGET /assets/css/home.css [33m404[0m 11.744 ms - 158[0m
[0mGET /users/profile/62d6ce7e02775264b4d957f6 [36m302[0m 40.423 ms - 72[0m
[0mGET /users/sign-in [36m304[0m 39.753 ms - -[0m
[0mGET /undefined [33m404[0m 5.825 ms - 148[0m
[0mGET /undefined [33m404[0m 3.024 ms - 148[0m
[0mGET /users/sign-in [36m304[0m 14.171 ms - -[0m
[0mGET /undefined [33m404[0m 5.209 ms - 148[0m
[0mPOST /users/create-session [31m500[0m 10023.540 ms - 516[0m
[0mPOST /users/create-session [36m302[0m 805.490 ms - 46[0m
[0mGET / [36m304[0m 798.782 ms - -[0m
[0mGET /assets/css/home.css [33m404[0m 14.643 ms - 158[0m
[0mGET / [32m200[0m 51.181 ms - 5779[0m
[0mGET /assets/css/home.css [33m404[0m 14.928 ms - 158[0m
[0mGET / [36m304[0m 41.545 ms - -[0m
[0mGET /assets/css/home.css [33m404[0m 12.311 ms - 158[0m
[0mGET / [36m304[0m 65.715 ms - -[0m
[0mGET /assets/css/home.css [33m404[0m 10.763 ms - 158[0m
[0mGET /users/sign-out [36m302[0m 18.497 ms - 72[0m
[0mGET /users/sign-in [32m200[0m 10.254 ms - 2891[0m
[0mGET /undefined [33m404[0m 2.780 ms - 148[0m
[0mGET /users/sign-up [32m200[0m 13.257 ms - 2721[0m
[0mPOST /users/create [36m302[0m 81.117 ms - 72[0m
[0mGET /users/sign-in [32m200[0m 9.170 ms - 2593[0m
[0mGET /undefined [33m404[0m 4.669 ms - 148[0m
[0mPOST /users/create-session [36m302[0m 12.653 ms - 46[0m
[0mGET / [32m200[0m 32.779 ms - 6101[0m
[0mGET /assets/css/home.css [33m404[0m 15.371 ms - 158[0m
[0mGET /users/profile/62d9021e78d05364741d4502 [32m200[0m 17.953 ms - 3120[0m
[0mGET /users/profile/62d6cdd802775264b4d957f2 [32m200[0m 20.449 ms - 2919[0m
[0mPOST /users/togg-friend/?id=62d6cdd802775264b4d957f2 [32m200[0m 136.597 ms - 21[0m
[0mGET / [32m200[0m 62.628 ms - 6338[0m
[0mGET /assets/css/home.css [33m404[0m 20.653 ms - 158[0m
[0mGET /users/profile/62d6cdd802775264b4d957f2 [36m304[0m 17.841 ms - -[0m
[0mGET /users/profile/62d9021e78d05364741d4502 [36m304[0m 17.954 ms - -[0m
[0mGET /users/profile/62d9021e78d05364741d4502 [36m304[0m 14.592 ms - -[0m
[0mGET / [36m304[0m 43.945 ms - -[0m
[0mGET /assets/css/home.css [33m404[0m 17.204 ms - 158[0m
[0mGET / [36m304[0m 112.074 ms - -[0m
[0mGET /assets/css/home.css [33m404[0m 33.637 ms - 158[0m
[0mGET / [36m304[0m 154.049 ms - -[0m
[0mGET /assets/css/home.css [33m404[0m 18.426 ms - 158[0m
[0mGET /assets/css/home.css [33m404[0m 10.291 ms - 158[0m
[0mGET / [36m304[0m 58.127 ms - -[0m
[0mGET /assets/css/home.css [33m404[0m 20.135 ms - 158[0m
[0mGET / [32m200[0m 111.863 ms - 6338[0m
[0mGET /assets/css/home.css [33m404[0m 31.449 ms - 158[0m
[0mGET / [32m200[0m 144.126 ms - 6338[0m
[0mGET /assets/css/home.css [33m404[0m 22.640 ms - 158[0m
[0mGET / [32m200[0m 118.811 ms - 6338[0m
[0mGET /assets/css/home.css [33m404[0m 28.559 ms - 158[0m
[0mGET /users/sign-out [36m302[0m 24.656 ms - 72[0m
[0mGET /users/sign-in [32m200[0m 10.515 ms - 2891[0m
[0mGET /undefined [33m404[0m 3.791 ms - 148[0m
[0mGET /users/sign-in [32m200[0m 25.812 ms - 2610[0m
[0mGET /users/sign-in [32m200[0m 28.486 ms - 2610[0m
[0mGET /users/sign-in [32m200[0m 34.889 ms - 2610[0m
[0mGET /users/sign-in [32m200[0m 26.556 ms - 2610[0m
[0mGET /users/sign-in [32m200[0m 27.227 ms - 2610[0m
[0mGET /users/sign-in [32m200[0m 24.944 ms - 2610[0m
[0mGET /users/sign-in [32m200[0m 38.427 ms - 2610[0m
[0mGET /users/sign-in [36m304[0m 37.520 ms - -[0m
[0mGET /users/sign-in [36m304[0m 15.257 ms - -[0m
[0mPOST /users/create-session [36m302[0m 56.355 ms - 46[0m
[0mGET / [32m200[0m 57.977 ms - 6223[0m
[0mGET /assets/css/home.css [33m404[0m 14.940 ms - 158[0m
[0mGET / [32m200[0m 99.505 ms - 5923[0m
[0mGET /assets/css/home.css [33m404[0m 26.037 ms - 158[0m
[0mGET /users/sign-out [36m302[0m 24.578 ms - 72[0m
[0mGET /users/sign-in [32m200[0m 12.396 ms - 2908[0m
[0mGET /users/sign-in [32m200[0m 9.976 ms - 2610[0m
[0mGET /users/sign-in [32m200[0m 37.297 ms - 2610[0m
[0mGET /users/sign-in [36m304[0m 16.296 ms - -[0m
[0mGET /users/sign-in [32m200[0m 37.270 ms - 2610[0m
[0mGET /users/sign-in [32m200[0m 96.036 ms - 2610[0m
[0mGET /users/sign-in [32m200[0m 37.446 ms - 2610[0m
[0mGET /users/sign-in [32m200[0m 43.346 ms - 2610[0m
[0mGET /users/sign-in [32m200[0m 40.310 ms - 2610[0m
[0mGET /users/sign-in [32m200[0m 35.936 ms - 2610[0m
[0mGET /users/sign-in [32m200[0m 50.353 ms - 2610[0m
[0mGET /users/sign-in [32m200[0m 26.964 ms - 2610[0m
[0mGET /users/sign-in [32m200[0m 23.895 ms - 2610[0m
[0mGET / [36m302[0m 11.304 ms - 72[0m
[0mGET /users/sign-in [36m304[0m 14.187 ms - -[0m
[0mGET /users/profile [33m404[0m 11.960 ms - 152[0m
[0mPOST /users/create-session [36m302[0m 29.290 ms - 46[0m
[0mGET / [32m200[0m 60.722 ms - 6223[0m
[0mGET /assets/css/home.css [33m404[0m 18.137 ms - 158[0m
[0mGET /users/profile/62d6ce7e02775264b4d957f6 [32m200[0m 21.445 ms - 3144[0m
[0mGET /users/profile/62d6ce7e02775264b4d957f6 [36m304[0m 17.260 ms - -[0m
[0mGET /users/sign-in [36m302[0m 30.892 ms - 46[0m
[0mGET / [32m200[0m 66.207 ms - 5923[0m
[0mGET /assets/css/home.css [33m404[0m 22.492 ms - 158[0m
[0mGET /users/profile/62d6cdd802775264b4d957f2 [32m200[0m 26.243 ms - 2927[0m
[0mGET /users/sign-out [36m302[0m 39.854 ms - 72[0m
[0mGET /users/sign-in [32m200[0m 18.047 ms - 2984[0m
[0mGET /users/sign-in [32m200[0m 12.366 ms - 2686[0m
[0mGET /users/sign-in [36m304[0m 7.222 ms - -[0m
[0mGET /users/sign-in [32m200[0m 108.090 ms - 2686[0m
[0mPOST /users/create-session [36m302[0m 32.205 ms - 46[0m
[0mGET / [32m200[0m 60.392 ms - 6223[0m
[0mGET /assets/css/home.css [33m404[0m 20.294 ms - 158[0m
[0mGET / [32m200[0m 106.748 ms - 5923[0m
[0mGET /assets/css/home.css [33m404[0m 21.476 ms - 158[0m
[0mGET /users/sign-out [36m302[0m 23.493 ms - 72[0m
[0mGET /users/sign-in [32m200[0m 13.334 ms - 2984[0m
[0mGET /users/sign-in [32m200[0m 12.508 ms - 2686[0m
[0mGET /users/sign-in [36m304[0m 10.399 ms - -[0m
[0mPOST /users/create-session [36m302[0m 9.998 ms - 46[0m
[0mGET / [32m200[0m 37.100 ms - 6223[0m
[0mGET /assets/css/home.css [33m404[0m 18.941 ms - 158[0m
[0mGET /users/profile/62d6cdd802775264b4d957f2 [32m200[0m 22.859 ms - 2927[0m
[0mGET /users/sign-in [36m302[0m 109.466 ms - 46[0m
[0mGET / [32m200[0m 67.298 ms - 5923[0m
[0mGET /assets/css/home.css [33m404[0m 23.522 ms - 158[0m
[0mGET /users/sign-out [36m302[0m 22.436 ms - 72[0m
[0mGET /users/sign-in [32m200[0m 13.502 ms - 2984[0m
[0mGET /users/sign-in [32m200[0m 12.728 ms - 2686[0m
[0mPOST /users/create-session [36m302[0m 11.793 ms - 46[0m
[0mGET / [32m200[0m 42.161 ms - 6223[0m
[0mGET /assets/css/home.css [33m404[0m 17.900 ms - 158[0m
[0mGET /users/profile/62d6cdd802775264b4d957f2 [32m200[0m 19.960 ms - 2927[0m
[0mGET /users/profile/62d6ce7e02775264b4d957f6 [32m200[0m 21.421 ms - 3144[0m
[0mGET /users/sign-out [36m302[0m 99.674 ms - 72[0m
[0mGET /users/sign-in [32m200[0m 17.547 ms - 2984[0m
[0mGET /users/sign-in [32m200[0m 23.990 ms - 2686[0m
[0mGET /users/sign-in [32m200[0m 36.389 ms - 2686[0m
[0mGET /users/sign-in [32m200[0m 41.256 ms - 2686[0m
[0mGET /users/sign-in [32m200[0m 47.550 ms - 2686[0m
[0mGET /users/sign-in [36m304[0m 13.756 ms - -[0m
[0mPOST /users/create-session [36m302[0m 31.931 ms - 46[0m
[0mGET / [32m200[0m 62.433 ms - 6223[0m
[0mGET /assets/css/home.css [33m404[0m 22.394 ms - 158[0m
[0mGET /users/profile/62d9021e78d05364741d4502 [32m200[0m 21.536 ms - 2913[0m
[0mGET /users/profile/62d9021e78d05364741d4502 [32m200[0m 129.860 ms - 2913[0m
[0mGET /users/profile/62d9021e78d05364741d4502 [32m200[0m 68.913 ms - 2913[0m
[0mGET /users/profile/62d6ce7e02775264b4d957f6 [32m200[0m 18.927 ms - 3144[0m
[0mGET /users/sign-out [36m302[0m 30.006 ms - 72[0m
[0mGET /users/sign-in [32m200[0m 10.095 ms - 2984[0m
[0mGET /users/sign-in [32m200[0m 31.305 ms - 2686[0m
[0mGET /users/sign-up [32m200[0m 16.443 ms - 2721[0m
[0mGET /users/sign-in [32m200[0m 12.860 ms - 2797[0m
[0mGET /users/sign-in [32m200[0m 8.815 ms - 2799[0m
[0mGET /users/sign-in [32m200[0m 9.380 ms - 2912[0m
[0mPOST /users/create-session [36m302[0m 37.856 ms - 46[0m
[0mGET / [32m200[0m 63.226 ms - 6223[0m
[0mGET /assets/css/home.css [33m404[0m 20.428 ms - 158[0m
[0mGET /users/profile/62d6cdd802775264b4d957f2 [32m200[0m 23.871 ms - 2927[0m
[0mGET /users/sign-in [36m302[0m 42.968 ms - 46[0m
[0mGET / [32m200[0m 62.694 ms - 5923[0m
[0mGET /assets/css/home.css [33m404[0m 22.786 ms - 158[0m
[0mGET /users/sign-out [36m302[0m 24.335 ms - 72[0m
[0mGET /users/sign-in [32m200[0m 11.604 ms - 3210[0m
[0mGET /users/sign-in [32m200[0m 10.362 ms - 2912[0m
[0mGET /users/sign-in [32m200[0m 25.634 ms - 2912[0m
[0mGET /users/sign-in [32m200[0m 25.278 ms - 2912[0m
[0mGET /users/sign-in [32m200[0m 23.844 ms - 2912[0m
[0mGET /users/sign-in [36m304[0m 15.167 ms - -[0m
[0mGET /users/sign-in [32m200[0m 27.646 ms - 2912[0m
[0mGET /users/sign-in [32m200[0m 35.077 ms - 2912[0m
[0mGET /users/sign-in [32m200[0m 92.137 ms - 2912[0m
[0mGET /users/sign-in [32m200[0m 119.549 ms - 2912[0m
[0mGET /users/sign-in [32m200[0m 34.885 ms - 2912[0m
[0mGET /users/sign-in [32m200[0m 39.898 ms - 2912[0m
[0mGET /users/sign-in [32m200[0m 48.167 ms - 2826[0m
[0mGET /users/forget-password [32m200[0m 17.793 ms - 2458[0m
[0mGET /css/signup.css [33m404[0m 10.191 ms - 153[0m
[0mGET /users/auth/google [36m302[0m 32.215 ms - 0[0m
[0mGET /users/sign-in [32m200[0m 11.217 ms - 3010[0m
[0mGET /users/auth/google [36m302[0m 5.315 ms - 0[0m
[0mGET /users/sign-in [32m200[0m 11.684 ms - 3037[0m
[0mGET /users/sign-in [32m200[0m 11.860 ms - 3035[0m
[0mGET /users/sign-in [32m200[0m 8.314 ms - 3037[0m
[0mGET /users/auth/google [36m302[0m 7.215 ms - 0[0m
[0mGET /users/auth/google [36m302[0m 6.344 ms - 0[0m
[0mGET /users/sign-in [32m200[0m 10.269 ms - 3037[0m
[0mGET /users/sign-in [32m200[0m 39.891 ms - 3037[0m
[0mGET /users/sign-in [36m304[0m 16.592 ms - -[0m
[0mGET /users/sign-in [32m200[0m 22.451 ms - 3037[0m
[0mGET /users/sign-in [32m200[0m 37.163 ms - 3037[0m
[0mGET /users/sign-in [32m200[0m 41.907 ms - 3037[0m
[0mGET /users/auth/google [36m302[0m 68.651 ms - 0[0m
[0mGET /users/forget-password [32m200[0m 28.982 ms - 2458[0m
[0mGET /css/signup.css [33m404[0m 10.402 ms - 153[0m
[0mGET /users/sign-in [32m200[0m 27.873 ms - 3049[0m
[0mGET /users/sign-in [32m200[0m 23.656 ms - 3049[0m
[0mGET /users/sign-in [32m200[0m 42.882 ms - 3049[0m
[0mGET /users/sign-in [32m200[0m 34.398 ms - 3049[0m
[0mGET /users/sign-in [32m200[0m 36.869 ms - 3049[0m
[0mGET /users/sign-in [32m200[0m 24.905 ms - 3049[0m
[0mGET /users/sign-in [32m200[0m 36.215 ms - 3049[0m
[0mGET /users/sign-in [32m200[0m 36.505 ms - 3049[0m
[0mGET /users/sign-in [32m200[0m 15.693 ms - 3082[0m
[0mGET /users/auth/google [36m302[0m 5.308 ms - 0[0m
[0mGET /users/sign-in [32m200[0m 8.186 ms - 3082[0m
[0mGET /users/auth/google [36m302[0m 5.925 ms - 0[0m
[0mGET /users/sign-in [32m200[0m 8.901 ms - 3116[0m
[0mGET /users/sign-out [36m302[0m 38.806 ms - 72[0m
[0mGET /users/sign-in [32m200[0m 9.419 ms - 3414[0m
[0mGET /users/sign-in [32m200[0m 13.361 ms - 3082[0m
[0mGET /users/sign-in [32m200[0m 150.698 ms - 3082[0m
[0mPOST /users/create-session [36m302[0m 683.391 ms - 46[0m
[0mGET / [32m200[0m 619.275 ms - 6223[0m
[0mGET /assets/css/home.css [33m404[0m 15.532 ms - 158[0m
[0mGET / [32m200[0m 99.326 ms - 5923[0m
[0mGET /assets/css/home.css [33m404[0m 16.132 ms - 158[0m
[0mGET / [36m304[0m 54.924 ms - -[0m
[0mGET /assets/css/home.css [33m404[0m 23.059 ms - 158[0m
[0mGET /users/profile/62d6ce7e02775264b4d957f6 [32m200[0m 13.373 ms - 3144[0m
[0mGET /users/sign-out [36m302[0m 15.871 ms - 72[0m
[0mGET /users/sign-in [32m200[0m 10.024 ms - 3380[0m
[0mGET /users/sign-in [32m200[0m 9.873 ms - 3082[0m
[0mGET /users/sign-in [32m200[0m 40.495 ms - 3082[0m
[0mGET /users/sign-in [32m200[0m 36.964 ms - 3082[0m
[0mGET /users/sign-in [32m200[0m 33.015 ms - 3082[0m
[0mGET /users/sign-in [32m200[0m 33.971 ms - 3082[0m
[0mGET / [36m302[0m 9.358 ms - 72[0m
[0mGET /users/sign-in [36m304[0m 11.307 ms - -[0m
[0mGET /users/sign-in [32m200[0m 85.496 ms - 3082[0m
[0mGET /users/sign-in [32m200[0m 50.769 ms - 3082[0m
[0mGET /users/sign-in [32m200[0m 22.303 ms - 3082[0m
[0mGET /users/sign-in [32m200[0m 41.971 ms - 3082[0m
[0mGET /users/sign-in [32m200[0m 27.481 ms - 3082[0m
[0mGET /users/sign-in [36m304[0m 16.039 ms - -[0m
[0mPOST /users/create-session [36m302[0m 31.390 ms - 46[0m
[0mGET / [32m200[0m 56.364 ms - 6223[0m
[0mGET /assets/css/home.css [33m404[0m 20.851 ms - 158[0m
[0mGET /users/profile/62d6cdd802775264b4d957f2 [32m200[0m 21.124 ms - 2927[0m
[0mGET /users/profile/62d6ce7e02775264b4d957f6 [32m200[0m 21.899 ms - 3144[0m
[0mGET /users/profile/62d9021e78d05364741d4502 [32m200[0m 14.382 ms - 2913[0m
[0mGET /users/profile/62d6ce7e02775264b4d957f6 [36m304[0m 25.425 ms - -[0m
[0mGET /users/sign-in [36m302[0m 35.211 ms - 46[0m
[0mGET / [32m200[0m 73.631 ms - 5923[0m
[0mGET /assets/css/home.css [33m404[0m 19.388 ms - 158[0m
[0mGET /users/sign-out [36m302[0m 20.899 ms - 72[0m
[0mGET /users/sign-in [32m200[0m 12.570 ms - 3380[0m
[0mGET /users/sign-in [32m200[0m 28.732 ms - 3082[0m
[0mGET /users/sign-in [32m200[0m 32.740 ms - 3082[0m
[0mGET /users/sign-in [32m200[0m 30.752 ms - 2977[0m
[0mGET /users/sign-in [36m304[0m 15.616 ms - -[0m
[0mPOST /users/create-session [36m302[0m 30.959 ms - 46[0m
[0mGET / [32m200[0m 56.848 ms - 6118[0m
[0mGET /assets/css/home.css [33m404[0m 18.049 ms - 158[0m
[0mGET / [32m200[0m 103.108 ms - 5818[0m
[0mGET /assets/css/home.css [33m404[0m 25.791 ms - 158[0m
[0mGET / [32m200[0m 95.879 ms - 5818[0m
[0mGET /assets/css/home.css [33m404[0m 18.284 ms - 158[0m
[0mGET /users/sign-out [36m302[0m 27.770 ms - 72[0m
[0mGET /users/sign-in [32m200[0m 11.299 ms - 3275[0m
[0mPOST /users/create-session [36m302[0m 13.391 ms - 46[0m
[0mGET / [32m200[0m 45.244 ms - 6118[0m
[0mGET /assets/css/home.css [33m404[0m 13.909 ms - 158[0m
[0mGET /users/profile/62d6cdd802775264b4d957f2 [32m200[0m 22.178 ms - 2822[0m
[0mGET / [32m200[0m 159.467 ms - 5818[0m
[0mGET /assets/css/home.css [33m404[0m 33.844 ms - 158[0m
[0mGET / [32m200[0m 152.153 ms - 5818[0m
[0mGET /assets/css/home.css [33m404[0m 27.269 ms - 158[0m
[0mGET / [32m200[0m 91.941 ms - 5818[0m
[0mGET /assets/css/home.css [33m404[0m 22.860 ms - 158[0m
[0mGET / [32m200[0m 168.790 ms - 5706[0m
[0mGET /assets/css/home.css [33m404[0m 34.415 ms - 158[0m
[0mGET /undefined [33m404[0m 22.388 ms - 148[0m
[0mGET / [32m200[0m 91.662 ms - 5818[0m
[0mGET /assets/css/home.css [33m404[0m 22.043 ms - 158[0m
[0mGET / [32m200[0m 130.713 ms - 5706[0m
[0mGET /undefined [33m404[0m 21.248 ms - 148[0m
[0mGET /assets/css/home.css [33m404[0m 30.869 ms - 158[0m
[0mGET / [32m200[0m 107.743 ms - 5818[0m
[0mGET /assets/css/home.css [33m404[0m 20.010 ms - 158[0m
[0mGET / [32m200[0m 83.301 ms - 5818[0m
[0mGET /assets/css/home.css [33m404[0m 31.631 ms - 158[0m
[0mGET / [32m200[0m 87.492 ms - 5818[0m
[0mGET /assets/css/home.css [33m404[0m 19.916 ms - 158[0m
[0mGET / [32m200[0m 93.324 ms - 5818[0m
[0mGET /assets/css/home.css [33m404[0m 21.677 ms - 158[0m
[0mGET / [32m200[0m 98.512 ms - 5818[0m
[0mGET /assets/css/home.css [33m404[0m 30.248 ms - 158[0m
[0mGET / [32m200[0m 51.915 ms - 5601[0m
[0mGET /assets/css/home.css [33m404[0m 22.930 ms - 158[0m
[0mGET / [32m200[0m 103.343 ms - 5601[0m
[0mGET /assets/css/home.css [33m404[0m 28.058 ms - 158[0m
[0mGET / [32m200[0m 146.255 ms - 5601[0m
[0mGET /assets/css/home.css [33m404[0m 19.325 ms - 158[0m
[0mGET / [32m200[0m 125.981 ms - 5601[0m
[0mGET /assets/css/home.css [33m404[0m 31.530 ms - 158[0m
[0mGET / [32m200[0m 105.583 ms - 5601[0m
[0mGET /assets/css/home.css [33m404[0m 30.398 ms - 158[0m
[0mGET / [32m200[0m 85.580 ms - 5601[0m
[0mGET /assets/css/home.css [33m404[0m 23.864 ms - 158[0m
[0mGET / [32m200[0m 136.604 ms - 5601[0m
[0mGET /assets/css/home.css [33m404[0m 19.747 ms - 158[0m
[0mGET / [32m200[0m 102.755 ms - 5489[0m
[0mGET /undefined [33m404[0m 33.722 ms - 148[0m
[0mGET /assets/css/home.css [33m404[0m 34.848 ms - 158[0m
[0mGET / [36m304[0m 42.697 ms - -[0m
[0mGET /undefined [33m404[0m 10.681 ms - 148[0m
[0mGET /assets/css/home.css [33m404[0m 10.027 ms - 158[0m
[0mGET / [32m200[0m 118.015 ms - 5601[0m
[0mGET /assets/css/home.css [33m404[0m 29.590 ms - 158[0m
[0mGET / [32m200[0m 84.860 ms - 5601[0m
[0mGET /assets/css/home.css [33m404[0m 32.998 ms - 158[0m
[0mGET / [32m200[0m 80.828 ms - 5601[0m
[0mGET /assets/css/home.css [33m404[0m 21.427 ms - 158[0m
[0mGET / [32m200[0m 122.629 ms - 5601[0m
[0mGET /assets/css/home.css [33m404[0m 40.291 ms - 158[0m
[0mGET / [32m200[0m 97.731 ms - 5601[0m
[0mGET /assets/css/home.css [33m404[0m 27.207 ms - 158[0m
[0mGET / [32m200[0m 142.819 ms - 5601[0m
[0mGET /assets/css/home.css [33m404[0m 21.176 ms - 158[0m
[0mGET / [32m200[0m 199.226 ms - 5601[0m
[0mGET /assets/css/home.css [33m404[0m 38.322 ms - 158[0m
[0mGET / [32m200[0m 239.987 ms - 5601[0m
[0mGET /assets/css/home.css [33m404[0m 24.468 ms - 158[0m
[0mGET / [32m200[0m 106.422 ms - 5601[0m
[0mGET /assets/css/home.css [33m404[0m 38.089 ms - 158[0m
[0mGET / [32m200[0m 133.101 ms - 5601[0m
[0mGET /assets/css/home.css [33m404[0m 33.348 ms - 158[0m
[0mGET / [32m200[0m 84.277 ms - 5601[0m
[0mGET /assets/css/home.css [33m404[0m 16.328 ms - 158[0m
[0mGET / [32m200[0m 88.318 ms - 5601[0m
[0mGET /assets/css/home.css [33m404[0m 25.166 ms - 158[0m
[0mGET / [32m200[0m 256.187 ms - 5601[0m
[0mGET /assets/css/home.css [33m404[0m 25.526 ms - 158[0m
[0mGET / [32m200[0m 84.810 ms - 5601[0m
[0mGET /assets/css/home.css [33m404[0m 22.166 ms - 158[0m
[0mGET / [32m200[0m 91.609 ms - 5601[0m
[0mGET /assets/css/home.css [33m404[0m 22.833 ms - 158[0m
[0mGET / [32m200[0m 167.932 ms - 5601[0m
[0mGET /assets/css/home.css [33m404[0m 18.920 ms - 158[0m
[0mGET / [36m304[0m 49.015 ms - -[0m
[0mGET /assets/css/home.css [33m404[0m 23.758 ms - 158[0m
[0mGET / [36m304[0m 147.255 ms - -[0m
[0mGET /assets/css/home.css [33m404[0m 21.352 ms - 158[0m
[0mGET /assets/css/home.css [33m404[0m 19.210 ms - 158[0m
[0mGET / [36m304[0m 43.412 ms - -[0m
[0mGET /assets/css/home.css [33m404[0m 22.607 ms - 158[0m
[0mGET /users/sign-out [36m302[0m 14.760 ms - 72[0m
[0mGET /users/sign-in [36m304[0m 9.132 ms - -[0m
[0mGET /users/sign-in [32m200[0m 11.285 ms - 2977[0m
[0mPOST /users/create-session [36m302[0m 10.248 ms - 46[0m
[0mGET / [32m200[0m 34.412 ms - 5901[0m
[0mGET /assets/css/home.css [33m404[0m 12.648 ms - 158[0m
[0mGET / [32m200[0m 92.153 ms - 5601[0m
[0mGET /assets/css/home.css [33m404[0m 15.417 ms - 158[0m
[0mGET / [32m200[0m 96.237 ms - 5601[0m
[0mGET /assets/css/home.css [33m404[0m 22.596 ms - 158[0m
[0mGET / [32m200[0m 89.040 ms - 5601[0m
[0mGET /assets/css/home.css [33m404[0m 22.364 ms - 158[0m
[0mGET / [32m200[0m 157.980 ms - 5601[0m
[0mGET /assets/css/home.css [33m404[0m 11.663 ms - 158[0m
[0mGET / [32m200[0m 83.266 ms - 5601[0m
[0mGET /assets/css/home.css [33m404[0m 22.484 ms - 158[0m
[0mGET / [32m200[0m 81.815 ms - 5601[0m
[0mGET /assets/css/home.css [33m404[0m 27.924 ms - 158[0m
[0mGET / [32m200[0m 146.899 ms - 5601[0m
[0mGET /assets/css/home.css [33m404[0m 30.901 ms - 158[0m
[0mGET / [32m200[0m 158.109 ms - 5601[0m
[0mGET /assets/css/home.css [33m404[0m 27.333 ms - 158[0m
[0mGET / [32m200[0m 152.550 ms - 5601[0m
[0mGET /assets/css/home.css [33m404[0m 16.010 ms - 158[0m
[0mGET / [32m200[0m 118.934 ms - 5601[0m
[0mGET /assets/css/home.css [33m404[0m 29.130 ms - 158[0m
[0mGET / [32m200[0m 99.091 ms - 5601[0m
[0mGET /assets/css/home.css [33m404[0m 23.693 ms - 158[0m
[0mGET / [36m304[0m 42.418 ms - -[0m
[0mGET /assets/css/home.css [33m404[0m 20.189 ms - 158[0m
[0mGET / [32m200[0m 98.429 ms - 5601[0m
[0mGET /assets/css/home.css [33m404[0m 25.697 ms - 158[0m
[0mPOST /posts/create [32m200[0m 211.370 ms - 340[0m
[0mGET / [32m200[0m 94.813 ms - 6877[0m
[0mGET /assets/css/home.css [33m404[0m 23.662 ms - 158[0m
[0mGET / [32m200[0m 96.277 ms - 6877[0m
[0mGET /assets/css/home.css [33m404[0m 21.975 ms - 158[0m
[0mGET / [32m200[0m 100.616 ms - 6877[0m
[0mGET /assets/css/home.css [33m404[0m 26.562 ms - 158[0m
[0mGET / [32m200[0m 95.807 ms - 6877[0m
[0mGET /assets/css/home.css [33m404[0m 27.656 ms - 158[0m
[0mGET / [32m200[0m 96.418 ms - 6877[0m
[0mGET /assets/css/home.css [33m404[0m 21.498 ms - 158[0m
[0mGET / [32m200[0m 188.654 ms - 6877[0m
[0mGET /assets/css/home.css [33m404[0m 15.665 ms - 158[0m
[0mGET / [32m200[0m 85.197 ms - 6877[0m
[0mGET /assets/css/home.css [33m404[0m 24.005 ms - 158[0m
[0mGET / [32m200[0m 91.551 ms - 6877[0m
[0mGET /assets/css/home.css [33m404[0m 31.076 ms - 158[0m
[0mGET / [32m200[0m 89.414 ms - 6877[0m
[0mGET /assets/css/home.css [33m404[0m 28.037 ms - 158[0m
[0mGET / [32m200[0m 94.943 ms - 6877[0m
[0mGET /assets/css/home.css [33m404[0m 21.979 ms - 158[0m
[0mGET /users/sign-out [36m302[0m 23.441 ms - 72[0m
[0mGET /users/sign-in [32m200[0m 10.373 ms - 3275[0m
[0mPOST /users/create-session [36m302[0m 13.855 ms - 46[0m
[0mGET / [32m200[0m 39.911 ms - 7177[0m
[0mGET /assets/css/home.css [33m404[0m 18.805 ms - 158[0m
[0mGET / [32m200[0m 93.645 ms - 6877[0m
[0mGET /assets/css/home.css [33m404[0m 23.588 ms - 158[0m
[0mGET / [32m200[0m 142.634 ms - 6877[0m
[0mGET /assets/css/home.css [33m404[0m 34.460 ms - 158[0m
[0mGET / [32m200[0m 112.347 ms - 6877[0m
[0mGET /assets/css/home.css [33m404[0m 28.252 ms - 158[0m
[0mGET / [32m200[0m 92.655 ms - 6877[0m
[0mGET /assets/css/home.css [33m404[0m 27.418 ms - 158[0m
[0mGET / [32m200[0m 82.513 ms - 6877[0m
[0mGET /assets/css/home.css [33m404[0m 22.807 ms - 158[0m
[0mGET / [32m200[0m 100.370 ms - 6877[0m
[0mGET /assets/css/home.css [33m404[0m 26.851 ms - 158[0m
[0mGET / [32m200[0m 127.246 ms - 6877[0m
[0mGET /assets/css/home.css [33m404[0m 32.215 ms - 158[0m
[0mGET / [32m200[0m 92.855 ms - 6877[0m
[0mGET /assets/css/home.css [33m404[0m 24.941 ms - 158[0m
[0mGET / [32m200[0m 140.127 ms - 7004[0m
[0mGET /assets/css/home.css [33m404[0m 20.024 ms - 158[0m
[0mGET / [32m200[0m 97.905 ms - 7004[0m
[0mGET /assets/css/home.css [33m404[0m 30.027 ms - 158[0m
[0mGET / [32m200[0m 96.886 ms - 7004[0m
[0mGET /assets/css/home.css [33m404[0m 23.661 ms - 158[0m
[0mGET / [32m200[0m 119.390 ms - 7004[0m
[0mGET /assets/css/home.css [33m404[0m 31.242 ms - 158[0m
[0mGET / [32m200[0m 117.166 ms - 7004[0m
[0mGET /assets/css/home.css [33m404[0m 27.342 ms - 158[0m
[0mGET /users/profile/62d6ce7e02775264b4d957f6 [32m200[0m 17.881 ms - 3039[0m
[0mGET / [36m304[0m 63.301 ms - -[0m
[0mGET /assets/css/home.css [33m404[0m 18.620 ms - 158[0m
[0mGET / [36m304[0m 40.230 ms - -[0m
[0mGET /assets/css/home.css [33m404[0m 18.648 ms - 158[0m
[0mGET / [32m200[0m 44.616 ms - 7018[0m
[0mGET /assets/css/home.css [33m404[0m 16.104 ms - 158[0m
[0mGET / [32m200[0m 54.171 ms - 7015[0m
[0mGET /assets/css/home.css [33m404[0m 9.205 ms - 158[0m
[0mGET / [32m200[0m 39.472 ms - 7046[0m
[0mGET /assets/css/home.css [33m404[0m 21.677 ms - 158[0m
[0mGET / [32m200[0m 35.574 ms - 7079[0m
[0mGET /assets/css/home.css [33m404[0m 19.268 ms - 158[0m
[0mGET / [32m200[0m 109.572 ms - 7079[0m
[0mGET /assets/css/home.css [33m404[0m 29.150 ms - 158[0m
[0mGET / [32m200[0m 140.718 ms - 7119[0m
[0mGET /assets/css/home.css [33m404[0m 17.832 ms - 158[0m
[0mGET / [32m200[0m 103.331 ms - 7119[0m
[0mGET /assets/css/home.css [33m404[0m 28.415 ms - 158[0m
[0mGET / [32m200[0m 102.117 ms - 7123[0m
[0mGET /assets/css/home.css [33m404[0m 25.698 ms - 158[0m
[0mGET / [32m200[0m 136.460 ms - 7123[0m
[0mGET /assets/css/home.css [33m404[0m 19.885 ms - 158[0m
[0mGET / [32m200[0m 96.482 ms - 7123[0m
[0mGET /assets/css/home.css [33m404[0m 25.232 ms - 158[0m
[0mGET / [32m200[0m 84.153 ms - 7123[0m
[0mGET /assets/css/home.css [33m404[0m 27.034 ms - 158[0m
[0mGET / [32m200[0m 87.216 ms - 7123[0m
[0mGET /assets/css/home.css [33m404[0m 23.702 ms - 158[0m
[0mGET / [32m200[0m 101.870 ms - 7123[0m
[0mGET /assets/css/home.css [33m404[0m 16.995 ms - 158[0m
[0mGET / [32m200[0m 91.813 ms - 7123[0m
[0mGET /assets/css/home.css [33m404[0m 22.998 ms - 158[0m
[0mGET / [32m200[0m 155.139 ms - 7123[0m
[0mGET /assets/css/home.css [33m404[0m 22.220 ms - 158[0m
[0mGET / [32m200[0m 93.333 ms - 7123[0m
[0mGET /assets/css/home.css [33m404[0m 25.097 ms - 158[0m
[0mGET / [32m200[0m 94.388 ms - 7123[0m
[0mGET /assets/css/home.css [33m404[0m 29.448 ms - 158[0m
[0mGET / [32m200[0m 173.109 ms - 7123[0m
[0mGET /assets/css/home.css [33m404[0m 21.381 ms - 158[0m
[0mGET / [32m200[0m 100.034 ms - 7123[0m
[0mGET /assets/css/home.css [33m404[0m 20.342 ms - 158[0m
[0mGET / [32m200[0m 110.126 ms - 7123[0m
[0mGET /assets/css/home.css [33m404[0m 30.675 ms - 158[0m
[0mGET / [32m200[0m 86.872 ms - 7123[0m
[0mGET /assets/css/home.css [33m404[0m 27.258 ms - 158[0m
[0mGET / [32m200[0m 91.001 ms - 7123[0m
[0mGET /assets/css/home.css [33m404[0m 30.632 ms - 158[0m
[0mGET / [32m200[0m 100.032 ms - 7123[0m
[0mGET /assets/css/home.css [33m404[0m 19.855 ms - 158[0m
[0mGET / [32m200[0m 129.280 ms - 7123[0m
[0mGET /assets/css/home.css [33m404[0m 37.901 ms - 158[0m
[0mGET / [32m200[0m 141.169 ms - 7123[0m
[0mGET /assets/css/home.css [33m404[0m 21.295 ms - 158[0m
[0mGET / [32m200[0m 93.385 ms - 7123[0m
[0mGET /assets/css/home.css [33m404[0m 19.945 ms - 158[0m
[0mGET / [32m200[0m 92.346 ms - 7123[0m
[0mGET /assets/css/home.css [33m404[0m 30.579 ms - 158[0m
[0mGET / [32m200[0m 96.819 ms - 7123[0m
[0mGET /assets/css/home.css [33m404[0m 31.797 ms - 158[0m
[0mGET / [32m200[0m 91.303 ms - 7123[0m
[0mGET /assets/css/home.css [33m404[0m 22.351 ms - 158[0m
[0mPOST /posts/create [32m200[0m 114.027 ms - 269[0m
[0mGET /undefined [33m404[0m 9.585 ms - 148[0m
[0mGET / [32m200[0m 57.324 ms - 8347[0m
[0mGET /assets/css/home.css [33m404[0m 26.619 ms - 158[0m
[0mGET /posts/destroy/62d9344b57987c47ecbf8a8f [32m200[0m 204.966 ms - 72[0m
[0mGET / [32m200[0m 44.320 ms - 7129[0m
[0mGET /assets/css/home.css [33m404[0m 15.352 ms - 158[0m
[0mGET / [32m200[0m 39.837 ms - 7129[0m
[0mGET /assets/css/home.css [33m404[0m 8.880 ms - 158[0m
[0mGET / [32m200[0m 87.464 ms - 7129[0m
[0mGET /assets/css/home.css [33m404[0m 20.681 ms - 158[0m
[0mGET / [32m200[0m 98.911 ms - 7129[0m
[0mGET /assets/css/home.css [33m404[0m 22.816 ms - 158[0m
[0mGET /posts/destroy/62d92a01faa598257414c368 [32m200[0m 19.666 ms - 72[0m
[0mGET / [32m200[0m 136.162 ms - 5853[0m
[0mGET /assets/css/home.css [33m404[0m 34.846 ms - 158[0m
[0mPOST /posts/create [32m200[0m 90.024 ms - 446[0m
[0mGET / [32m200[0m 54.825 ms - 7233[0m
[0mGET /assets/css/home.css [33m404[0m 16.341 ms - 158[0m
[0mGET / [32m200[0m 39.180 ms - 7233[0m
[0mGET /assets/css/home.css [33m404[0m 9.338 ms - 158[0m
[0mGET /users/sign-out [36m302[0m 14.178 ms - 72[0m
[0mGET /users/sign-in [36m304[0m 23.210 ms - -[0m
[0mPOST /users/create-session [36m302[0m 10.061 ms - 46[0m
[0mGET / [32m200[0m 65.362 ms - 7812[0m
[0mGET /assets/css/home.css [33m404[0m 15.140 ms - 158[0m
[0mPOST /comments/create [32m200[0m 93.067 ms - 335[0m
[0mGET / [32m200[0m 275.583 ms - 8052[0m
[0mGET /assets/css/home.css [33m404[0m 15.725 ms - 158[0m
[0mPOST /comments/create [32m200[0m 18.179 ms - 321[0m
[0mGET /comments/destroy/62d939828e72547d8804c984 [32m200[0m 8.811 ms - 75[0m
[0mPOST /users/create-session [36m302[0m 12.330 ms - 72[0m
[0mGET /users/sign-in [36m302[0m 5.717 ms - 46[0m
[0mGET / [36m304[0m 50.088 ms - -[0m
[0mGET /assets/css/home.css [33m404[0m 12.037 ms - 158[0m
[0mGET / [36m304[0m 52.129 ms - -[0m
[0mGET /assets/css/home.css [33m404[0m 21.945 ms - 158[0m
[0mPOST /comments/create [32m200[0m 171.149 ms - 321[0m
[0mGET /comments/destroy/62d939c28e72547d8804c9a4 [32m200[0m 7.703 ms - 75[0m
[0mGET /users/sign-out [36m302[0m 12.564 ms - 72[0m
[0mGET /users/sign-in [32m200[0m 6.506 ms - 3275[0m
[0mPOST /users/create-session [36m302[0m 12.493 ms - 46[0m
[0mGET / [32m200[0m 31.932 ms - 8404[0m
[0mGET /assets/css/home.css [33m404[0m 19.827 ms - 158[0m
[0mGET /comments/destroy/62d938998e72547d8804c973 [36m302[0m 7.551 ms - 44[0m
[0mGET / [32m200[0m 30.259 ms - 8392[0m
[0mGET /posts/destroy/62d6cec802775264b4d95818 [32m200[0m 14.394 ms - 72[0m
[0mPOST /likes/toggle/?id=62d937f18e72547d8804c952&type=Post [32m200[0m 13.780 ms - 57[0m
[0mPOST /likes/toggle/?id=62d937f18e72547d8804c952&type=Post [32m200[0m 12.424 ms - 56[0m
[0mPOST /likes/toggle/?id=62d937f18e72547d8804c952&type=Post [32m200[0m 12.182 ms - 57[0m
[0mPOST /likes/toggle/?id=62d937f18e72547d8804c952&type=Post [32m200[0m 10.838 ms - 56[0m
[0mPOST /comments/create [32m200[0m 14.343 ms - 331[0m
[0mGET / [32m200[0m 36.797 ms - 7736[0m
[0mGET /assets/css/home.css [33m404[0m 13.650 ms - 158[0m
[0mGET / [32m200[0m 43.242 ms - 7763[0m
[0mGET /assets/css/home.css [33m404[0m 27.470 ms - 158[0m
[0mGET /posts/destroy/62d937f18e72547d8804c952 [32m200[0m 13.351 ms - 72[0m
[0mPOST /posts/create [32m200[0m 25.482 ms - 363[0m
[0mGET / [32m200[0m 33.919 ms - 6016[0m
[0mGET /assets/css/home.css [33m404[0m 14.343 ms - 158[0m
[0mGET /posts/destroy/62d93c088e72547d8804c9fb [32m200[0m 11.802 ms - 72[0m
[0mPOST /posts/create [32m200[0m 21.866 ms - 363[0m
[0mGET / [32m200[0m 38.064 ms - 6016[0m
[0mGET /assets/css/home.css [33m404[0m 16.599 ms - 158[0m
[0mGET / [32m200[0m 37.314 ms - 6016[0m
[0mGET /assets/css/home.css [33m404[0m 8.354 ms - 158[0m
[0mGET / [32m200[0m 38.284 ms - 6016[0m
[0mGET /assets/css/home.css [33m404[0m 20.092 ms - 158[0m
[0mGET / [32m200[0m 36.383 ms - 6014[0m
[0mGET /assets/css/home.css [33m404[0m 17.958 ms - 158[0m
[0mGET / [32m200[0m 34.295 ms - 6045[0m
[0mGET /assets/css/home.css [33m404[0m 11.806 ms - 158[0m
[0mGET / [32m200[0m 30.073 ms - 6046[0m
[0mGET /assets/css/home.css [33m404[0m 17.806 ms - 158[0m
[0mGET /posts/destroy/62d93c2b8e72547d8804ca0b [32m200[0m 12.928 ms - 72[0m
[0mPOST /posts/create [32m200[0m 20.190 ms - 363[0m
[0mGET / [32m200[0m 34.341 ms - 5919[0m
[0mGET /assets/css/home.css [33m404[0m 17.118 ms - 158[0m
[0mPOST /posts/create [32m200[0m 22.531 ms - 428[0m
[0mGET / [32m200[0m 45.091 ms - 7324[0m
[0mGET /assets/css/home.css [33m404[0m 11.749 ms - 158[0m
[0mGET / [32m200[0m 265.320 ms - 7324[0m
[0mGET /assets/css/home.css [33m404[0m 10.825 ms - 158[0m
[0mGET /assets/css/home.css [33m404[0m 9.291 ms - 158[0m
[0mPOST /posts/create [32m200[0m 56.511 ms - 354[0m
[0mPOST /posts/create [32m200[0m 24.578 ms - 354[0m
[0mGET / [32m200[0m 50.643 ms - 9986[0m
[0mGET /assets/css/home.css [33m404[0m 16.630 ms - 158[0m
[0mGET /posts/destroy/62d94234316a37649019dd72 [32m200[0m 18.912 ms - 72[0m
[0mGET / [32m200[0m 36.746 ms - 8733[0m
[0mGET /assets/css/home.css [33m404[0m 29.769 ms - 158[0m
[0mGET / [32m200[0m 42.279 ms - 8892[0m
[0mGET /assets/css/home.css [33m404[0m 10.559 ms - 158[0m
[0mGET /users/profile/62d9021e78d05364741d4502 [32m200[0m 12.862 ms - 2808[0m
[0mGET / [32m200[0m 151.574 ms - 9225[0m
[0mGET /assets/css/home.css [33m404[0m 31.300 ms - 158[0m
[0mGET / [32m200[0m 100.242 ms - 9225[0m
[0mGET /assets/css/home.css [33m404[0m 20.398 ms - 158[0m
[0mGET / [32m200[0m 79.710 ms - 9225[0m
[0mGET /assets/css/home.css [33m404[0m 20.014 ms - 158[0m
[0mGET / [32m200[0m 123.625 ms - 9225[0m
[0mGET /assets/css/home.css [33m404[0m 29.799 ms - 158[0m
[0mGET / [32m200[0m 93.310 ms - 9225[0m
[0mGET /assets/css/home.css [33m404[0m 27.662 ms - 158[0m
[0mGET / [32m200[0m 105.063 ms - 9225[0m
[0mGET /assets/css/home.css [33m404[0m 28.224 ms - 158[0m
[0mGET / [32m200[0m 114.168 ms - 9225[0m
[0mGET /assets/css/home.css [33m404[0m 33.245 ms - 158[0m
[0mGET / [32m200[0m 49.754 ms - 9237[0m
[0mGET /assets/css/home.css [33m404[0m 16.253 ms - 158[0m
[0mPOST /comments/create [32m200[0m 65.013 ms - 331[0m
[0mGET / [32m200[0m 109.216 ms - 10235[0m
[0mGET /assets/css/home.css [33m404[0m 25.558 ms - 158[0m
[0mGET / [32m200[0m 61.866 ms - 10280[0m
[0mGET /assets/css/home.css [33m404[0m 13.857 ms - 158[0m
[0mGET / [32m200[0m 48.360 ms - 10343[0m
[0mGET /assets/css/home.css [33m404[0m 17.971 ms - 158[0m
[0mGET / [32m200[0m 47.655 ms - 10373[0m
[0mGET /assets/css/home.css [33m404[0m 15.696 ms - 158[0m
[0mGET / [32m200[0m 45.797 ms - 10466[0m
[0mGET /assets/css/home.css [33m404[0m 9.302 ms - 158[0m
[0mGET / [32m200[0m 158.606 ms - 10409[0m
[0mGET /assets/css/home.css [33m404[0m 23.604 ms - 158[0m
[0mGET / [32m200[0m 91.740 ms - 10409[0m
[0mGET /assets/css/home.css [33m404[0m 20.176 ms - 158[0m
[0mGET / [32m200[0m 51.791 ms - 10427[0m
[0mGET /assets/css/home.css [33m404[0m 20.136 ms - 158[0m
[0mGET / [32m200[0m 101.335 ms - 10439[0m
[0mGET /assets/css/home.css [33m404[0m 28.771 ms - 158[0m
[0mGET / [32m200[0m 52.023 ms - 10469[0m
[0mGET /assets/css/home.css [33m404[0m 11.500 ms - 158[0m
[0mGET /posts/destroy/62d9423e316a37649019dd76 [32m200[0m 21.026 ms - 72[0m
[0mGET /users/profile/62d6cdd802775264b4d957f2 [36m304[0m 14.423 ms - -[0m
[0mGET /users/profile/62d6ce7e02775264b4d957f6 [36m304[0m 13.053 ms - -[0m
[0mGET /users/profile/62d6ce7e02775264b4d957f6 [36m304[0m 16.400 ms - -[0m
[0mGET / [32m200[0m 129.533 ms - 7982[0m
[0mGET /assets/css/home.css [33m404[0m 26.796 ms - 158[0m
[0mGET /posts/destroy/62d93e1f8e72547d8804ca43 [32m200[0m 28.587 ms - 72[0m
[0mPOST /posts/create [32m200[0m 52.417 ms - 606[0m
[0mGET / [32m200[0m 50.710 ms - 8160[0m
[0mGET /assets/css/home.css [33m404[0m 27.399 ms - 158[0m
[0mGET / [32m200[0m 111.751 ms - 8160[0m
[0mGET /assets/css/home.css [33m404[0m 26.541 ms - 158[0m
[0mGET / [32m200[0m 93.217 ms - 8160[0m
[0mGET /assets/css/home.css [33m404[0m 22.011 ms - 158[0m
[0mGET / [32m200[0m 276.707 ms - 8160[0m
[0mGET /assets/css/home.css [33m404[0m 24.515 ms - 158[0m
[0mGET / [32m200[0m 91.358 ms - 8160[0m
[0mGET /assets/css/home.css [33m404[0m 25.049 ms - 158[0m
[0mGET / [32m200[0m 146.138 ms - 8160[0m
[0mGET /assets/css/home.css [33m404[0m 20.847 ms - 158[0m
[0mGET /users/profile/62d9021e78d05364741d4502 [36m304[0m 24.632 ms - -[0m
[0mPOST /users/togg-friend/?id=62d9021e78d05364741d4502 [32m200[0m 29.390 ms - 21[0m
[0mGET / [32m200[0m 53.222 ms - 8667[0m
[0mGET /assets/css/home.css [33m404[0m 23.032 ms - 158[0m
[0mGET / [32m200[0m 100.498 ms - 8667[0m
[0mGET /assets/css/home.css [33m404[0m 19.362 ms - 158[0m
[0mGET / [36m302[0m 17.897 ms - 72[0m
[0mGET /users/sign-in [32m200[0m 381.585 ms - 2977[0m
[0mGET /users/sign-in [36m304[0m 65.690 ms - -[0m
[0mPOST /users/create-session [36m302[0m 267.346 ms - 46[0m
[0mGET / [32m200[0m 186.618 ms - 8667[0m
[0mGET /assets/css/home.css [33m404[0m 19.033 ms - 158[0m
[0mGET /users/sign-in [36m302[0m 49.998 ms - 46[0m
[0mGET / [32m200[0m 101.545 ms - 8667[0m
[0mGET /assets/css/home.css [33m404[0m 32.221 ms - 158[0m
[0mGET /users/sign-out [36m302[0m 25.925 ms - 72[0m
[0mGET /users/sign-in [32m200[0m 9.812 ms - 3275[0m
[0mGET /users/sign-in [32m200[0m 13.735 ms - 2977[0m
[0mGET /users/sign-in [36m304[0m 11.223 ms - -[0m
[0mGET /users/sign-in [32m200[0m 49.076 ms - 2977[0m
[0mGET /users/sign-in [32m200[0m 38.916 ms - 2977[0m
[0mGET /users/sign-in [36m304[0m 16.082 ms - -[0m
