[0mGET / [36m304[0m 57.555 ms - -[0m
[0mGET /assets/css/home.css [33m404[0m 28.024 ms - 158[0m
[0mGET / [36m304[0m 47.019 ms - -[0m
[0mGET /assets/css/home.css [33m404[0m 21.988 ms - 158[0m
[0mGET / [36m304[0m 46.433 ms - -[0m
[0mGET /assets/css/home.css [33m404[0m 21.240 ms - 158[0m
[0mGET / [32m200[0m 92.190 ms - 12830[0m
[0mGET /assets/css/home.css [33m404[0m 20.607 ms - 158[0m
[0mGET / [32m200[0m 115.248 ms - 12830[0m
[0mGET /assets/css/home.css [33m404[0m 26.727 ms - 158[0m
[0mGET / [32m200[0m 160.447 ms - 12830[0m
[0mGET /assets/css/home.css [33m404[0m 26.033 ms - 158[0m
[0mGET / [32m200[0m 144.548 ms - 12830[0m
[0mGET /assets/css/home.css [33m404[0m 31.858 ms - 158[0m
[0mGET / [32m200[0m 123.789 ms - 12830[0m
[0mGET /assets/css/home.css [33m404[0m 24.131 ms - 158[0m
[0mGET / [36m304[0m 56.075 ms - -[0m
[0mGET /assets/css/home.css [33m404[0m 34.794 ms - 158[0m
[0mGET / [36m304[0m 47.239 ms - -[0m
[0mGET /assets/css/home.css [33m404[0m 10.641 ms - 158[0m
[0mGET / [32m200[0m 106.885 ms - 12830[0m
[0mGET /assets/css/home.css [33m404[0m 32.945 ms - 158[0m
[0mGET / [32m200[0m 147.485 ms - 12830[0m
[0mGET /assets/css/home.css [33m404[0m 34.161 ms - 158[0m
[0mGET / [32m200[0m 54.495 ms - 12842[0m
[0mGET /assets/css/home.css [33m404[0m 23.128 ms - 158[0m
[0mGET / [36m304[0m 47.824 ms - -[0m
[0mGET /assets/css/home.css [33m404[0m 23.142 ms - 158[0m
[0mGET / [32m200[0m 54.748 ms - 12853[0m
[0mGET /assets/css/home.css [33m404[0m 10.248 ms - 158[0m
[0mGET / [36m304[0m 50.774 ms - -[0m
[0mGET /assets/css/home.css [33m404[0m 20.051 ms - 158[0m
[0mGET / [32m200[0m 96.056 ms - 12868[0m
[0mGET /assets/css/home.css [33m404[0m 16.370 ms - 158[0m
[0mGET / [32m200[0m 143.960 ms - 12868[0m
[0mGET /assets/css/home.css [33m404[0m 31.710 ms - 158[0m
[0mGET / [36m304[0m 86.435 ms - -[0m
[0mGET /assets/css/home.css [33m404[0m 29.942 ms - 158[0m
[0mGET / [36m304[0m 56.494 ms - -[0m
[0mGET /assets/css/home.css [33m404[0m 21.569 ms - 158[0m
[0mGET / [36m304[0m 61.678 ms - -[0m
[0mGET /assets/css/home.css [33m404[0m 18.694 ms - 158[0m
[0mGET / [32m200[0m 50.249 ms - 12866[0m
[0mGET /assets/css/home.css [33m404[0m 43.314 ms - 158[0m
[0mGET / [32m200[0m 91.230 ms - 12866[0m
[0mGET /assets/css/home.css [33m404[0m 24.156 ms - 158[0m
[0mGET / [32m200[0m 90.248 ms - 12866[0m
[0mGET /assets/css/home.css [33m404[0m 23.437 ms - 158[0m
[0mGET / [32m200[0m 99.957 ms - 12866[0m
[0mGET /assets/css/home.css [33m404[0m 12.992 ms - 158[0m
[0mGET / [32m200[0m 102.992 ms - 12866[0m
[0mGET /assets/css/home.css [33m404[0m 38.668 ms - 158[0m
[0mGET / [32m200[0m 125.976 ms - 12867[0m
[0mGET /assets/css/home.css [33m404[0m 31.060 ms - 158[0m
[0mGET / [36m304[0m 49.116 ms - -[0m
[0mGET /assets/css/home.css [33m404[0m 28.996 ms - 158[0m
[0mGET / [36m304[0m 48.338 ms - -[0m
[0mGET /assets/css/home.css [33m404[0m 27.351 ms - 158[0m
[0mGET / [32m200[0m 128.053 ms - 12867[0m
[0mGET /assets/css/home.css [33m404[0m 35.173 ms - 158[0m
[0mGET / [32m200[0m 107.222 ms - 12867[0m
[0mGET /assets/css/home.css [33m404[0m 30.672 ms - 158[0m
[0mGET / [36m304[0m 67.412 ms - -[0m
[0mGET /assets/css/home.css [33m404[0m 22.091 ms - 158[0m
[0mGET / [32m200[0m 52.083 ms - 12872[0m
[0mGET /assets/css/home.css [33m404[0m 13.171 ms - 158[0m
[0mGET / [36m304[0m 48.927 ms - -[0m
[0mGET /assets/css/home.css [33m404[0m 19.969 ms - 158[0m
[0mGET / [32m200[0m 151.869 ms - 12872[0m
[0mGET /assets/css/home.css [33m404[0m 46.498 ms - 158[0m
[0mGET / [36m304[0m 76.105 ms - -[0m
[0mGET /assets/css/home.css [33m404[0m 9.489 ms - 158[0m
[0mGET / [32m200[0m 151.004 ms - 12872[0m
[0mGET /assets/css/home.css [33m404[0m 29.971 ms - 158[0m
[0mGET / [36m304[0m 67.883 ms - -[0m
[0mGET /assets/css/home.css [33m404[0m 28.437 ms - 158[0m
[0mGET / [36m304[0m 68.521 ms - -[0m
[0mGET /assets/css/home.css [33m404[0m 26.856 ms - 158[0m
[0mGET / [32m200[0m 143.147 ms - 12872[0m
[0mGET /assets/css/home.css [33m404[0m 30.173 ms - 158[0m
[0mGET / [32m200[0m 134.762 ms - 12872[0m
[0mGET /assets/css/home.css [33m404[0m 35.844 ms - 158[0m
[0mGET / [36m304[0m 53.501 ms - -[0m
[0mGET /assets/css/home.css [33m404[0m 15.667 ms - 158[0m
[0mGET / [32m200[0m 159.819 ms - 12872[0m
[0mGET /assets/css/home.css [33m404[0m 24.430 ms - 158[0m
[0mGET / [32m200[0m 157.892 ms - 12872[0m
[0mGET /assets/css/home.css [33m404[0m 25.900 ms - 158[0m
[0mGET / [36m304[0m 67.362 ms - -[0m
[0mGET /assets/css/home.css [33m404[0m 34.540 ms - 158[0m
[0mGET / [36m304[0m 65.241 ms - -[0m
[0mGET /assets/css/home.css [33m404[0m 9.626 ms - 158[0m
[0mGET / [36m304[0m 59.051 ms - -[0m
[0mGET /assets/css/home.css [33m404[0m 12.139 ms - 158[0m
[0mGET / [36m304[0m 54.905 ms - -[0m
[0mGET /assets/css/home.css [33m404[0m 10.519 ms - 158[0m
[0mGET / [36m304[0m 60.077 ms - -[0m
[0mGET /assets/css/home.css [33m404[0m 10.774 ms - 158[0m
[0mGET / [32m200[0m 145.055 ms - 12872[0m
[0mGET /assets/css/home.css [33m404[0m 32.510 ms - 158[0m
[0mGET / [36m304[0m 64.774 ms - -[0m
[0mGET /assets/css/home.css [33m404[0m 17.081 ms - 158[0m
[0mGET / [36m304[0m 56.714 ms - -[0m
[0mGET /assets/css/home.css [33m404[0m 23.168 ms - 158[0m
[0mGET / [32m200[0m 140.485 ms - 12872[0m
[0mGET /assets/css/home.css [33m404[0m 39.279 ms - 158[0m
[0mGET / [32m200[0m 146.771 ms - 12872[0m
[0mGET /assets/css/home.css [33m404[0m 35.591 ms - 158[0m
[0mGET / [32m200[0m 99.728 ms - 12872[0m
[0mGET /assets/css/home.css [33m404[0m 29.059 ms - 158[0m
[0mGET / [32m200[0m 104.672 ms - 12872[0m
[0mGET /assets/css/home.css [33m404[0m 21.508 ms - 158[0m
[0mGET / [32m200[0m 133.276 ms - 12872[0m
[0mGET /assets/css/home.css [33m404[0m 35.404 ms - 158[0m
[0mGET / [32m200[0m 330.509 ms - 12872[0m
[0mGET /assets/css/home.css [33m404[0m 15.032 ms - 158[0m
[0mGET / [32m200[0m 145.620 ms - 12872[0m
[0mGET /assets/css/home.css [33m404[0m 34.849 ms - 158[0m
[0mGET / [36m304[0m 66.476 ms - -[0m
[0mGET /assets/css/home.css [33m404[0m 24.254 ms - 158[0m
[0mGET / [32m200[0m 139.963 ms - 12917[0m
[0mGET /assets/css/home.css [33m404[0m 23.218 ms - 158[0m
[0mGET / [32m200[0m 130.307 ms - 12917[0m
[0mGET /assets/css/home.css [33m404[0m 32.005 ms - 158[0m
[0mGET / [36m304[0m 64.719 ms - -[0m
[0mGET /assets/css/home.css [33m404[0m 22.421 ms - 158[0m
[0mGET / [32m200[0m 67.698 ms - 12927[0m
[0mGET /assets/css/home.css [33m404[0m 24.773 ms - 158[0m
[0mGET / [32m200[0m 186.558 ms - 12927[0m
[0mGET /assets/css/home.css [33m404[0m 25.016 ms - 158[0m
[0mGET / [32m200[0m 150.143 ms - 12927[0m
[0mGET /assets/css/home.css [33m404[0m 38.992 ms - 158[0m
[0mGET / [32m200[0m 100.100 ms - 12927[0m
[0mGET /assets/css/home.css [33m404[0m 12.465 ms - 158[0m
[0mGET / [32m200[0m 147.178 ms - 12927[0m
[0mGET /assets/css/home.css [33m404[0m 25.463 ms - 158[0m
[0mGET / [32m200[0m 98.871 ms - 12927[0m
[0mGET /assets/css/home.css [33m404[0m 19.825 ms - 158[0m
[0mGET / [32m200[0m 104.469 ms - 12927[0m
[0mGET /assets/css/home.css [33m404[0m 24.588 ms - 158[0m
[0mGET / [32m200[0m 174.183 ms - 12927[0m
[0mGET /assets/css/home.css [33m404[0m 22.999 ms - 158[0m
[0mGET / [32m200[0m 105.626 ms - 12927[0m
[0mGET /assets/css/home.css [33m404[0m 26.887 ms - 158[0m
[0mGET / [32m200[0m 113.248 ms - 12773[0m
[0mGET /undefined [33m404[0m 23.482 ms - 148[0m
[0mGET /assets/css/home.css [33m404[0m 41.747 ms - 158[0m
[0mGET / [32m200[0m 128.351 ms - 12927[0m
[0mGET /assets/css/home.css [33m404[0m 26.625 ms - 158[0m
[0mGET / [32m200[0m 114.721 ms - 12927[0m
[0mGET /assets/css/home.css [33m404[0m 25.626 ms - 158[0m
[0mGET / [32m200[0m 86.138 ms - 12927[0m
[0mGET /assets/css/home.css [33m404[0m 23.889 ms - 158[0m
[0mGET / [32m200[0m 153.257 ms - 12927[0m
[0mGET /assets/css/home.css [33m404[0m 22.218 ms - 158[0m
[0mGET / [36m304[0m 60.707 ms - -[0m
[0mGET /assets/css/home.css [33m404[0m 25.184 ms - 158[0m
[0mGET / [36m304[0m 69.816 ms - -[0m
[0mGET /assets/css/home.css [33m404[0m 26.893 ms - 158[0m
[0mGET / [32m200[0m 152.535 ms - 12927[0m
[0mGET /assets/css/home.css [33m404[0m 39.990 ms - 158[0m
[0mGET / [36m304[0m 67.553 ms - -[0m
[0mGET /assets/css/home.css [33m404[0m 27.711 ms - 158[0m
[0mGET / [32m200[0m 121.602 ms - 12927[0m
[0mGET /assets/css/home.css [33m404[0m 19.707 ms - 158[0m
[0mGET /users/sign-out [36m302[0m 25.033 ms - 72[0m
[0mGET /users/sign-in [32m200[0m 12.973 ms - 4282[0m
[0mGET /users/sign-up [32m200[0m 11.098 ms - 3282[0m
[0mPOST /users/create [36m302[0m 71.075 ms - 72[0m
[0mGET /users/sign-in [32m200[0m 9.264 ms - 4056[0m
[0mGET /users/sign-up [36m304[0m 8.848 ms - -[0m
[0mPOST /users/create [36m302[0m 24.751 ms - 72[0m
[0mGET /users/sign-in [36m304[0m 11.616 ms - -[0m
[0mPOST /users/create-session [36m302[0m 10.418 ms - 46[0m
[0mGET / [32m200[0m 47.757 ms - 13388[0m
[0mGET /assets/css/home.css [33m404[0m 16.473 ms - 158[0m
[0mGET /users/profile/62dc462c7357145ed81a8946 [32m200[0m 18.005 ms - 3491[0m
[0mPOST /users/togg-friend/?id=62dc462c7357145ed81a8946 [32m200[0m 62.779 ms - 21[0m
[0mGET / [32m200[0m 76.021 ms - 13492[0m
[0mGET /assets/css/home.css [33m404[0m 15.753 ms - 158[0m
[0mGET /users/profile/62dc466d7357145ed81a894a [32m200[0m 18.240 ms - 3476[0m
[0mPOST /users/togg-friend/?id=62dc466d7357145ed81a894a [32m200[0m 13.078 ms - 21[0m
[0mGET /assets/css/home.css [33m404[0m 9.712 ms - 158[0m
[0mGET / [32m200[0m 54.393 ms - 13817[0m
[0mGET /assets/css/home.css [33m404[0m 18.618 ms - 158[0m
[0mGET / [31m500[0m 53.950 ms - 2324[0m
[0mPOST /users/create-session [36m302[0m 14.568 ms - 46[0m
[0mGET / [31m500[0m 38.555 ms - 2307[0m
[0mGET / [31m500[0m 46.474 ms - 2307[0m
[0mGET / [31m500[0m 54.550 ms - 2311[0m
[0mGET / [31m500[0m 48.155 ms - 2311[0m
[0mGET / [31m500[0m 46.690 ms - 2314[0m
[0mGET / [31m500[0m 50.082 ms - 2314[0m
[0mGET / [32m200[0m 47.961 ms - 13889[0m
[0mGET /assets/css/home.css [33m404[0m 6.749 ms - 158[0m
[0mGET /assets/css/home.css [33m404[0m 6.574 ms - 158[0m
[0mGET /users/profile/62d9021e78d05364741d4502 [32m200[0m 12.364 ms - 3474[0m
[0mGET / [32m200[0m 97.935 ms - 13889[0m
[0mGET /assets/css/home.css [33m404[0m 22.442 ms - 158[0m
[0mGET / [32m200[0m 108.748 ms - 13889[0m
[0mGET /assets/css/home.css [33m404[0m 11.261 ms - 158[0m
[0mGET / [32m200[0m 112.781 ms - 13929[0m
[0mGET /assets/css/home.css [33m404[0m 24.450 ms - 158[0m
[0mGET /users/sign-out [36m302[0m 22.418 ms - 72[0m
[0mGET /users/sign-in [32m200[0m 12.237 ms - 4282[0m
[0mGET /users/sign-up [36m304[0m 12.966 ms - -[0m
[0mPOST /users/create [36m302[0m 45.015 ms - 72[0m
[0mGET /users/sign-in [32m200[0m 8.000 ms - 4056[0m
[0mGET /users/sign-up [36m304[0m 9.517 ms - -[0m
[0mPOST /users/create [36m302[0m 25.378 ms - 72[0m
[0mGET /users/sign-in [36m304[0m 7.070 ms - -[0m
[0mPOST /users/create-session [36m302[0m 11.013 ms - 46[0m
[0mGET / [32m200[0m 59.115 ms - 14380[0m
[0mGET /assets/css/home.css [33m404[0m 29.852 ms - 158[0m
[0mGET / [32m200[0m 107.168 ms - 14152[0m
[0mGET /assets/css/home.css [33m404[0m 12.800 ms - 158[0m
[0mGET / [32m200[0m 125.072 ms - 14152[0m
[0mGET /assets/css/home.css [33m404[0m 25.122 ms - 158[0m
[0mGET / [32m200[0m 175.709 ms - 14152[0m
[0mGET /assets/css/home.css [33m404[0m 40.264 ms - 158[0m
[0mGET / [32m200[0m 67.848 ms - 14176[0m
[0mGET /assets/css/home.css [33m404[0m 27.398 ms - 158[0m
[0mGET / [32m200[0m 77.043 ms - 14297[0m
[0mGET /assets/css/home.css [33m404[0m 8.816 ms - 158[0m
[0mGET / [31m500[0m 147.132 ms - 2753[0m
[0mPOST /users/create-session [36m302[0m 16.890 ms - 46[0m
[0mGET / [31m500[0m 44.033 ms - 2751[0m
[0mGET / [31m500[0m 63.692 ms - 2751[0m
[0mGET / [31m500[0m 52.029 ms - 2751[0m
[0mGET / [32m200[0m 51.516 ms - 14303[0m
[0mGET /assets/css/home.css [33m404[0m 10.941 ms - 158[0m
[0mGET /assets/css/home.css [33m404[0m 4.009 ms - 158[0m
[0mGET /users/profile/62d9021e78d05364741d4502 [36m304[0m 22.303 ms - -[0m
[0mGET /users/profile/62dc462c7357145ed81a8946 [36m304[0m 16.987 ms - -[0m
[0mGET /users/profile/62dc466d7357145ed81a894a [36m304[0m 16.520 ms - -[0m
[0mGET / [32m200[0m 62.184 ms - 14141[0m
[0mGET /assets/css/home.css [33m404[0m 13.447 ms - 158[0m
[0mGET / [32m200[0m 96.141 ms - 14157[0m
[0mGET /assets/css/home.css [33m404[0m 25.062 ms - 158[0m
[0mGET / [36m304[0m 77.639 ms - -[0m
[0mGET /assets/css/home.css [33m404[0m 20.645 ms - 158[0m
[0mGET / [32m200[0m 66.824 ms - 14161[0m
[0mGET /assets/css/home.css [33m404[0m 28.958 ms - 158[0m
[0mGET / [31m500[0m 106.397 ms - 2426[0m
[0mPOST /users/create-session [36m302[0m 65.534 ms - 46[0m
[0mGET / [32m200[0m 77.699 ms - 14389[0m
[0mGET /assets/css/home.css [33m404[0m 22.139 ms - 158[0m
[0mGET / [32m200[0m 127.483 ms - 14161[0m
[0mGET /assets/css/home.css [33m404[0m 38.237 ms - 158[0m
[0mGET / [36m304[0m 80.755 ms - -[0m
[0mGET /assets/css/home.css [33m404[0m 25.828 ms - 158[0m
[0mGET / [32m200[0m 129.666 ms - 14161[0m
[0mGET /assets/css/home.css [33m404[0m 28.774 ms - 158[0m
[0mGET / [32m200[0m 68.059 ms - 14179[0m
[0mGET /assets/css/home.css [33m404[0m 24.813 ms - 158[0m
[0mGET / [32m200[0m 54.486 ms - 14177[0m
[0mGET /assets/css/home.css [33m404[0m 14.293 ms - 158[0m
[0mGET / [31m500[0m 133.744 ms - 2230[0m
[0mGET / [32m200[0m 140.483 ms - 14213[0m
[0mGET /assets/css/home.css [33m404[0m 24.486 ms - 158[0m
[0mGET / [32m200[0m 148.884 ms - 14213[0m
[0mGET /assets/css/home.css [33m404[0m 30.308 ms - 158[0m
[0mGET / [31m500[0m 52.121 ms - 2230[0m
[0mPOST /users/create-session [36m302[0m 42.789 ms - 46[0m
[0mGET / [32m200[0m 80.864 ms - 14405[0m
[0mGET /assets/css/home.css [33m404[0m 10.823 ms - 158[0m
[0mGET /users/sign-out [36m302[0m 15.901 ms - 72[0m
[0mGET /users/sign-in [32m200[0m 8.841 ms - 4282[0m
[0mGET /users/sign-up [36m304[0m 10.390 ms - -[0m
[0mGET /users/sign-up [32m200[0m 32.716 ms - 3506[0m
[0mGET /users/sign-up [32m200[0m 22.632 ms - 3506[0m
[0mGET /users/sign-up [32m200[0m 47.204 ms - 3506[0m
[0mGET /users/sign-up [32m200[0m 22.732 ms - 3506[0m
[0mGET /users/sign-in [32m200[0m 15.642 ms - 4056[0m
[0mGET /users/sign-up [36m304[0m 11.059 ms - -[0m
[0mGET /users/sign-up [32m200[0m 11.398 ms - 3506[0m
[0mGET /users/sign-up [32m200[0m 12.376 ms - 3506[0m
[0mGET /users/sign-up [32m200[0m 22.135 ms - 3506[0m
[0mGET /users/sign-up [32m200[0m 16.935 ms - 3830[0m
[0mGET /users/sign-up [36m304[0m 13.460 ms - -[0m
[0mGET /users/sign-up [32m200[0m 12.205 ms - 3903[0m
[0mGET /users/sign-up [32m200[0m 14.566 ms - 3929[0m
[0mGET /users/sign-up [32m200[0m 31.950 ms - 3929[0m
[0mGET /users/sign-up [32m200[0m 32.777 ms - 3929[0m
[0mGET /users/sign-up [32m200[0m 35.418 ms - 3929[0m
[0mGET /users/sign-up [32m200[0m 21.773 ms - 3929[0m
[0mGET /users/sign-up [32m200[0m 30.549 ms - 3929[0m
[0mGET /users/sign-up [32m200[0m 21.930 ms - 3929[0m
[0mGET /users/sign-up [32m200[0m 22.281 ms - 3929[0m
[0mGET /users/sign-up [36m304[0m 14.431 ms - -[0m
[0mGET /users/sign-up [32m200[0m 21.791 ms - 3929[0m
[0mGET /users/sign-up [32m200[0m 34.723 ms - 3929[0m
[0mGET /users/sign-up [32m200[0m 44.289 ms - 3929[0m
[0mGET /users/sign-up [36m304[0m 14.979 ms - -[0m
[0mGET /users/sign-up [36m304[0m 10.608 ms - -[0m
[0mGET /users/sign-up [36m304[0m 10.743 ms - -[0m
[0mGET /users/sign-up [36m304[0m 10.180 ms - -[0m
[0mGET /users/sign-up [36m304[0m 10.053 ms - -[0m
[0mGET /users/sign-up [36m304[0m 11.884 ms - -[0m
[0mGET /users/sign-up [32m200[0m 34.387 ms - 3929[0m
[0mGET /users/sign-up [32m200[0m 36.984 ms - 3929[0m
[0mGET /users/sign-up [32m200[0m 32.141 ms - 3929[0m
[0mGET /users/sign-up [32m200[0m 37.572 ms - 3953[0m
[0mGET /users/sign-up [32m200[0m 19.063 ms - 4245[0m
[0mGET /users/sign-up [32m200[0m 22.198 ms - 4245[0m
[0mGET /users/sign-up [32m200[0m 26.288 ms - 4245[0m
[0mGET /users/sign-in [36m304[0m 15.984 ms - -[0m
[0mGET /users/sign-up [36m304[0m 10.894 ms - -[0m
[0mGET /users/sign-in [36m304[0m 13.870 ms - -[0m
[0mPOST /users/create-session [36m302[0m 30.433 ms - 46[0m
[0mGET / [36m304[0m 73.818 ms - -[0m
[0mGET /assets/css/home.css [33m404[0m 25.707 ms - 158[0m
[0mGET /users/profile/62d9021e78d05364741d4502 [36m304[0m 21.890 ms - -[0m
