[0mGET /users/sign-in [32m200[0m 52.798 ms - 3122[0m
[0mGET /users/sign-in [32m200[0m 17.982 ms - 3880[0m
[0mGET /users/sign-in [32m200[0m 9.632 ms - 3771[0m
[0mGET /users/sign-in [32m200[0m 15.386 ms - 4207[0m
[0mGET /users/sign-in [36m304[0m 11.436 ms - -[0m
[0mPOST /users/create-session [36m302[0m 344.703 ms - 46[0m
[0mGET / [32m200[0m 468.998 ms - 8667[0m
[0mGET /assets/css/home.css [33m404[0m 8.992 ms - 158[0m
[0mGET /users/sign-out [36m302[0m 23.125 ms - 72[0m
[0mGET /users/sign-in [32m200[0m 10.320 ms - 4505[0m
[0mGET /users/sign-in [32m200[0m 55.803 ms - 4207[0m
[0mGET /users/sign-in [32m200[0m 17.254 ms - 4322[0m
[0mPOST /users/create-session [36m302[0m 34.345 ms - 46[0m
[0mGET / [32m200[0m 78.855 ms - 8667[0m
[0mGET /assets/css/home.css [33m404[0m 16.321 ms - 158[0m
[0mGET /users/sign-in [36m302[0m 8.664 ms - 46[0m
[0mGET / [36m304[0m 45.422 ms - -[0m
[0mGET /assets/css/home.css [33m404[0m 12.994 ms - 158[0m
[0mGET /users/sign-out [36m302[0m 15.086 ms - 72[0m
[0mGET /users/sign-in [32m200[0m 10.034 ms - 4623[0m
[0mPOST /users/create-session [36m302[0m 11.194 ms - 46[0m
[0mGET / [32m200[0m 43.158 ms - 8967[0m
[0mGET /assets/css/home.css [33m404[0m 19.133 ms - 158[0m
[0mGET /users/sign-in [36m302[0m 8.847 ms - 46[0m
[0mGET / [32m200[0m 44.471 ms - 8667[0m
[0mGET /assets/css/home.css [33m404[0m 14.672 ms - 158[0m
[0mGET /users/sign-out [36m302[0m 15.674 ms - 72[0m
[0mGET /users/sign-in [32m200[0m 9.933 ms - 3422[0m
[0mGET /users/sign-in [32m200[0m 100.023 ms - 3124[0m
[0mGET /users/sign-in [32m200[0m 93.520 ms - 3124[0m
[0mGET /users/sign-in [32m200[0m 45.438 ms - 3027[0m
[0mGET /undefined [33m404[0m 7.874 ms - 148[0m
[0mGET /users/sign-in [32m200[0m 30.081 ms - 3124[0m
[0mGET /users/sign-in [32m200[0m 38.898 ms - 3124[0m
[0mGET /users/sign-in [32m200[0m 33.944 ms - 3124[0m
[0mGET /users/sign-in [32m200[0m 34.705 ms - 3124[0m
[0mGET /users/sign-in [32m200[0m 24.136 ms - 3124[0m
[0mGET /users/sign-in [32m200[0m 27.344 ms - 3124[0m
[0mGET /users/sign-in [32m200[0m 26.457 ms - 3124[0m
[0mGET /users/sign-in [32m200[0m 101.448 ms - 3124[0m
[0mGET /users/sign-in [32m200[0m 28.195 ms - 3124[0m
[0mGET /users/sign-in [32m200[0m 33.332 ms - 3043[0m
[0mGET /undefined [33m404[0m 8.829 ms - 148[0m
[0mGET /users/sign-in [36m304[0m 12.778 ms - -[0m
[0mGET /undefined [33m404[0m 4.527 ms - 148[0m
[0mGET /users/sign-in [36m304[0m 39.484 ms - -[0m
[0mGET /undefined [33m404[0m 9.844 ms - 148[0m
[0mGET /users/sign-in [36m304[0m 13.825 ms - -[0m
[0mGET /undefined [33m404[0m 6.434 ms - 148[0m
[0mGET /users/sign-in [32m200[0m 32.499 ms - 3140[0m
[0mGET /users/sign-in [32m200[0m 16.305 ms - 3154[0m
[0mGET /users/sign-in [32m200[0m 99.505 ms - 3154[0m
[0mGET /users/sign-in [32m200[0m 32.753 ms - 3057[0m
[0mGET /undefined [33m404[0m 8.321 ms - 148[0m
[0mGET /users/sign-in [32m200[0m 37.185 ms - 3154[0m
[0mGET /users/sign-in [32m200[0m 13.640 ms - 3168[0m
[0mGET /users/sign-in [32m200[0m 38.781 ms - 3168[0m
[0mGET /users/sign-in [32m200[0m 35.930 ms - 3168[0m
[0mGET /users/sign-in [32m200[0m 37.079 ms - 3168[0m
[0mGET /users/sign-in [32m200[0m 29.085 ms - 3171[0m
[0mGET /users/sign-in [32m200[0m 34.551 ms - 3171[0m
[0mGET /users/sign-in [32m200[0m 39.087 ms - 3181[0m
[0mGET /users/sign-in [36m304[0m 15.798 ms - -[0m
[0mGET /users/sign-in [32m200[0m 42.107 ms - 3181[0m
[0mGET /users/sign-in [32m200[0m 31.146 ms - 3181[0m
[0mGET /users/sign-in [32m200[0m 42.164 ms - 3181[0m
[0mGET /users/sign-in [32m200[0m 32.008 ms - 3181[0m
[0mGET /users/sign-in [32m200[0m 40.919 ms - 3181[0m
[0mGET /users/sign-in [32m200[0m 26.478 ms - 3181[0m
[0mGET /users/sign-in [32m200[0m 29.056 ms - 3084[0m
[0mGET /undefined [33m404[0m 6.107 ms - 148[0m
[0mGET /users/sign-in [32m200[0m 25.983 ms - 3181[0m
[0mGET /users/sign-in [32m200[0m 43.354 ms - 3181[0m
[0mGET /users/sign-in [32m200[0m 44.839 ms - 3181[0m
[0mGET /users/sign-in [32m200[0m 29.180 ms - 3181[0m
[0mGET /users/sign-in [32m200[0m 27.455 ms - 3084[0m
[0mGET /undefined [33m404[0m 8.151 ms - 148[0m
[0mGET /users/sign-in [32m200[0m 36.810 ms - 3181[0m
[0mGET /users/sign-in [32m200[0m 33.845 ms - 3084[0m
[0mGET /undefined [33m404[0m 6.760 ms - 148[0m
[0mGET /users/sign-in [32m200[0m 33.139 ms - 3181[0m
[0mGET /users/sign-in [32m200[0m 35.052 ms - 3181[0m
[0mGET /users/sign-in [32m200[0m 33.060 ms - 3084[0m
[0mGET /undefined [33m404[0m 7.598 ms - 148[0m
[0mGET /users/sign-in [32m200[0m 41.215 ms - 3181[0m
[0mPOST /users/create-session [36m302[0m 34.974 ms - 46[0m
[0mGET / [32m200[0m 68.876 ms - 8967[0m
[0mGET /assets/css/home.css [33m404[0m 24.436 ms - 158[0m
[0mPOST /users/create-session [36m302[0m 13.828 ms - 46[0m
[0mGET / [36m304[0m 40.912 ms - -[0m
[0mGET /assets/css/home.css [33m404[0m 9.852 ms - 158[0m
[0mGET /users/sign-in [36m302[0m 8.177 ms - 46[0m
[0mGET / [32m200[0m 51.742 ms - 8667[0m
[0mGET /assets/css/home.css [33m404[0m 16.391 ms - 158[0m
[0mGET /users/sign-out [36m302[0m 15.097 ms - 72[0m
[0mGET /users/sign-in [32m200[0m 16.157 ms - 3652[0m
[0mGET /users/sign-in [32m200[0m 10.140 ms - 3354[0m
[0mGET /users/sign-in [36m304[0m 10.541 ms - -[0m
[0mGET /users/sign-in [32m200[0m 36.508 ms - 3354[0m
[0mGET /users/sign-in [36m304[0m 13.730 ms - -[0m
[0mGET /users/sign-in [32m200[0m 29.095 ms - 3354[0m
[0mGET /users/sign-in [36m304[0m 13.172 ms - -[0m
[0mGET /users/sign-in [32m200[0m 28.546 ms - 3257[0m
[0mGET /undefined [33m404[0m 4.983 ms - 148[0m
[0mGET /users/sign-in [32m200[0m 34.467 ms - 3354[0m
[0mGET /users/sign-in [36m304[0m 17.655 ms - -[0m
[0mGET /users/sign-in [36m304[0m 9.907 ms - -[0m
[0mGET /users/sign-in [32m200[0m 32.823 ms - 3354[0m
[0mGET /users/sign-in [32m200[0m 39.849 ms - 3354[0m
[0mGET /users/sign-in [36m304[0m 14.252 ms - -[0m
[0mGET /users/sign-in [32m200[0m 41.559 ms - 3354[0m
[0mGET /users/sign-in [32m200[0m 14.521 ms - 3354[0m
[0mGET /users/sign-in [32m200[0m 173.474 ms - 3354[0m
[0mGET /users/sign-in [32m200[0m 15.193 ms - 3392[0m
[0mGET /users/sign-in [32m200[0m 24.336 ms - 3392[0m
[0mGET /users/sign-in [32m200[0m 15.517 ms - 3412[0m
[0mGET /users/auth/google [36m302[0m 98.040 ms - 0[0m
[0mGET /users/sign-in [32m200[0m 38.193 ms - 3392[0m
[0mGET /users/sign-in [32m200[0m 35.727 ms - 3392[0m
[0mGET /users/sign-in [32m200[0m 33.894 ms - 3392[0m
[0mGET /users/sign-in [32m200[0m 28.568 ms - 3392[0m
[0mGET /users/sign-in [32m200[0m 26.853 ms - 3392[0m
[0mGET /users/sign-in [32m200[0m 16.175 ms - 3390[0m
[0mGET /users/sign-in [32m200[0m 36.911 ms - 3390[0m
[0mGET /users/sign-in [32m200[0m 32.373 ms - 3390[0m
[0mGET /users/sign-in [32m200[0m 38.446 ms - 3293[0m
[0mGET /undefined [33m404[0m 10.980 ms - 148[0m
[0mGET /users/sign-in [32m200[0m 39.214 ms - 3390[0m
[0mGET /users/sign-in [32m200[0m 37.503 ms - 3390[0m
[0mGET /users/sign-in [32m200[0m 31.642 ms - 3390[0m
[0mGET /users/sign-in [32m200[0m 42.072 ms - 3390[0m
[0mGET /users/sign-in [32m200[0m 45.309 ms - 3390[0m
[0mGET /users/sign-in [32m200[0m 39.733 ms - 3390[0m
[0mGET /users/sign-in [36m304[0m 15.202 ms - -[0m
[0mPOST /users/create-session [36m302[0m 43.752 ms - 46[0m
[0mGET / [32m200[0m 87.335 ms - 8967[0m
[0mGET /assets/css/home.css [33m404[0m 20.521 ms - 158[0m
[0mGET /users/profile/62d6ce7e02775264b4d957f6 [32m200[0m 20.160 ms - 3039[0m
[0mGET /users/sign-in [36m302[0m 39.988 ms - 46[0m
[0mGET / [32m200[0m 93.072 ms - 8667[0m
[0mGET /assets/css/home.css [33m404[0m 30.478 ms - 158[0m
[0mGET /users/sign-out [36m302[0m 21.371 ms - 72[0m
[0mGET /users/sign-in [32m200[0m 10.797 ms - 3688[0m
[0mGET /users/sign-in [32m200[0m 36.044 ms - 3390[0m
[0mGET /users/sign-in [36m304[0m 14.258 ms - -[0m
[0mPOST /users/create-session [36m302[0m 36.723 ms - 46[0m
[0mGET / [32m200[0m 79.579 ms - 8967[0m
[0mGET /assets/css/home.css [33m404[0m 13.132 ms - 158[0m
[0mGET /users/sign-out [36m302[0m 15.796 ms - 72[0m
[0mGET /users/sign-in [32m200[0m 8.940 ms - 3688[0m
[0mGET /users/sign-in [32m200[0m 13.032 ms - 3390[0m
[0mPOST /users/create-session [36m302[0m 14.002 ms - 46[0m
[0mGET / [36m304[0m 51.449 ms - -[0m
[0mGET /assets/css/home.css [33m404[0m 13.904 ms - 158[0m
[0mGET /users/profile/62d6ce7e02775264b4d957f6 [32m200[0m 16.908 ms - 3039[0m
[0mGET /users/sign-up [36m302[0m 8.102 ms - 46[0m
[0mGET / [32m200[0m 41.936 ms - 8667[0m
[0mGET /assets/css/home.css [33m404[0m 13.507 ms - 158[0m
[0mGET /users/sign-up [36m302[0m 8.023 ms - 46[0m
[0mGET / [36m304[0m 42.282 ms - -[0m
[0mGET /assets/css/home.css [33m404[0m 21.549 ms - 158[0m
[0mGET /users/sign-out [36m302[0m 14.078 ms - 72[0m
[0mGET /users/sign-in [32m200[0m 7.199 ms - 3688[0m
[0mGET /users/sign-up [32m200[0m 11.726 ms - 2616[0m
[0mGET /users/sign-in [32m200[0m 10.828 ms - 3390[0m
[0mGET /users/sign-up [36m304[0m 11.896 ms - -[0m
[0mGET /users/sign-in [36m304[0m 10.995 ms - -[0m
[0mGET /users/sign-in [32m200[0m 39.315 ms - 3390[0m
[0mGET /users/sign-in [32m200[0m 39.151 ms - 3390[0m
[0mPOST /users/create-session [36m302[0m 35.576 ms - 46[0m
[0mGET / [32m200[0m 75.642 ms - 8967[0m
[0mGET /assets/css/home.css [33m404[0m 27.262 ms - 158[0m
[0mGET /users/profile/62d6ce7e02775264b4d957f6 [32m200[0m 27.507 ms - 3039[0m
[0mGET /users/profile/62d6ce7e02775264b4d957f6 [36m304[0m 16.083 ms - -[0m
[0mGET /users/sign-up [36m302[0m 10.045 ms - 46[0m
[0mGET / [32m200[0m 46.228 ms - 8667[0m
[0mGET /assets/css/home.css [33m404[0m 17.551 ms - 158[0m
[0mGET /users/sign-up [36m302[0m 10.592 ms - 46[0m
[0mGET / [36m304[0m 45.542 ms - -[0m
[0mGET /assets/css/home.css [33m404[0m 14.066 ms - 158[0m
[0mGET /users/sign-out [36m302[0m 14.191 ms - 72[0m
[0mGET /users/sign-in [32m200[0m 7.964 ms - 3688[0m
[0mGET /users/sign-up [32m200[0m 10.516 ms - 2616[0m
[0mGET /users/sign-in [32m200[0m 10.218 ms - 4068[0m
[0mGET /users/sign-in [36m304[0m 15.667 ms - -[0m
[0mGET /users/sign-in [32m200[0m 26.454 ms - 3971[0m
[0mGET /undefined [33m404[0m 6.614 ms - 148[0m
[0mGET /users/sign-in [32m200[0m 42.274 ms - 4068[0m
[0mGET /users/sign-in [36m304[0m 14.865 ms - -[0m
[0mPOST /users/create-session [36m302[0m 42.828 ms - 46[0m
[0mGET / [32m200[0m 70.661 ms - 9573[0m
[0mGET /assets/css/home.css [33m404[0m 17.901 ms - 158[0m
[0mGET /users/sign-in [36m302[0m 8.189 ms - 46[0m
[0mGET / [32m200[0m 54.658 ms - 9408[0m
[0mGET /assets/css/home.css [33m404[0m 23.871 ms - 158[0m
[0mGET / [32m200[0m 49.997 ms - 9345[0m
[0mGET /assets/css/home.css [33m404[0m 19.150 ms - 158[0m
[0mGET /users/sign-in [36m302[0m 8.398 ms - 46[0m
[0mGET / [36m304[0m 46.745 ms - -[0m
[0mGET /assets/css/home.css [33m404[0m 12.817 ms - 158[0m
[0mGET /users/sign-out [36m302[0m 14.469 ms - 72[0m
[0mGET /users/sign-in [32m200[0m 8.819 ms - 4294[0m
[0mGET /users/profile [33m404[0m 5.454 ms - 152[0m
[0mGET /users/sign-in [32m200[0m 13.174 ms - 3977[0m
[0mGET /users/sign-in [36m304[0m 13.355 ms - -[0m
[0mGET /users/sign-in [36m304[0m 9.202 ms - -[0m
[0mGET /users/sign-in [32m200[0m 8.562 ms - 3760[0m
[0mGET /users/sign-in [36m304[0m 11.869 ms - -[0m
[0mGET /users/sign-in [36m304[0m 8.887 ms - -[0m
[0mPOST /users/create-session [36m302[0m 10.675 ms - 46[0m
[0mGET / [32m200[0m 41.670 ms - 9265[0m
[0mGET /assets/css/home.css [33m404[0m 13.327 ms - 158[0m
[0mGET /users/profile/62d6cdd802775264b4d957f2 [32m200[0m 15.031 ms - 3192[0m
[0mGET /users/sign-in [36m302[0m 6.896 ms - 46[0m
[0mGET / [32m200[0m 52.084 ms - 9130[0m
[0mGET /assets/css/home.css [33m404[0m 16.704 ms - 158[0m
[0mGET /users/sign-out [36m302[0m 9.238 ms - 72[0m
[0mGET /users/sign-in [32m200[0m 7.785 ms - 4079[0m
[0mGET /users/sign-in [32m200[0m 11.408 ms - 3914[0m
[0mGET /users/sign-in [36m304[0m 10.011 ms - -[0m
[0mGET /users/sign-in [32m200[0m 33.699 ms - 3914[0m
[0mGET /users/sign-in [36m304[0m 13.179 ms - -[0m
[0mGET /users/sign-in [32m200[0m 41.604 ms - 3914[0m
[0mGET /users/sign-in [36m304[0m 14.578 ms - -[0m
[0mGET /users/sign-in [32m200[0m 35.113 ms - 3914[0m
[0mGET /users/sign-in [32m200[0m 37.552 ms - 3914[0m
[0mGET /users/sign-in [36m304[0m 14.280 ms - -[0m
[0mGET /users/sign-in [32m200[0m 25.440 ms - 3914[0m
[0mPOST /users/create-session [36m302[0m 35.621 ms - 46[0m
[0mGET / [32m200[0m 76.856 ms - 9419[0m
[0mGET /assets/css/home.css [33m404[0m 23.009 ms - 158[0m
[0mGET /users/profile/62d6cdd802775264b4d957f2 [32m200[0m 19.730 ms - 3346[0m
[0mGET /users/sign-out [36m302[0m 18.265 ms - 72[0m
[0mGET /users/sign-in [32m200[0m 9.436 ms - 4140[0m
[0mGET /users/sign-in [32m200[0m 11.093 ms - 3900[0m
[0mGET /users/sign-in [32m200[0m 11.419 ms - 3886[0m
[0mGET /users/sign-in [32m200[0m 12.730 ms - 3898[0m
[0mGET /users/sign-in [32m200[0m 12.013 ms - 3872[0m
[0mGET /users/sign-in [36m304[0m 9.408 ms - -[0m
[0mGET /users/sign-in [32m200[0m 14.606 ms - 3886[0m
[0mGET /users/sign-in [32m200[0m 10.358 ms - 3872[0m
[0mGET /users/sign-in [36m304[0m 10.440 ms - -[0m
[0mGET /users/sign-in [32m200[0m 40.399 ms - 3872[0m
[0mGET /users/sign-in [32m200[0m 14.772 ms - 3886[0m
[0mGET /users/sign-in [36m304[0m 12.551 ms - -[0m
[0mGET /users/sign-in [36m304[0m 12.182 ms - -[0m
[0mGET /users/sign-in [32m200[0m 13.099 ms - 3900[0m
[0mGET /users/sign-in [32m200[0m 10.600 ms - 3888[0m
[0mGET /users/sign-in [32m200[0m 27.636 ms - 3888[0m
[0mGET /users/sign-in [36m304[0m 12.176 ms - -[0m
[0mGET /users/sign-in [32m200[0m 44.764 ms - 3888[0m
[0mGET /users/sign-in [32m200[0m 18.542 ms - 3886[0m
[0mGET /users/sign-in [32m200[0m 15.640 ms - 3900[0m
[0mGET /users/sign-in [36m304[0m 33.282 ms - -[0m
[0mGET /users/sign-in [36m304[0m 15.226 ms - -[0m
[0mGET /users/sign-in [32m200[0m 39.858 ms - 3900[0m
[0mGET /users/sign-in [32m200[0m 14.693 ms - 3914[0m
[0mGET /users/sign-in [32m200[0m 39.430 ms - 3914[0m
[0mGET /users/sign-in [36m304[0m 14.707 ms - -[0m
[0mGET /users/sign-in [36m304[0m 11.501 ms - -[0m
[0mGET /users/sign-in [32m200[0m 40.546 ms - 3914[0m
[0mPOST /users/create-session [36m302[0m 35.106 ms - 46[0m
[0mGET / [32m200[0m 71.995 ms - 9419[0m
[0mGET /assets/css/home.css [33m404[0m 15.747 ms - 158[0m
[0mGET /users/profile/62d6cdd802775264b4d957f2 [32m200[0m 23.666 ms - 3346[0m
[0mGET /users/sign-in [36m302[0m 10.169 ms - 46[0m
[0mGET / [32m200[0m 52.294 ms - 9191[0m
[0mGET /assets/css/home.css [33m404[0m 13.501 ms - 158[0m
[0mGET /users/profile/62d6cdd802775264b4d957f2 [36m304[0m 18.544 ms - -[0m
[0mGET /users/sign-out [36m302[0m 12.033 ms - 72[0m
[0mGET /users/sign-in [32m200[0m 8.565 ms - 4140[0m
[0mGET /users/sign-in [32m200[0m 13.290 ms - 3914[0m
[0mGET /users/sign-up [32m200[0m 10.260 ms - 3140[0m
[0mGET /users/sign-in [36m304[0m 6.938 ms - -[0m
[0mGET /users/sign-in [36m304[0m 110.204 ms - -[0m
[0mGET /users/auth/google [36m302[0m 76.423 ms - 0[0m
[0mPOST /users/create-session [36m302[0m 85.391 ms - 46[0m
[0mGET / [32m200[0m 169.780 ms - 9419[0m
[0mGET /assets/css/home.css [33m404[0m 9.324 ms - 158[0m
[0mGET / [32m200[0m 53.858 ms - 9984[0m
[0mGET /assets/css/home.css [33m404[0m 22.512 ms - 158[0m
[0mGET /users/sign-out [36m302[0m 14.700 ms - 72[0m
[0mGET /users/sign-in [32m200[0m 11.868 ms - 4140[0m
[0mPOST /users/create-session [36m302[0m 10.358 ms - 46[0m
[0mGET / [32m200[0m 41.868 ms - 10212[0m
[0mGET /assets/css/home.css [33m404[0m 9.269 ms - 158[0m
[0mGET / [32m200[0m 58.418 ms - 9898[0m
[0mGET /assets/css/home.css [33m404[0m 9.673 ms - 158[0m
[0mGET / [32m200[0m 52.242 ms - 9787[0m
[0mGET /assets/css/home.css [33m404[0m 25.570 ms - 158[0m
[0mGET /users/sign-out [36m302[0m 12.313 ms - 72[0m
[0mGET /users/sign-in [36m304[0m 8.729 ms - -[0m
[0mPOST /users/create-session [36m302[0m 10.896 ms - 46[0m
[0mGET / [32m200[0m 39.705 ms - 10015[0m
[0mGET /assets/css/home.css [33m404[0m 10.839 ms - 158[0m
[0mGET / [32m200[0m 109.797 ms - 9787[0m
[0mGET /assets/css/home.css [33m404[0m 20.128 ms - 158[0m
[0mGET / [32m200[0m 146.662 ms - 9787[0m
[0mGET /assets/css/home.css [33m404[0m 35.270 ms - 158[0m
[0mGET / [32m200[0m 138.754 ms - 9787[0m
[0mGET /assets/css/home.css [33m404[0m 31.329 ms - 158[0m
[0mGET / [32m200[0m 125.654 ms - 9787[0m
[0mGET /assets/css/home.css [33m404[0m 31.161 ms - 158[0m
[0mGET / [32m200[0m 158.332 ms - 9787[0m
[0mGET /assets/css/home.css [33m404[0m 41.164 ms - 158[0m
[0mGET /users/sign-out [36m302[0m 30.172 ms - 72[0m
[0mGET /users/sign-in [36m304[0m 9.223 ms - -[0m
[0mGET /users/sign-in [32m200[0m 45.444 ms - 3914[0m
[0mGET /users/sign-in [32m200[0m 41.120 ms - 3914[0m
[0mGET /users/sign-in [32m200[0m 39.789 ms - 3914[0m
[0mPOST /users/create-session [36m302[0m 34.236 ms - 46[0m
[0mGET / [32m200[0m 65.655 ms - 10015[0m
[0mGET /assets/css/home.css [33m404[0m 17.757 ms - 158[0m
[0mGET / [32m200[0m 152.274 ms - 9787[0m
[0mGET /assets/css/home.css [33m404[0m 32.738 ms - 158[0m
[0mGET / [32m200[0m 149.718 ms - 9787[0m
[0mGET /assets/css/home.css [33m404[0m 33.814 ms - 158[0m
[0mGET / [36m304[0m 51.257 ms - -[0m
[0mGET /assets/css/home.css [33m404[0m 25.639 ms - 158[0m
[0mGET / [32m200[0m 139.963 ms - 9787[0m
[0mGET /assets/css/home.css [33m404[0m 29.264 ms - 158[0m
[0mGET /users/sign-out [36m302[0m 24.944 ms - 72[0m
[0mGET /users/sign-in [32m200[0m 10.771 ms - 4140[0m
[0mGET /users/sign-in [32m200[0m 10.617 ms - 3914[0m
[0mPOST /users/create-session [36m302[0m 11.046 ms - 46[0m
[0mGET / [32m200[0m 44.434 ms - 10015[0m
[0mGET /assets/css/home.css [33m404[0m 15.818 ms - 158[0m
[0mGET / [31m500[0m 212.854 ms - 2428[0m
[0mGET / [31m500[0m 117.089 ms - 2428[0m
[0mGET /users/sign-in [36m302[0m 13.659 ms - 46[0m
[0mGET / [31m500[0m 39.273 ms - 2428[0m
[0mGET / [32m200[0m 128.531 ms - 9785[0m
[0mGET /assets/css/home.css [33m404[0m 28.185 ms - 158[0m
[0mGET /assets/css/home.css [33m404[0m 7.852 ms - 158[0m
[0mGET / [32m200[0m 140.050 ms - 9785[0m
[0mGET /assets/css/home.css [33m404[0m 29.692 ms - 158[0m
[0mGET / [32m200[0m 63.763 ms - 9801[0m
[0mGET /assets/css/home.css [33m404[0m 20.155 ms - 158[0m
[0mGET / [32m200[0m 116.692 ms - 9801[0m
[0mGET /assets/css/home.css [33m404[0m 27.019 ms - 158[0m
[0mGET / [32m200[0m 136.805 ms - 9801[0m
[0mGET /assets/css/home.css [33m404[0m 30.650 ms - 158[0m
[0mGET / [32m200[0m 99.059 ms - 9801[0m
[0mGET /assets/css/home.css [33m404[0m 30.379 ms - 158[0m
[0mGET / [36m304[0m 72.931 ms - -[0m
[0mGET /assets/css/home.css [33m404[0m 19.939 ms - 158[0m
[0mGET / [32m200[0m 115.857 ms - 9801[0m
[0mGET /assets/css/home.css [33m404[0m 41.240 ms - 158[0m
[0mGET / [32m200[0m 115.023 ms - 9801[0m
[0mGET /assets/css/home.css [33m404[0m 24.673 ms - 158[0m
[0mGET / [32m200[0m 117.078 ms - 9801[0m
[0mGET /assets/css/home.css [33m404[0m 33.520 ms - 158[0m
[0mGET / [32m200[0m 151.082 ms - 9801[0m
[0mGET /assets/css/home.css [33m404[0m 19.705 ms - 158[0m
[0mGET / [32m200[0m 56.859 ms - 9797[0m
[0mGET /assets/css/home.css [33m404[0m 16.445 ms - 158[0m
[0mGET / [32m200[0m 133.420 ms - 9797[0m
[0mGET /assets/css/home.css [33m404[0m 28.898 ms - 158[0m
[0mGET / [32m200[0m 108.687 ms - 9797[0m
[0mGET /assets/css/home.css [33m404[0m 32.553 ms - 158[0m
[0mGET / [32m200[0m 112.155 ms - 9814[0m
[0mGET /assets/css/home.css [33m404[0m 39.832 ms - 158[0m
[0mGET / [36m304[0m 60.870 ms - -[0m
[0mGET /assets/css/home.css [33m404[0m 13.388 ms - 158[0m
[0mGET / [32m200[0m 126.807 ms - 9814[0m
[0mGET /assets/css/home.css [33m404[0m 29.548 ms - 158[0m
[0mGET / [36m304[0m 58.254 ms - -[0m
[0mGET /assets/css/home.css [33m404[0m 23.198 ms - 158[0m
[0mGET / [32m200[0m 133.536 ms - 9814[0m
[0mGET /assets/css/home.css [33m404[0m 42.055 ms - 158[0m
[0mGET / [36m304[0m 60.815 ms - -[0m
[0mGET /assets/css/home.css [33m404[0m 29.800 ms - 158[0m
[0mGET / [36m304[0m 55.889 ms - -[0m
[0mGET /assets/css/home.css [33m404[0m 11.940 ms - 158[0m
[0mGET / [32m200[0m 132.217 ms - 10042[0m
[0mGET /assets/css/home.css [33m404[0m 28.883 ms - 158[0m
[0mGET / [32m200[0m 139.984 ms - 10042[0m
[0mGET /assets/css/home.css [33m404[0m 43.492 ms - 158[0m
[0mGET / [32m200[0m 127.041 ms - 10042[0m
[0mGET /assets/css/home.css [33m404[0m 39.469 ms - 158[0m
[0mGET / [36m304[0m 63.632 ms - -[0m
[0mGET /assets/css/home.css [33m404[0m 28.514 ms - 158[0m
[0mGET / [32m200[0m 145.616 ms - 10042[0m
[0mGET /assets/css/home.css [33m404[0m 28.545 ms - 158[0m
[0mGET / [32m200[0m 73.604 ms - 10017[0m
[0mGET /assets/css/home.css [33m404[0m 25.026 ms - 158[0m
[0mGET / [36m304[0m 55.399 ms - -[0m
[0mGET /assets/css/home.css [33m404[0m 27.835 ms - 158[0m
[0mGET / [32m200[0m 130.873 ms - 10042[0m
[0mGET /assets/css/home.css [33m404[0m 21.347 ms - 158[0m
[0mGET / [32m200[0m 138.062 ms - 10042[0m
[0mGET /assets/css/home.css [33m404[0m 39.702 ms - 158[0m
[0mGET / [32m200[0m 129.698 ms - 10042[0m
[0mGET /assets/css/home.css [33m404[0m 33.387 ms - 158[0m
[0mGET / [32m200[0m 74.806 ms - 10056[0m
[0mGET /assets/css/home.css [33m404[0m 15.477 ms - 158[0m
[0mGET / [32m200[0m 111.629 ms - 10056[0m
[0mGET /assets/css/home.css [33m404[0m 16.801 ms - 158[0m
[0mGET / [32m200[0m 155.474 ms - 10056[0m
[0mGET /assets/css/home.css [33m404[0m 19.345 ms - 158[0m
[0mGET / [36m304[0m 62.270 ms - -[0m
[0mGET /assets/css/home.css [33m404[0m 27.615 ms - 158[0m
[0mGET / [32m200[0m 130.588 ms - 10056[0m
[0mGET /assets/css/home.css [33m404[0m 31.848 ms - 158[0m
[0mGET / [36m304[0m 62.644 ms - -[0m
[0mGET /assets/css/home.css [33m404[0m 34.024 ms - 158[0m
[0mGET / [32m200[0m 152.441 ms - 10056[0m
[0mGET /assets/css/home.css [33m404[0m 39.907 ms - 158[0m
[0mGET / [32m200[0m 136.264 ms - 10056[0m
[0mGET /assets/css/home.css [33m404[0m 11.922 ms - 158[0m
[0mGET / [32m200[0m 60.863 ms - 10056[0m
[0mGET /assets/css/home.css [33m404[0m 23.755 ms - 158[0m
[0mGET / [32m200[0m 127.797 ms - 10056[0m
[0mGET /assets/css/home.css [33m404[0m 33.798 ms - 158[0m
[0mGET / [32m200[0m 140.586 ms - 10056[0m
[0mGET /assets/css/home.css [33m404[0m 34.064 ms - 158[0m
[0mGET / [36m304[0m 79.804 ms - -[0m
[0mGET /assets/css/home.css [33m404[0m 27.725 ms - 158[0m
[0mGET / [32m200[0m 130.568 ms - 10056[0m
[0mGET /assets/css/home.css [33m404[0m 37.328 ms - 158[0m
[0mGET / [32m200[0m 63.694 ms - 10140[0m
[0mGET /assets/css/home.css [33m404[0m 18.811 ms - 158[0m
[0mGET /users/sign-in [32m200[0m 15.397 ms - 3914[0m
[0mGET /users/sign-out [36m302[0m 20.716 ms - 72[0m
[0mPOST /users/create-session [36m302[0m 21.269 ms - 46[0m
[0mGET / [32m200[0m 52.607 ms - 9998[0m
[0mGET /assets/css/home.css [33m404[0m 9.277 ms - 158[0m
[0mGET /users/sign-out [36m302[0m 15.191 ms - 72[0m
[0mGET /users/sign-in [32m200[0m 9.841 ms - 4140[0m
[0mPOST /users/create-session [36m302[0m 11.802 ms - 46[0m
[0mGET / [32m200[0m 46.225 ms - 10368[0m
[0mGET /assets/css/home.css [33m404[0m 11.862 ms - 158[0m
[0mGET / [32m200[0m 154.782 ms - 10140[0m
[0mGET /assets/css/home.css [33m404[0m 34.661 ms - 158[0m
[0mGET / [32m200[0m 127.037 ms - 10140[0m
[0mGET /assets/css/home.css [33m404[0m 44.686 ms - 158[0m
[0mGET / [32m200[0m 136.137 ms - 10000[0m
[0mGET /undefined [33m404[0m 37.600 ms - 148[0m
[0mGET /assets/css/home.css [33m404[0m 74.752 ms - 158[0m
[0mGET / [32m200[0m 137.691 ms - 10140[0m
[0mGET /assets/css/home.css [33m404[0m 28.421 ms - 158[0m
[0mGET / [32m200[0m 97.972 ms - 10140[0m
[0mGET /assets/css/home.css [33m404[0m 42.413 ms - 158[0m
[0mGET / [32m200[0m 153.291 ms - 10140[0m
[0mGET /assets/css/home.css [33m404[0m 33.039 ms - 158[0m
[0mGET / [32m200[0m 138.135 ms - 10140[0m
[0mGET /assets/css/home.css [33m404[0m 40.970 ms - 158[0m
[0mGET / [32m200[0m 111.063 ms - 10140[0m
[0mGET /assets/css/home.css [33m404[0m 29.521 ms - 158[0m
[0mGET / [32m200[0m 149.316 ms - 10140[0m
[0mGET /assets/css/home.css [33m404[0m 34.376 ms - 158[0m
[0mGET / [32m200[0m 140.025 ms - 10140[0m
[0mGET /assets/css/home.css [33m404[0m 39.432 ms - 158[0m
[0mGET / [36m304[0m 50.869 ms - -[0m
[0mGET /assets/css/home.css [33m404[0m 25.814 ms - 158[0m
[0mGET / [32m200[0m 131.881 ms - 10140[0m
[0mGET /assets/css/home.css [33m404[0m 33.536 ms - 158[0m
[0mGET / [36m304[0m 66.843 ms - -[0m
[0mGET /assets/css/home.css [33m404[0m 56.721 ms - 158[0m
[0mGET / [32m200[0m 152.236 ms - 10140[0m
[0mGET /assets/css/home.css [33m404[0m 32.246 ms - 158[0m
[0mGET / [32m200[0m 145.046 ms - 10140[0m
[0mGET /assets/css/home.css [33m404[0m 28.554 ms - 158[0m
[0mGET / [36m304[0m 52.904 ms - -[0m
[0mGET /assets/css/home.css [33m404[0m 30.945 ms - 158[0m
[0mGET / [36m304[0m 51.069 ms - -[0m
[0mGET /assets/css/home.css [33m404[0m 22.299 ms - 158[0m
[0mGET / [32m200[0m 140.119 ms - 10140[0m
[0mGET /assets/css/home.css [33m404[0m 43.167 ms - 158[0m
[0mGET / [36m304[0m 65.843 ms - -[0m
[0mGET /assets/css/home.css [33m404[0m 28.290 ms - 158[0m
[0mGET / [36m304[0m 47.767 ms - -[0m
[0mGET /assets/css/home.css [33m404[0m 25.371 ms - 158[0m
[0mGET / [36m304[0m 46.968 ms - -[0m
[0mGET /assets/css/home.css [33m404[0m 27.096 ms - 158[0m
[0mGET / [36m304[0m 42.076 ms - -[0m
[0mGET /assets/css/home.css [33m404[0m 10.115 ms - 158[0m
[0mGET / [36m304[0m 41.659 ms - -[0m
[0mGET /assets/css/home.css [33m404[0m 20.617 ms - 158[0m
[0mGET / [36m304[0m 49.071 ms - -[0m
[0mGET /assets/css/home.css [33m404[0m 19.822 ms - 158[0m
[0mGET / [32m200[0m 126.960 ms - 10140[0m
[0mGET /assets/css/home.css [33m404[0m 32.522 ms - 158[0m
[0mGET / [36m304[0m 65.713 ms - -[0m
[0mGET /assets/css/home.css [33m404[0m 33.419 ms - 158[0m
[0mGET / [32m200[0m 120.439 ms - 10140[0m
[0mGET /assets/css/home.css [33m404[0m 30.794 ms - 158[0m
[0mGET / [36m304[0m 51.232 ms - -[0m
[0mGET /assets/css/home.css [33m404[0m 10.775 ms - 158[0m
[0mGET / [36m304[0m 45.875 ms - -[0m
[0mGET /assets/css/home.css [33m404[0m 9.664 ms - 158[0m
[0mGET / [32m200[0m 129.629 ms - 10140[0m
[0mGET /assets/css/home.css [33m404[0m 30.362 ms - 158[0m
[0mGET / [36m304[0m 63.454 ms - -[0m
[0mGET /assets/css/home.css [33m404[0m 18.719 ms - 158[0m
[0mGET / [32m200[0m 135.412 ms - 10140[0m
[0mGET /assets/css/home.css [33m404[0m 29.266 ms - 158[0m
[0mGET / [36m304[0m 59.630 ms - -[0m
[0mGET /assets/css/home.css [33m404[0m 12.519 ms - 158[0m
[0mGET / [36m304[0m 56.273 ms - -[0m
[0mGET /assets/css/home.css [33m404[0m 11.178 ms - 158[0m
[0mGET / [32m200[0m 160.145 ms - 10140[0m
[0mGET /assets/css/home.css [33m404[0m 34.349 ms - 158[0m
[0mGET / [32m200[0m 127.773 ms - 10140[0m
[0mGET /assets/css/home.css [33m404[0m 31.182 ms - 158[0m
[0mGET / [36m304[0m 61.787 ms - -[0m
[0mGET /assets/css/home.css [33m404[0m 26.982 ms - 158[0m
[0mGET / [32m200[0m 136.399 ms - 10140[0m
[0mGET /assets/css/home.css [33m404[0m 33.036 ms - 158[0m
[0mGET / [32m200[0m 60.206 ms - 10140[0m
[0mGET /assets/css/home.css [33m404[0m 23.627 ms - 158[0m
[0mGET / [32m200[0m 169.623 ms - 10140[0m
[0mGET /assets/css/home.css [33m404[0m 26.217 ms - 158[0m
[0mGET / [32m200[0m 123.962 ms - 10140[0m
[0mGET /assets/css/home.css [33m404[0m 24.669 ms - 158[0m
[0mGET / [32m200[0m 147.579 ms - 10140[0m
[0mGET /assets/css/home.css [33m404[0m 28.762 ms - 158[0m
[0mGET /users/profile/62d6cdd802775264b4d957f2 [32m200[0m 19.071 ms - 3346[0m
[0mGET /users/profile/62d6ce7e02775264b4d957f6 [32m200[0m 20.864 ms - 3563[0m
[0mGET / [32m200[0m 67.545 ms - 10160[0m
[0mGET /assets/css/home.css [33m404[0m 23.996 ms - 158[0m
[0mGET / [32m200[0m 151.099 ms - 10160[0m
[0mGET /assets/css/home.css [33m404[0m 30.331 ms - 158[0m
[0mGET / [32m200[0m 160.262 ms - 10160[0m
[0mGET /assets/css/home.css [33m404[0m 32.580 ms - 158[0m
[0mGET / [32m200[0m 97.829 ms - 10160[0m
[0mGET /assets/css/home.css [33m404[0m 23.090 ms - 158[0m
[0mGET / [32m200[0m 126.482 ms - 10160[0m
[0mGET /assets/css/home.css [33m404[0m 32.051 ms - 158[0m
[0mGET / [36m304[0m 68.740 ms - -[0m
[0mGET /assets/css/home.css [33m404[0m 14.992 ms - 158[0m
[0mGET / [36m304[0m 46.276 ms - -[0m
[0mGET /assets/css/home.css [33m404[0m 27.039 ms - 158[0m
[0mGET / [36m304[0m 52.805 ms - -[0m
[0mGET /assets/css/home.css [33m404[0m 30.560 ms - 158[0m
[0mGET / [32m200[0m 129.224 ms - 10160[0m
[0mGET /assets/css/home.css [33m404[0m 31.847 ms - 158[0m
[0mGET / [36m304[0m 72.047 ms - -[0m
[0mGET /assets/css/home.css [33m404[0m 10.785 ms - 158[0m
[0mGET / [32m200[0m 139.483 ms - 10160[0m
[0mGET /assets/css/home.css [33m404[0m 41.442 ms - 158[0m
[0mGET / [32m200[0m 141.553 ms - 10160[0m
[0mGET /assets/css/home.css [33m404[0m 16.017 ms - 158[0m
[0mGET / [32m200[0m 94.667 ms - 10160[0m
[0mGET /assets/css/home.css [33m404[0m 27.667 ms - 158[0m
[0mGET / [36m304[0m 63.768 ms - -[0m
[0mGET /assets/css/home.css [33m404[0m 31.137 ms - 158[0m
[0mGET / [32m200[0m 165.518 ms - 10160[0m
[0mGET /assets/css/home.css [33m404[0m 27.380 ms - 158[0m
[0mGET / [32m200[0m 148.283 ms - 10160[0m
[0mGET /assets/css/home.css [33m404[0m 21.017 ms - 158[0m
[0mGET / [32m200[0m 107.050 ms - 10160[0m
[0mGET /assets/css/home.css [33m404[0m 28.518 ms - 158[0m
[0mGET / [32m200[0m 154.225 ms - 10160[0m
[0mGET /assets/css/home.css [33m404[0m 30.262 ms - 158[0m
[0mGET / [32m200[0m 146.969 ms - 10160[0m
[0mGET /assets/css/home.css [33m404[0m 52.067 ms - 158[0m
[0mGET / [32m200[0m 109.247 ms - 10160[0m
[0mGET /assets/css/home.css [33m404[0m 28.000 ms - 158[0m
[0mGET / [32m200[0m 170.245 ms - 10160[0m
[0mGET /assets/css/home.css [33m404[0m 31.979 ms - 158[0m
[0mGET / [36m304[0m 69.979 ms - -[0m
[0mGET /assets/css/home.css [33m404[0m 12.171 ms - 158[0m
[0mGET / [32m200[0m 107.839 ms - 10160[0m
[0mGET /assets/css/home.css [33m404[0m 27.636 ms - 158[0m
[0mGET / [36m304[0m 73.734 ms - -[0m
[0mGET /assets/css/home.css [33m404[0m 16.323 ms - 158[0m
[0mGET / [32m200[0m 165.507 ms - 10160[0m
[0mGET /assets/css/home.css [33m404[0m 24.828 ms - 158[0m
[0mGET / [32m200[0m 108.075 ms - 10160[0m
[0mGET /assets/css/home.css [33m404[0m 25.597 ms - 158[0m
[0mGET / [32m200[0m 119.662 ms - 10160[0m
[0mGET /assets/css/home.css [33m404[0m 38.018 ms - 158[0m
[0mGET / [32m200[0m 109.678 ms - 10160[0m
[0mGET /assets/css/home.css [33m404[0m 30.854 ms - 158[0m
[0mGET / [32m200[0m 100.424 ms - 10160[0m
[0mGET /assets/css/home.css [33m404[0m 22.535 ms - 158[0m
[0mGET / [36m304[0m 104.097 ms - -[0m
[0mGET /assets/css/home.css [33m404[0m 14.346 ms - 158[0m
[0mGET / [32m200[0m 140.887 ms - 10160[0m
[0mGET /assets/css/home.css [33m404[0m 27.780 ms - 158[0m
[0mGET / [32m200[0m 133.524 ms - 10160[0m
[0mGET /assets/css/home.css [33m404[0m 28.580 ms - 158[0m
[0mGET / [32m200[0m 104.435 ms - 10160[0m
[0mGET /assets/css/home.css [33m404[0m 33.365 ms - 158[0m
[0mGET / [32m200[0m 103.474 ms - 10160[0m
[0mGET /assets/css/home.css [33m404[0m 23.321 ms - 158[0m
[0mGET / [32m200[0m 130.083 ms - 10160[0m
[0mGET /assets/css/home.css [33m404[0m 41.585 ms - 158[0m
[0mGET / [32m200[0m 131.492 ms - 10160[0m
[0mGET /assets/css/home.css [33m404[0m 30.883 ms - 158[0m
[0mGET / [32m200[0m 171.722 ms - 10020[0m
[0mGET /undefined [33m404[0m 26.193 ms - 148[0m
[0mGET /assets/css/home.css [33m404[0m 30.274 ms - 158[0m
[0mGET / [32m200[0m 131.800 ms - 10160[0m
[0mGET /assets/css/home.css [33m404[0m 33.266 ms - 158[0m
[0mGET / [32m200[0m 145.440 ms - 10020[0m
[0mGET /undefined [33m404[0m 25.114 ms - 148[0m
[0mGET /assets/css/home.css [33m404[0m 33.921 ms - 158[0m
[0mGET / [32m200[0m 128.178 ms - 10160[0m
[0mGET /assets/css/home.css [33m404[0m 40.044 ms - 158[0m
[0mGET / [32m200[0m 121.551 ms - 10160[0m
[0mGET /assets/css/home.css [33m404[0m 34.127 ms - 158[0m
[0mGET / [32m200[0m 165.393 ms - 10225[0m
[0mGET /assets/css/home.css [33m404[0m 39.301 ms - 158[0m
[0mGET / [36m304[0m 63.033 ms - -[0m
[0mGET /assets/css/home.css [33m404[0m 15.993 ms - 158[0m
[0mGET / [32m200[0m 129.356 ms - 10230[0m
[0mGET /assets/css/home.css [33m404[0m 52.960 ms - 158[0m
[0mGET / [36m304[0m 63.195 ms - -[0m
[0mGET /assets/css/home.css [33m404[0m 27.105 ms - 158[0m
[0mGET / [32m200[0m 104.490 ms - 10235[0m
[0mGET /assets/css/home.css [33m404[0m 24.255 ms - 158[0m
[0mGET / [36m304[0m 51.561 ms - -[0m
[0mGET /assets/css/home.css [33m404[0m 21.499 ms - 158[0m
[0mGET / [36m304[0m 129.564 ms - -[0m
[0mGET /assets/css/home.css [33m404[0m 44.618 ms - 158[0m
[0mGET / [36m302[0m 21.388 ms - 72[0m
[0mGET /users/sign-in [32m200[0m 127.366 ms - 3914[0m
[0mPOST /users/create-session [36m302[0m 30.405 ms - 46[0m
[0mGET / [32m200[0m 81.425 ms - 10463[0m
[0mGET /assets/css/home.css [33m404[0m 27.616 ms - 158[0m
[0mPOST /posts/create [32m200[0m 296.027 ms - 339[0m
[0mGET / [32m200[0m 60.092 ms - 11922[0m
[0mGET /assets/css/home.css [33m404[0m 28.907 ms - 158[0m
[0mGET / [32m200[0m 152.333 ms - 11922[0m
[0mGET /assets/css/home.css [33m404[0m 33.995 ms - 158[0m
[0mGET /posts/destroy/62dc30ab5e1441471481ab1a [32m200[0m 334.368 ms - 72[0m
[0mPOST /likes/toggle/?id=62d94d6b19aaf48278dd57d2&type=Post [32m200[0m 75.470 ms - 57[0m
[0mGET / [32m200[0m 169.537 ms - 10235[0m
[0mGET /assets/css/home.css [33m404[0m 26.603 ms - 158[0m
[0mGET / [32m200[0m 56.252 ms - 10186[0m
[0mGET /assets/css/home.css [33m404[0m 11.037 ms - 158[0m
[0mGET /assets/css/home.css [33m404[0m 13.590 ms - 158[0m
[0mGET / [32m200[0m 117.738 ms - 10186[0m
[0mGET /assets/css/home.css [33m404[0m 22.965 ms - 158[0m
[0mGET / [32m200[0m 62.027 ms - 10662[0m
[0mGET /assets/css/home.css [33m404[0m 15.457 ms - 158[0m
[0mGET / [36m304[0m 129.040 ms - -[0m
[0mGET /assets/css/home.css [33m404[0m 16.129 ms - 158[0m
[0mGET / [32m200[0m 109.719 ms - 10804[0m
[0mGET /assets/css/home.css [33m404[0m 14.320 ms - 158[0m
[0mGET /assets/css/home.css [33m404[0m 11.690 ms - 158[0m
[0mGET / [36m304[0m 58.461 ms - -[0m
[0mGET /assets/css/home.css [33m404[0m 49.796 ms - 158[0m
[0mGET / [32m200[0m 54.828 ms - 10804[0m
[0mGET /assets/css/home.css [33m404[0m 18.338 ms - 158[0m
[0mGET / [36m304[0m 87.070 ms - -[0m
[0mGET /assets/css/home.css [33m404[0m 22.746 ms - 158[0m
[0mGET / [32m200[0m 152.104 ms - 10804[0m
[0mGET /assets/css/home.css [33m404[0m 36.457 ms - 158[0m
[0mPOST /likes/toggle/?id=62d93d398e72547d8804ca39&type=Post [32m200[0m 114.242 ms - 57[0m
[0mPOST /likes/toggle/?id=62d93d398e72547d8804ca39&type=Post [32m200[0m 80.227 ms - 56[0m
[0mPOST /likes/toggle/?id=62d93d398e72547d8804ca39&type=Post [32m200[0m 12.621 ms - 57[0m
[0mPOST /likes/toggle/?id=62d93d398e72547d8804ca39&type=Post [32m200[0m 30.521 ms - 56[0m
[0mPOST /likes/toggle/?id=62d94d6b19aaf48278dd57d2&type=Post [32m200[0m 15.482 ms - 56[0m
[0mPOST /likes/toggle/?id=62d94d6b19aaf48278dd57d2&type=Post [32m200[0m 14.515 ms - 57[0m
[0mPOST /likes/toggle/?id=62d94d6b19aaf48278dd57d2&type=Post [32m200[0m 12.394 ms - 56[0m
[0mGET / [32m200[0m 65.579 ms - 10804[0m
[0mGET /assets/css/home.css [33m404[0m 30.018 ms - 158[0m
[0mGET / [32m200[0m 59.752 ms - 10806[0m
[0mGET /assets/css/home.css [33m404[0m 9.993 ms - 158[0m
[0mGET / [36m304[0m 52.415 ms - -[0m
[0mGET /assets/css/home.css [33m404[0m 20.638 ms - 158[0m
[0mGET / [36m304[0m 44.627 ms - -[0m
[0mGET /assets/css/home.css [33m404[0m 14.766 ms - 158[0m
[0mGET / [36m304[0m 64.942 ms - -[0m
[0mGET /assets/css/home.css [33m404[0m 11.460 ms - 158[0m
[0mGET / [36m304[0m 43.209 ms - -[0m
[0mGET /assets/css/home.css [33m404[0m 18.360 ms - 158[0m
[0mGET / [32m200[0m 40.000 ms - 10806[0m
[0mGET /assets/css/home.css [33m404[0m 21.938 ms - 158[0m
[0mGET / [36m304[0m 53.591 ms - -[0m
[0mGET /assets/css/home.css [33m404[0m 19.614 ms - 158[0m
[0mGET / [32m200[0m 138.139 ms - 10806[0m
[0mGET /assets/css/home.css [33m404[0m 26.683 ms - 158[0m
[0mGET /users/profile/62d6ce7e02775264b4d957f6 [32m200[0m 18.851 ms - 3705[0m
[0mGET /users/profile/62d6cdd802775264b4d957f2 [32m200[0m 19.468 ms - 3488[0m
[0mGET / [32m200[0m 143.070 ms - 10806[0m
[0mGET /assets/css/home.css [33m404[0m 30.684 ms - 158[0m
[0mGET / [32m200[0m 131.081 ms - 10855[0m
[0mGET /assets/css/home.css [33m404[0m 28.337 ms - 158[0m
[0mGET / [32m200[0m 103.335 ms - 10855[0m
[0mGET /assets/css/home.css [33m404[0m 22.254 ms - 158[0m
[0mGET / [32m200[0m 107.019 ms - 10855[0m
[0mGET /assets/css/home.css [33m404[0m 38.152 ms - 158[0m
[0mGET / [32m200[0m 128.064 ms - 10855[0m
[0mGET /assets/css/home.css [33m404[0m 35.378 ms - 158[0m
[0mGET / [32m200[0m 100.780 ms - 10855[0m
[0mGET /assets/css/home.css [33m404[0m 26.189 ms - 158[0m
[0mGET / [32m200[0m 63.264 ms - 10785[0m
[0mGET /assets/css/home.css [33m404[0m 11.702 ms - 158[0m
[0mPOST /posts/create [32m200[0m 161.698 ms - 423[0m
[0mGET / [32m200[0m 51.764 ms - 12759[0m
[0mGET /assets/css/home.css [33m404[0m 11.104 ms - 158[0m
[0mGET / [32m200[0m 108.239 ms - 12759[0m
[0mGET /assets/css/home.css [33m404[0m 32.479 ms - 158[0m
[0mGET / [36m304[0m 63.022 ms - -[0m
[0mGET /assets/css/home.css [33m404[0m 28.096 ms - 158[0m
[0mGET / [32m200[0m 91.045 ms - 12759[0m
[0mGET /assets/css/home.css [33m404[0m 34.448 ms - 158[0m
[0mGET / [32m200[0m 125.511 ms - 12759[0m
[0mGET /assets/css/home.css [33m404[0m 30.341 ms - 158[0m
[0mGET / [36m304[0m 62.479 ms - -[0m
[0mGET /assets/css/home.css [33m404[0m 9.571 ms - 158[0m
[0mGET / [32m200[0m 110.237 ms - 12759[0m
[0mGET /assets/css/home.css [33m404[0m 24.729 ms - 158[0m
[0mGET / [36m304[0m 66.994 ms - -[0m
[0mGET /assets/css/home.css [33m404[0m 26.898 ms - 158[0m
[0mGET / [32m200[0m 141.122 ms - 12759[0m
[0mGET /assets/css/home.css [33m404[0m 23.457 ms - 158[0m
[0mGET / [32m200[0m 95.889 ms - 12759[0m
[0mGET /assets/css/home.css [33m404[0m 33.303 ms - 158[0m
[0mGET / [32m200[0m 101.678 ms - 12759[0m
[0mGET /assets/css/home.css [33m404[0m 17.021 ms - 158[0m
[0mGET / [32m200[0m 143.157 ms - 12759[0m
[0mGET /assets/css/home.css [33m404[0m 25.268 ms - 158[0m
[0mGET / [32m200[0m 103.803 ms - 12759[0m
[0mGET /assets/css/home.css [33m404[0m 17.552 ms - 158[0m
[0mGET / [32m200[0m 92.804 ms - 12759[0m
[0mGET /assets/css/home.css [33m404[0m 25.226 ms - 158[0m
[0mGET / [32m200[0m 118.995 ms - 12759[0m
[0mGET /assets/css/home.css [33m404[0m 23.863 ms - 158[0m
[0mGET / [32m200[0m 147.006 ms - 12810[0m
[0mGET /assets/css/home.css [33m404[0m 41.786 ms - 158[0m
[0mGET / [36m304[0m 68.136 ms - -[0m
[0mGET /assets/css/home.css [33m404[0m 17.909 ms - 158[0m
[0mGET / [32m200[0m 151.546 ms - 12810[0m
[0mGET /assets/css/home.css [33m404[0m 29.342 ms - 158[0m
[0mGET / [36m304[0m 62.760 ms - -[0m
[0mGET /assets/css/home.css [33m404[0m 18.662 ms - 158[0m
[0mGET / [32m200[0m 164.017 ms - 12810[0m
[0mGET /assets/css/home.css [33m404[0m 24.700 ms - 158[0m
[0mGET / [32m200[0m 147.073 ms - 12810[0m
[0mGET /assets/css/home.css [33m404[0m 29.699 ms - 158[0m
[0mGET / [32m200[0m 116.981 ms - 12810[0m
[0mGET /assets/css/home.css [33m404[0m 28.375 ms - 158[0m
[0mGET / [32m200[0m 140.981 ms - 12810[0m
[0mGET /assets/css/home.css [33m404[0m 19.399 ms - 158[0m
[0mGET / [32m200[0m 128.932 ms - 12810[0m
[0mGET /assets/css/home.css [33m404[0m 27.773 ms - 158[0m
[0mGET / [36m304[0m 59.330 ms - -[0m
[0mGET /assets/css/home.css [33m404[0m 26.907 ms - 158[0m
[0mGET / [32m200[0m 128.139 ms - 12810[0m
[0mGET /assets/css/home.css [33m404[0m 31.993 ms - 158[0m
[0mGET / [32m200[0m 147.008 ms - 12810[0m
[0mGET /assets/css/home.css [33m404[0m 35.447 ms - 158[0m
[0mGET / [32m200[0m 118.605 ms - 12810[0m
[0mGET /assets/css/home.css [33m404[0m 28.217 ms - 158[0m
[0mGET / [32m200[0m 54.837 ms - 12830[0m
[0mGET /assets/css/home.css [33m404[0m 28.954 ms - 158[0m
[0mGET / [32m200[0m 54.549 ms - 12838[0m
[0mGET /assets/css/home.css [33m404[0m 23.050 ms - 158[0m
[0mGET / [36m304[0m 53.366 ms - -[0m
[0mGET /assets/css/home.css [33m404[0m 21.359 ms - 158[0m
[0mGET / [32m200[0m 48.011 ms - 12830[0m
[0mGET /assets/css/home.css [33m404[0m 15.246 ms - 158[0m
[0mGET / [36m304[0m 48.056 ms - -[0m
[0mGET /assets/css/home.css [33m404[0m 12.591 ms - 158[0m
[0mGET / [32m200[0m 156.528 ms - 12830[0m
[0mGET /assets/css/home.css [33m404[0m 22.722 ms - 158[0m
[0mGET / [32m200[0m 142.633 ms - 12830[0m
[0mGET /assets/css/home.css [33m404[0m 25.909 ms - 158[0m
[0mGET / [32m200[0m 106.555 ms - 12830[0m
[0mGET /assets/css/home.css [33m404[0m 26.117 ms - 158[0m
[0mGET / [32m200[0m 110.289 ms - 12830[0m
[0mGET /assets/css/home.css [33m404[0m 20.582 ms - 158[0m
