[0mGET / [32m200[0m 238.052 ms - 26399[0m
[0mGET /assets/css/home.css [33m404[0m 23.525 ms - 158[0m
[0mGET / [36m304[0m 83.603 ms - -[0m
[0mGET /assets/css/home.css [33m404[0m 27.793 ms - 158[0m
[0mGET / [36m304[0m 89.262 ms - -[0m
[0mGET /assets/css/home.css [33m404[0m 11.785 ms - 158[0m
[0mGET / [32m200[0m 90.579 ms - 26224[0m
[0mGET /assets/css/home.css [33m404[0m 32.464 ms - 158[0m
[0mGET / [32m200[0m 177.752 ms - 25664[0m
[0mGET /assets/css/home.css [33m404[0m 4.815 ms - 158[0m
[0mGET / [32m200[0m 72.521 ms - 25699[0m
[0mGET /assets/css/home.css [33m404[0m 15.171 ms - 158[0m
[0mGET / [36m304[0m 77.941 ms - -[0m
[0mGET /assets/css/home.css [33m404[0m 11.415 ms - 158[0m
[0mGET / [32m200[0m 137.320 ms - 25679[0m
[0mGET /assets/css/home.css [33m404[0m 9.748 ms - 158[0m
[0mGET / [32m200[0m 139.487 ms - 25269[0m
[0mGET /assets/css/home.css [33m404[0m 15.608 ms - 158[0m
[0mGET / [36m304[0m 77.414 ms - -[0m
[0mGET /assets/css/home.css [33m404[0m 20.620 ms - 158[0m
[0mGET / [32m200[0m 69.912 ms - 25279[0m
[0mGET /assets/css/home.css [33m404[0m 14.899 ms - 158[0m
[0mGET / [36m304[0m 66.567 ms - -[0m
[0mGET /assets/css/home.css [33m404[0m 17.989 ms - 158[0m
[0mGET / [32m200[0m 140.192 ms - 25279[0m
[0mGET /assets/css/home.css [33m404[0m 33.108 ms - 158[0m
[0mGET / [36m304[0m 92.991 ms - -[0m
[0mGET /assets/css/home.css [33m404[0m 25.897 ms - 158[0m
[0mGET / [36m304[0m 100.942 ms - -[0m
[0mGET /assets/css/home.css [33m404[0m 16.581 ms - 158[0m
[0mGET / [32m200[0m 240.581 ms - 25279[0m
[0mGET /assets/css/home.css [33m404[0m 11.589 ms - 158[0m
[0mGET / [32m200[0m 141.071 ms - 25279[0m
[0mGET /assets/css/home.css [33m404[0m 33.095 ms - 158[0m
[0mGET / [36m304[0m 149.935 ms - -[0m
[0mGET /assets/css/home.css [33m404[0m 36.539 ms - 158[0m
[0mGET /users/profile/62dc462c7357145ed81a8946 [36m302[0m 6.390 ms - 72[0m
[0mGET /users/sign-in [32m200[0m 421.017 ms - 4056[0m
[0mPOST /users/create-session [36m302[0m 11.340 ms - 46[0m
[0mGET / [32m200[0m 328.780 ms - 25507[0m
[0mGET /assets/css/home.css [33m404[0m 4.786 ms - 158[0m
[0mGET /users/profile/62dc466d7357145ed81a894a [36m304[0m 136.486 ms - -[0m
[0mGET /users/sign-out [36m302[0m 11.888 ms - 72[0m
[0mGET /users/sign-in [32m200[0m 11.475 ms - 4282[0m
[0mGET /users/sign-out [36m302[0m 15.194 ms - 72[0m
[0mGET /users/sign-in [36m304[0m 10.177 ms - -[0m
[0mGET /users/auth/google [36m302[0m 34.037 ms - 0[0m
[0mGET /users/auth/google/callback?code=4%2F0AdQt8qhlJejuwSNTF1vl5kfx1qIUoVINvwcE593kuPmDKkTa1RGK8YsSQ2yJRehUmGTAHA&scope=email+profile+https%3A%2F%2Fwww.googleapis.com%2Fauth%2Fuserinfo.profile+https%3A%2F%2Fwww.googleapis.com%2Fauth%2Fuserinfo.email+openid&authuser=3&hd=thapar.edu&prompt=consent [36m302[0m 1596.605 ms - 46[0m
[0mGET / [36m304[0m 207.937 ms - -[0m
[0mGET /assets/css/home.css [33m404[0m 11.249 ms - 158[0m
[0mGET /assets/css/home.css [33m404[0m 5.168 ms - 158[0m
[0mGET / [36m302[0m 1.184 ms - 72[0m
[0mGET /users/sign-in [32m200[0m 7.070 ms - 4056[0m
[0mGET /favicon.ico [33m404[0m 3.386 ms - 150[0m
[0mGET /users/sign-in [36m302[0m 7.078 ms - 46[0m
[0mGET / [32m200[0m 109.217 ms - 25279[0m
[0mGET /assets/css/home.css [33m404[0m 8.231 ms - 158[0m
[0mGET /users/sign-out [36m302[0m 12.622 ms - 72[0m
[0mGET /users/sign-in [32m200[0m 9.836 ms - 4283[0m
[0mGET /users/sign-in [32m200[0m 11.038 ms - 4057[0m
[0mGET /users/sign-up [32m200[0m 74.183 ms - 4245[0m
[0mGET /users/sign-up [32m200[0m 9.760 ms - 4246[0m
[0mPOST /users/create-session [36m302[0m 14.181 ms - 46[0m
[0mGET / [32m200[0m 94.511 ms - 25507[0m
[0mGET /assets/css/home.css [33m404[0m 11.961 ms - 158[0m
[0mGET / [32m200[0m 78.763 ms - 25104[0m
[0mGET /assets/css/home.css [33m404[0m 9.410 ms - 158[0m
[0mGET / [36m302[0m 238.345 ms - 72[0m
[0mGET /users/sign-in [36m304[0m 407.397 ms - -[0m
[0mGET /users/sign-in [32m200[0m 19.720 ms - 3884[0m
[0mGET / [36m302[0m 23.095 ms - 72[0m
[0mGET /users/sign-in [36m304[0m 44.921 ms - -[0m
[0mGET /users/sign-in [36m304[0m 31.209 ms - -[0m
[0mGET /users/auth/google [36m302[0m 5.025 ms - 0[0m
[0mGET /users/sign-in [32m200[0m 25.942 ms - 3886[0m
[0mGET /users/sign-in [36m304[0m 20.155 ms - -[0m
[0mGET /users/sign-in [36m304[0m 37.604 ms - -[0m
[0mGET / [36m302[0m 19.613 ms - 72[0m
[0mGET /users/sign-in [36m304[0m 23.904 ms - -[0m
[0mGET /users/sign-in [36m304[0m 16.011 ms - -[0m
[0mPOST /users/create-session [36m302[0m 1654.302 ms - 72[0m
[0mPOST /users/create-session [36m302[0m 11.782 ms - 72[0m
[0mGET /users/sign-in [32m200[0m 11.865 ms - 4115[0m
[0mPOST /users/create-session [36m302[0m 14.362 ms - 72[0m
[0mGET /users/sign-in [36m304[0m 12.299 ms - -[0m
[0mPOST /users/create-session [36m302[0m 9.181 ms - 72[0m
[0mGET /users/sign-in [36m304[0m 9.958 ms - -[0m
[0mPOST /users/create-session [36m302[0m 13.552 ms - 72[0m
[0mGET /users/sign-in [36m304[0m 10.055 ms - -[0m
[0mGET /users/forget-password [32m200[0m 8.686 ms - 3008[0m
[0mGET /css/signup.css [33m404[0m 4.032 ms - 153[0m
[0mPOST /users/create-session [36m302[0m 9.215 ms - 72[0m
[0mGET /users/sign-in [36m304[0m 9.482 ms - -[0m
[0mGET /users/sign-up [32m200[0m 9.947 ms - 4075[0m
[0mPOST /users/create [36m302[0m 631.517 ms - 72[0m
[0mGET /users/sign-in [32m200[0m 12.567 ms - 3886[0m
[0mPOST /users/create-session [36m302[0m 92.837 ms - 46[0m
[0mGET / [32m200[0m 134.602 ms - 6624[0m
[0mGET /assets/css/home.css [33m404[0m 6.461 ms - 158[0m
[0mGET /users/sign-out [36m302[0m 8.992 ms - 72[0m
[0mGET /users/sign-in [32m200[0m 8.917 ms - 4112[0m
[0mGET /users/sign-up [36m304[0m 13.951 ms - -[0m
[0mPOST /users/create [36m302[0m 59.256 ms - 72[0m
[0mGET /users/sign-in [32m200[0m 12.598 ms - 3886[0m
[0mPOST /users/create-session [36m302[0m 13.210 ms - 46[0m
[0mGET / [32m200[0m 31.354 ms - 6920[0m
[0mGET /assets/css/home.css [33m404[0m 10.518 ms - 158[0m
[0mGET /users/sign-out [36m302[0m 14.357 ms - 72[0m
[0mGET /users/sign-in [32m200[0m 12.484 ms - 4112[0m
[0mGET /users/sign-up [36m304[0m 15.642 ms - -[0m
[0mPOST /users/create [36m302[0m 50.313 ms - 72[0m
[0mGET /users/sign-in [32m200[0m 10.810 ms - 3886[0m
[0mPOST /users/create-session [36m302[0m 12.351 ms - 46[0m
[0mGET / [32m200[0m 26.742 ms - 7210[0m
[0mGET /assets/css/home.css [33m404[0m 13.609 ms - 158[0m
[0mGET /users/sign-out [36m302[0m 14.741 ms - 72[0m
[0mGET /users/sign-in [32m200[0m 9.362 ms - 4112[0m
[0mGET /users/sign-up [36m304[0m 13.740 ms - -[0m
[0mPOST /users/create [36m302[0m 22.846 ms - 72[0m
[0mGET /users/sign-in [32m200[0m 11.995 ms - 3886[0m
[0mGET /users/auth/google [36m302[0m 4.025 ms - 0[0m
[0mGET /users/auth/google/callback?code=4%2F0AdQt8qh8CCfGMq3H5Tdl100CC-ZFJrUHfPTosFHq5SQf96Bru-whUn1PzskeBiiluEPhag&scope=email+profile+https%3A%2F%2Fwww.googleapis.com%2Fauth%2Fuserinfo.profile+https%3A%2F%2Fwww.googleapis.com%2Fauth%2Fuserinfo.email+openid&authuser=3&hd=thapar.edu&prompt=consent [36m302[0m 1494.202 ms - 46[0m
[0mGET / [32m200[0m 39.494 ms - 7495[0m
[0mGET /assets/css/home.css [33m404[0m 8.781 ms - 158[0m
[0mGET /assets/css/home.css [33m404[0m 10.001 ms - 158[0m
[0mGET /users/sign-out [36m302[0m 17.322 ms - 72[0m
[0mGET /users/sign-in [32m200[0m 9.499 ms - 4112[0m
[0mGET /users/sign-up [36m304[0m 46.996 ms - -[0m
[0mPOST /users/create [36m302[0m 56.601 ms - 72[0m
[0mGET /users/sign-in [32m200[0m 14.350 ms - 3886[0m
[0mPOST /users/create-session [36m302[0m 13.251 ms - 46[0m
[0mGET / [32m200[0m 65.540 ms - 7771[0m
[0mGET /assets/css/home.css [33m404[0m 8.810 ms - 158[0m
[0mGET /users/sign-out [36m302[0m 13.139 ms - 72[0m
[0mGET /users/sign-in [32m200[0m 9.733 ms - 4112[0m
[0mGET /users/sign-up [36m304[0m 13.657 ms - -[0m
[0mPOST /users/create [36m302[0m 55.280 ms - 72[0m
[0mGET /users/sign-in [32m200[0m 6.608 ms - 3886[0m
[0mPOST /users/create-session [36m302[0m 14.589 ms - 46[0m
[0mGET / [32m200[0m 31.156 ms - 8052[0m
[0mGET /assets/css/home.css [33m404[0m 9.957 ms - 158[0m
[0mGET /users/sign-out [36m302[0m 12.946 ms - 72[0m
[0mGET /users/sign-in [32m200[0m 9.484 ms - 4112[0m
[0mPOST /users/create-session [36m302[0m 10.173 ms - 72[0m
[0mGET /users/sign-in [32m200[0m 8.491 ms - 4115[0m
[0mPOST /users/create-session [36m302[0m 10.871 ms - 46[0m
[0mGET / [32m200[0m 26.884 ms - 8060[0m
[0mGET /assets/css/home.css [33m404[0m 13.045 ms - 158[0m
[0mGET /users/profile/62e3686aa56ba204382d12e3 [32m200[0m 36.705 ms - 3481[0m
[0mPOST /users/togg-friend/?id=62e3686aa56ba204382d12e3 [32m200[0m 136.306 ms - 21[0m
[0mGET /users/profile/62e368b3a56ba204382d12ee [32m200[0m 21.903 ms - 3481[0m
[0mPOST /users/togg-friend/?id=62e368b3a56ba204382d12ee [32m200[0m 63.325 ms - 21[0m
[0mGET /users/profile/62e368f4a56ba204382d12f9 [32m200[0m 21.295 ms - 3481[0m
[0mPOST /users/togg-friend/?id=62e368f4a56ba204382d12f9 [32m200[0m 13.654 ms - 21[0m
[0mGET /users/profile/62e36a94a56ba204382d1305 [32m200[0m 22.838 ms - 3454[0m
[0mPOST /users/togg-friend/?id=62e36a94a56ba204382d1305 [32m200[0m 12.131 ms - 21[0m
[0mGET /users/profile/62e36af8a56ba204382d1310 [32m200[0m 19.931 ms - 3451[0m
[0mPOST /users/togg-friend/?id=62e36af8a56ba204382d1310 [32m200[0m 12.452 ms - 21[0m
[0mGET / [32m200[0m 178.484 ms - 10526[0m
[0mGET /assets/css/home.css [33m404[0m 10.496 ms - 158[0m
[0mGET /users/sign-out [36m302[0m 33.223 ms - 72[0m
[0mGET /users/sign-in [32m200[0m 8.605 ms - 4112[0m
[0mGET /users/sign-in [32m200[0m 13.120 ms - 3886[0m
[0mGET /users/sign-up [36m304[0m 11.794 ms - -[0m
[0mPOST /users/create [36m302[0m 184.401 ms - 72[0m
[0mGET /users/sign-in [36m304[0m 6.728 ms - -[0m
[0mPOST /users/create-session [36m302[0m 12.989 ms - 46[0m
[0mGET / [32m200[0m 28.404 ms - 8342[0m
[0mGET /assets/css/home.css [33m404[0m 11.717 ms - 158[0m
[0mGET /users/sign-out [36m302[0m 14.284 ms - 72[0m
[0mGET /users/sign-in [32m200[0m 9.971 ms - 4112[0m
[0mPOST /users/create-session [36m302[0m 9.521 ms - 72[0m
[0mGET /users/sign-in [32m200[0m 11.126 ms - 4115[0m
[0mPOST /users/create-session [36m302[0m 18.162 ms - 46[0m
[0mGET / [32m200[0m 56.626 ms - 11039[0m
[0mGET /assets/css/home.css [33m404[0m 8.843 ms - 158[0m
[0mGET /users/profile/62e36813a56ba204382d12d8 [32m200[0m 18.117 ms - 4035[0m
[0mPOST /users/update/62e36813a56ba204382d12d8 [36m302[0m 36.125 ms - 164[0m
[0mGET /users/profile/62e36813a56ba204382d12d8 [36m304[0m 18.219 ms - -[0m
[0mGET /uploads/users/avatars/avatar-1659070483140 [33m404[0m 7.793 ms - 181[0m
[0mPOST /users/update/62e36813a56ba204382d12d8 [36m302[0m 14.658 ms - 164[0m
[0mGET /users/profile/62e36813a56ba204382d12d8 [32m200[0m 15.153 ms - 4035[0m
[0mPOST /users/update/62e36813a56ba204382d12d8 [36m302[0m 31.581 ms - 164[0m
[0mGET /users/profile/62e36813a56ba204382d12d8 [32m200[0m 16.382 ms - 4035[0m
[0mPOST /users/update/62e36813a56ba204382d12d8 [36m302[0m 17.664 ms - 164[0m
[0mGET /users/profile/62e36813a56ba204382d12d8 [32m200[0m 14.371 ms - 4035[0m
[0mPOST /users/update/62e36813a56ba204382d12d8 [36m302[0m 14.569 ms - 164[0m
[0mGET /users/profile/62e36813a56ba204382d12d8 [32m200[0m 14.589 ms - 4035[0m
[0mGET / [32m200[0m 57.364 ms - 10811[0m
[0mGET /assets/css/home.css [33m404[0m 8.215 ms - 158[0m
[0mGET /users/profile/62e36b76a56ba204382d134d [32m200[0m 14.061 ms - 3462[0m
[0mPOST /users/togg-friend/?id=62e36b76a56ba204382d134d [32m200[0m 15.474 ms - 21[0m
[0mGET / [32m200[0m 72.862 ms - 11302[0m
[0mGET /assets/css/home.css [33m404[0m 9.720 ms - 158[0m
[0mPOST /posts/create [32m200[0m 118.550 ms - 516[0m
[0mGET / [32m200[0m 197.522 ms - 13284[0m
[0mGET /assets/css/home.css [33m404[0m 8.202 ms - 158[0m
[0mPOST /posts/create [32m200[0m 77.037 ms - 462[0m
[0mGET / [32m200[0m 78.570 ms - 15212[0m
[0mGET /assets/css/home.css [33m404[0m 23.903 ms - 158[0m
[0mGET /posts/destroy/62e36e17a56ba204382d139e [36m302[0m 23.935 ms - 88[0m
[0mGET / [32m200[0m 67.251 ms - 13515[0m
[0mGET /assets/css/home.css [33m404[0m 12.652 ms - 158[0m
[0mPOST /posts/create [32m200[0m 23.092 ms - 477[0m
[0mGET / [32m200[0m 97.100 ms - 15227[0m
[0mGET /assets/css/home.css [33m404[0m 7.073 ms - 158[0m
[0mGET /users/profile/62e368b3a56ba204382d12ee [36m304[0m 19.289 ms - -[0m
[0mGET /users/sign-out [36m302[0m 14.100 ms - 72[0m
[0mGET /users/sign-in [32m200[0m 10.520 ms - 4112[0m
[0mPOST /users/create-session [36m302[0m 13.049 ms - 46[0m
[0mGET / [32m200[0m 46.178 ms - 11906[0m
[0mGET /assets/css/home.css [33m404[0m 11.347 ms - 158[0m
[0mPOST /comments/create [36m302[0m 207.487 ms - 46[0m
[0mGET / [32m200[0m 69.499 ms - 12981[0m
[0mGET /assets/css/home.css [33m404[0m 88.002 ms - 158[0m
[0mPOST /comments/create [36m302[0m 22.928 ms - 46[0m
[0mGET / [32m200[0m 56.723 ms - 14052[0m
[0mGET /assets/css/home.css [33m404[0m 13.942 ms - 158[0m
[0mGET / [32m200[0m 52.859 ms - 13819[0m
[0mGET /assets/css/home.css [33m404[0m 11.038 ms - 158[0m
[0mGET / [32m200[0m 110.749 ms - 13819[0m
[0mGET /assets/css/home.css [33m404[0m 15.528 ms - 158[0m
[0mGET / [32m200[0m 48.687 ms - 13799[0m
[0mGET /assets/css/home.css [33m404[0m 10.585 ms - 158[0m
[0mGET / [32m200[0m 53.216 ms - 13779[0m
[0mGET /assets/css/home.css [33m404[0m 10.810 ms - 158[0m
[0mGET / [32m200[0m 54.252 ms - 13771[0m
[0mGET /assets/css/home.css [33m404[0m 7.178 ms - 158[0m
[0mGET /users/sign-in [32m200[0m 8.734 ms - 3886[0m
[0mGET /users/sign-out [36m302[0m 13.320 ms - 72[0m
[0mPOST /users/create-session [36m302[0m 9.757 ms - 72[0m
[0mGET /users/sign-in [32m200[0m 8.483 ms - 4115[0m
[0mPOST /users/create-session [36m302[0m 7.070 ms - 46[0m
[0mGET / [32m200[0m 75.671 ms - 17548[0m
[0mGET /assets/css/home.css [33m404[0m 16.996 ms - 158[0m
[0mGET / [32m200[0m 132.956 ms - 17316[0m
[0mGET /assets/css/home.css [33m404[0m 8.974 ms - 158[0m
[0mGET /users/sign-out [36m302[0m 13.346 ms - 72[0m
[0mGET /users/sign-in [32m200[0m 6.738 ms - 4112[0m
[0mGET /users/sign-up [36m304[0m 12.504 ms - -[0m
[0mGET /users/sign-in [32m200[0m 13.793 ms - 3886[0m
[0mPOST /users/create-session [36m302[0m 12.442 ms - 46[0m
[0mGET / [32m200[0m 69.968 ms - 17544[0m
[0mGET /assets/css/home.css [33m404[0m 8.019 ms - 158[0m
[0mGET /users/profile/62e36813a56ba204382d12d8 [36m304[0m 22.448 ms - -[0m
